-1.6
-encoding
UTF-8
-showWeaveInfo
-classpath
/Users/shantanu/.m2/repository/antlr/antlr/2.7.6/antlr-2.7.6.jar:/Users/shantanu/.m2/repository/aopalliance/aopalliance/1.0/aopalliance-1.0.jar:/Users/shantanu/Documents/projects/analytics/lcs-scheduling-java/../lcs-scheduling-web/src/main/webapp/WEB-INF/lib/campusVueIntegrationServices.jar:/Users/shantanu/.m2/repository/cglib/cglib-nodep/2.1_3/cglib-nodep-2.1_3.jar:/Users/shantanu/.m2/repository/ch/qos/logback/logback-classic/1.0.13/logback-classic-1.0.13.jar:/Users/shantanu/.m2/repository/ch/qos/logback/logback-core/1.0.13/logback-core-1.0.13.jar:/Users/shantanu/.m2/repository/com/lowagie/itext/1.3/itext-1.3.jar:/Users/shantanu/.m2/repository/com/sun/xml/wss/xws-security/3.0/xws-security-3.0.jar:/Users/shantanu/.m2/repository/com/thoughtworks/xstream/xstream/1.4.4/xstream-1.4.4.jar:/Users/shantanu/.m2/repository/commons-beanutils/commons-beanutils/1.8.0/commons-beanutils-1.8.0.jar:/Users/shantanu/.m2/repository/commons-codec/commons-codec/1.6/commons-codec-1.6.jar:/Users/shantanu/.m2/repository/commons-collections/commons-collections/3.1/commons-collections-3.1.jar:/Users/shantanu/.m2/repository/commons-discovery/commons-discovery/0.4/commons-discovery-0.4.jar:/Users/shantanu/.m2/repository/commons-fileupload/commons-fileupload/1.2/commons-fileupload-1.2.jar:/Users/shantanu/.m2/repository/commons-io/commons-io/1.3.2/commons-io-1.3.2.jar:/Users/shantanu/.m2/repository/commons-lang/commons-lang/2.4/commons-lang-2.4.jar:/Users/shantanu/.m2/repository/commons-logging/commons-logging/1.1.1/commons-logging-1.1.1.jar:/Users/shantanu/.m2/repository/commons-net/commons-net/3.1/commons-net-3.1.jar:/Users/shantanu/.m2/repository/commons-pool/commons-pool/1.6/commons-pool-1.6.jar:/Users/shantanu/.m2/repository/displaytag/displaytag/1.2/displaytag-1.2.jar:/Users/shantanu/.m2/repository/dom4j/dom4j/1.6.1/dom4j-1.6.1.jar:/Users/shantanu/.m2/repository/javassist/javassist/3.4.GA/javassist-3.4.GA.jar:/Users/shantanu/.m2/repository/javax/activation/activation/1.1/activation-1.1.jar:/Users/shantanu/.m2/repository/javax/mail/mail/1.4/mail-1.4.jar:/Users/shantanu/.m2/repository/javax/servlet/servlet-api/2.5/servlet-api-2.5.jar:/Users/shantanu/.m2/repository/javax/transaction/jta/1.1/jta-1.1.jar:/Users/shantanu/.m2/repository/javax/xml/jaxrpc-api/1.1/jaxrpc-api-1.1.jar:/Users/shantanu/.m2/repository/javax/xml/bind/jaxb-api/2.0/jaxb-api-2.0.jar:/Users/shantanu/.m2/repository/javax/xml/bind/jsr173_api/1.0/jsr173_api-1.0.jar:/Users/shantanu/.m2/repository/javax/xml/crypto/xmldsig/1.0/xmldsig-1.0.jar:/Users/shantanu/.m2/repository/javax/xml/soap/saaj-api/1.3/saaj-api-1.3.jar:/Users/shantanu/.m2/repository/javax/xml/stream/stax-api/1.0-2/stax-api-1.0-2.jar:/Users/shantanu/.m2/repository/javax/xml/ws/jaxws-api/2.1/jaxws-api-2.1.jar:/Users/shantanu/.m2/repository/junit/junit/4.8.2/junit-4.8.2.jar:/Users/shantanu/.m2/repository/net/sf/ezmorph/ezmorph/1.0.6/ezmorph-1.0.6.jar:/Users/shantanu/.m2/repository/net/sf/flexjson/flexjson/2.0/flexjson-2.0.jar:/Users/shantanu/.m2/repository/net/sf/json-lib/json-lib/2.3/json-lib-2.3-jdk15.jar:/Users/shantanu/.m2/repository/net/sf/saxon/Saxon-HE/9.4/Saxon-HE-9.4.jar:/Users/shantanu/.m2/repository/net/sourceforge/jtds/jtds/1.2.2/jtds-1.2.2.jar:/Users/shantanu/.m2/repository/org/apache/activemq/activeio-core/3.1.4/activeio-core-3.1.4.jar:/Users/shantanu/.m2/repository/org/apache/activemq/activemq-core/5.7.0/activemq-core-5.7.0.jar:/Users/shantanu/.m2/repository/org/apache/activemq/activemq-pool/5.7.0/activemq-pool-5.7.0.jar:/Users/shantanu/.m2/repository/org/apache/activemq/kahadb/5.7.0/kahadb-5.7.0.jar:/Users/shantanu/.m2/repository/org/apache/activemq/protobuf/activemq-protobuf/1.1/activemq-protobuf-1.1.jar:/Users/shantanu/.m2/repository/org/apache/geronimo/specs/geronimo-j2ee-management_1.1_spec/1.0.1/geronimo-j2ee-management_1.1_spec-1.0.1.jar:/Users/shantanu/.m2/repository/org/apache/geronimo/specs/geronimo-jms_1.1_spec/1.1.1/geronimo-jms_1.1_spec-1.1.1.jar:/Users/shantanu/.m2/repository/org/apache/geronimo/specs/geronimo-jta_1.0.1B_spec/1.0.1/geronimo-jta_1.0.1B_spec-1.0.1.jar:/Users/shantanu/.m2/repository/org/apache/geronimo/specs/geronimo-stax-api_1.0_spec/1.0/geronimo-stax-api_1.0_spec-1.0.jar:/Users/shantanu/.m2/repository/org/apache/httpcomponents/httpclient/4.2/httpclient-4.2.jar:/Users/shantanu/.m2/repository/org/apache/httpcomponents/httpcore/4.2/httpcore-4.2.jar:/Users/shantanu/.m2/repository/org/apache/httpcomponents/httpmime/4.0.1/httpmime-4.0.1.jar:/Users/shantanu/.m2/repository/org/apache/james/apache-mime4j/0.6/apache-mime4j-0.6.jar:/Users/shantanu/.m2/repository/org/apache/poi/poi/3.7/poi-3.7.jar:/Users/shantanu/.m2/repository/org/apache/poi/poi-ooxml/3.7/poi-ooxml-3.7.jar:/Users/shantanu/.m2/repository/org/apache/poi/poi-ooxml-schemas/3.7/poi-ooxml-schemas-3.7.jar:/Users/shantanu/.m2/repository/org/apache/xbean/xbean-spring/3.7/xbean-spring-3.7.jar:/Users/shantanu/.m2/repository/org/apache/xmlbeans/xmlbeans/2.3.0/xmlbeans-2.3.0.jar:/Users/shantanu/.m2/repository/org/aspectj/aspectjrt/1.6.8/aspectjrt-1.6.8.jar:/Users/shantanu/.m2/repository/org/aspectj/aspectjtools/1.6.8/aspectjtools-1.6.8.jar:/Users/shantanu/.m2/repository/org/aspectj/aspectjweaver/1.7.1/aspectjweaver-1.7.1.jar:/Users/shantanu/.m2/repository/org/codehaus/jackson/jackson-core-asl/1.9.9/jackson-core-asl-1.9.9.jar:/Users/shantanu/.m2/repository/org/codehaus/jackson/jackson-mapper-asl/1.9.9/jackson-mapper-asl-1.9.9.jar:/Users/shantanu/.m2/repository/org/fusesource/hawtbuf/hawtbuf/1.9/hawtbuf-1.9.jar:/Users/shantanu/.m2/repository/org/fusesource/hawtdispatch/hawtdispatch/1.11/hawtdispatch-1.11.jar:/Users/shantanu/.m2/repository/org/fusesource/hawtdispatch/hawtdispatch-transport/1.11/hawtdispatch-transport-1.11.jar:/Users/shantanu/.m2/repository/org/fusesource/mqtt-client/mqtt-client/1.3/mqtt-client-1.3.jar:/Users/shantanu/.m2/repository/org/hibernate/hibernate-commons-annotations/3.2.0.Final/hibernate-commons-annotations-3.2.0.Final.jar:/Users/shantanu/.m2/repository/org/hibernate/hibernate-core/3.6.0.Final/hibernate-core-3.6.0.Final.jar:/Users/shantanu/.m2/repository/org/hibernate/javax/persistence/hibernate-jpa-2.0-api/1.0.0.Final/hibernate-jpa-2.0-api-1.0.0.Final.jar:/Users/shantanu/.m2/repository/org/jasypt/jasypt/1.7/jasypt-1.7.jar:/Users/shantanu/.m2/repository/org/jdom/jdom/1.1/jdom-1.1.jar:/Users/shantanu/.m2/repository/org/opensymphony/quartz/quartz/1.6.1/quartz-1.6.1.jar:/Users/shantanu/.m2/repository/org/perf4j/perf4j/0.9.16/perf4j-0.9.16.jar:/Users/shantanu/.m2/repository/org/slf4j/jcl-over-slf4j/1.7.5/jcl-over-slf4j-1.7.5.jar:/Users/shantanu/.m2/repository/org/slf4j/jul-to-slf4j/1.7.5/jul-to-slf4j-1.7.5.jar:/Users/shantanu/.m2/repository/org/slf4j/log4j-over-slf4j/1.7.5/log4j-over-slf4j-1.7.5.jar:/Users/shantanu/.m2/repository/org/slf4j/slf4j-api/1.6.6/slf4j-api-1.6.6.jar:/Users/shantanu/.m2/repository/org/springframework/spring-aop/3.2.1.RELEASE/spring-aop-3.2.1.RELEASE.jar:/Users/shantanu/.m2/repository/org/springframework/spring-aspects/3.2.1.RELEASE/spring-aspects-3.2.1.RELEASE.jar:/Users/shantanu/.m2/repository/org/springframework/spring-beans/3.2.1.RELEASE/spring-beans-3.2.1.RELEASE.jar:/Users/shantanu/.m2/repository/org/springframework/spring-context/3.2.1.RELEASE/spring-context-3.2.1.RELEASE.jar:/Users/shantanu/.m2/repository/org/springframework/spring-context-support/3.2.1.RELEASE/spring-context-support-3.2.1.RELEASE.jar:/Users/shantanu/.m2/repository/org/springframework/spring-core/3.2.1.RELEASE/spring-core-3.2.1.RELEASE.jar:/Users/shantanu/.m2/repository/org/springframework/spring-expression/3.2.1.RELEASE/spring-expression-3.2.1.RELEASE.jar:/Users/shantanu/.m2/repository/org/springframework/spring-jdbc/3.2.1.RELEASE/spring-jdbc-3.2.1.RELEASE.jar:/Users/shantanu/.m2/repository/org/springframework/spring-jms/3.2.1.RELEASE/spring-jms-3.2.1.RELEASE.jar:/Users/shantanu/.m2/repository/org/springframework/spring-orm/3.2.1.RELEASE/spring-orm-3.2.1.RELEASE.jar:/Users/shantanu/.m2/repository/org/springframework/spring-oxm/3.0.5.RELEASE/spring-oxm-3.0.5.RELEASE.jar:/Users/shantanu/.m2/repository/org/springframework/spring-test/3.2.1.RELEASE/spring-test-3.2.1.RELEASE.jar:/Users/shantanu/.m2/repository/org/springframework/spring-tx/3.2.1.RELEASE/spring-tx-3.2.1.RELEASE.jar:/Users/shantanu/.m2/repository/org/springframework/spring-web/3.2.1.RELEASE/spring-web-3.2.1.RELEASE.jar:/Users/shantanu/.m2/repository/org/springframework/spring-webmvc/3.2.1.RELEASE/spring-webmvc-3.2.1.RELEASE.jar:/Users/shantanu/.m2/repository/org/springframework/security/spring-security-core/3.0.8.RELEASE/spring-security-core-3.0.8.RELEASE.jar:/Users/shantanu/.m2/repository/org/springframework/security/spring-security-web/3.0.8.RELEASE/spring-security-web-3.0.8.RELEASE.jar:/Users/shantanu/.m2/repository/org/springframework/ws/spring-ws-core/2.0.0.RELEASE/spring-ws-core-2.0.0.RELEASE.jar:/Users/shantanu/.m2/repository/org/springframework/ws/spring-ws-security/2.0.0.RELEASE/spring-ws-security-2.0.0.RELEASE.jar:/Users/shantanu/.m2/repository/org/springframework/ws/spring-ws-support/2.0.0.RELEASE/spring-ws-support-2.0.0.RELEASE.jar:/Users/shantanu/.m2/repository/org/springframework/ws/spring-xml/2.0.0.RELEASE/spring-xml-2.0.0.RELEASE.jar:/Users/shantanu/.m2/repository/stax/stax-api/1.0.1/stax-api-1.0.1.jar:/Users/shantanu/.m2/repository/wsdl4j/wsdl4j/1.6.1/wsdl4j-1.6.1.jar:/Users/shantanu/.m2/repository/xalan/xalan/2.7.0/xalan-2.7.0.jar:/Users/shantanu/.m2/repository/xerces/xercesImpl/2.8.0/xercesImpl-2.8.0.jar:/Users/shantanu/.m2/repository/xml-apis/xml-apis/1.3.03/xml-apis-1.3.03.jar:/Users/shantanu/.m2/repository/xml-resolver/xml-resolver/1.2/xml-resolver-1.2.jar:/Users/shantanu/.m2/repository/xmlpull/xmlpull/1.1.3.1/xmlpull-1.1.3.1.jar:/Users/shantanu/.m2/repository/xom/xom/1.2.5/xom-1.2.5.jar:/Users/shantanu/.m2/repository/xpp3/xpp3_min/1.1.4c/xpp3_min-1.1.4c.jar:/Users/shantanu/Documents/projects/analytics/lcs-scheduling-java/target/classes
-aspectpath
/Users/shantanu/.m2/repository/org/springframework/spring-aspects/3.2.1.RELEASE/spring-aspects-3.2.1.RELEASE.jar
-d
/Users/shantanu/Documents/projects/analytics/lcs-scheduling-java/target/classes
/Users/shantanu/Documents/projects/analytics/lcs-scheduling-java/src/main/java/com/ss/institution/value/InstitutionAddress.java
/Users/shantanu/Documents/projects/analytics/lcs-scheduling-java/src/main/java/com/ss/course/value/CourseTranscript.java
/Users/shantanu/Documents/projects/analytics/lcs-scheduling-java/src/main/java/com/ss/user/security/SSUserDetailsServiceImpl.java
/Users/shantanu/Documents/projects/analytics/lcs-scheduling-java/src/main/java/com/ss/evaluation/controller/StudentLevelEvaluatorController.java
/Users/shantanu/Documents/projects/analytics/lcs-scheduling-java/src/main/java/com/ss/evaluation/value/TransferCourseGcuCourseCategoryMapping.java
/Users/shantanu/Documents/projects/analytics/lcs-scheduling-java/src/main/java/com/ss/common/value/BaseEntity.java
/Users/shantanu/Documents/projects/analytics/lcs-scheduling-java/src/main/java/com/ss/evaluation/value/StudentTranscriptCourse.java
/Users/shantanu/Documents/projects/analytics/lcs-scheduling-java/src/main/java/edu/gcu/campusvue/service/CVueServiceActivityLog.java
/Users/shantanu/Documents/projects/analytics/lcs-scheduling-java/src/main/java/edu/gcu/campusvue/service/CampusVueServiceException.java
/Users/shantanu/Documents/projects/analytics/lcs-scheduling-java/src/main/java/com/ss/course/service/CourseMgmtServiceImpl.java
/Users/shantanu/Documents/projects/analytics/lcs-scheduling-java/src/main/java/com/ss/user/value/User.java
/Users/shantanu/Documents/projects/analytics/lcs-scheduling-java/src/main/java/com/ss/institution/service/AccreditingBodyInstituteService.java
/Users/shantanu/Documents/projects/analytics/lcs-scheduling-java/src/main/java/com/ss/evaluation/controller/EvaluationController.java
/Users/shantanu/Documents/projects/analytics/lcs-scheduling-java/src/main/java/com/ss/evaluation/dto/SLETransferCreditSplit.java
/Users/shantanu/Documents/projects/analytics/lcs-scheduling-java/src/main/java/com/ss/institution/service/AccreditingBodyInstituteServiceImpl.java
/Users/shantanu/Documents/projects/analytics/lcs-scheduling-java/src/main/java/com/ss/evaluation/controller/IeManagerController.java
/Users/shantanu/Documents/projects/analytics/lcs-scheduling-java/src/main/java/com/ss/evaluation/service/model/StudentSearchResult.java
/Users/shantanu/Documents/projects/analytics/lcs-scheduling-java/src/main/java/com/ss/evaluation/service/EvaluationServiceImpl.java
/Users/shantanu/Documents/projects/analytics/lcs-scheduling-java/src/main/java/com/ss/evaluation/dto/Phone.java
/Users/shantanu/Documents/projects/analytics/lcs-scheduling-java/src/main/java/com/ss/evaluation/service/client/StudentSearchClient.java
/Users/shantanu/Documents/projects/analytics/lcs-scheduling-java/src/main/java/com/ss/evaluation/util/ServiceExceptionUtils.java
/Users/shantanu/Documents/projects/analytics/lcs-scheduling-java/src/main/java/com/ss/institution/service/InstitutionTermTypeServiceImpl.java
/Users/shantanu/Documents/projects/analytics/lcs-scheduling-java/src/main/java/com/ss/institution/service/InstitutionServiceImpl.java
/Users/shantanu/Documents/projects/analytics/lcs-scheduling-java/src/main/java/com/ss/evaluation/dao/StudentEvaluationDao.java
/Users/shantanu/Documents/projects/analytics/lcs-scheduling-java/src/main/java/com/ss/institution/dao/InstitutionTermTypeDaoImpl.java
/Users/shantanu/Documents/projects/analytics/lcs-scheduling-java/src/main/java/com/ss/evaluation/value/SleCollege.java
/Users/shantanu/Documents/projects/analytics/lcs-scheduling-java/src/main/java/edu/gcu/campusvue/service/ErrorType.java
/Users/shantanu/Documents/projects/analytics/lcs-scheduling-java/src/main/java/com/ss/evaluation/dto/StudentInstitutionTranscriptSummary.java
/Users/shantanu/Documents/projects/analytics/lcs-scheduling-java/src/main/java/com/ss/institution/value/Institution.java
/Users/shantanu/Documents/projects/analytics/lcs-scheduling-java/src/main/java/com/ss/institution/value/GcuCourseLevel.java
/Users/shantanu/Documents/projects/analytics/lcs-scheduling-java/src/main/java/com/ss/evaluation/dao/StudentEvaluationDaoImpl.java
/Users/shantanu/Documents/projects/analytics/lcs-scheduling-java/src/main/java/com/ss/evaluation/controller/QualityController.java
/Users/shantanu/Documents/projects/analytics/lcs-scheduling-java/src/main/java/com/ss/evaluation/service/TranscriptService.java
/Users/shantanu/Documents/projects/analytics/lcs-scheduling-java/src/main/java/com/ss/paging/helper/ExtendedPaginatedList.java
/Users/shantanu/Documents/projects/analytics/lcs-scheduling-java/src/main/java/com/ss/evaluation/dao/StudentDAOImpl.java
/Users/shantanu/Documents/projects/analytics/lcs-scheduling-java/src/main/java/com/ss/paging/helper/PaginatedListImpl.java
/Users/shantanu/Documents/projects/analytics/lcs-scheduling-java/src/main/java/com/ss/evaluation/dao/CourseIdCreditsMapDto.java
/Users/shantanu/Documents/projects/analytics/lcs-scheduling-java/src/main/java/com/ss/course/service/CourseMgmtService.java
/Users/shantanu/Documents/projects/analytics/lcs-scheduling-java/src/main/java/com/ss/course/value/GCUCourseCategory.java
/Users/shantanu/Documents/projects/analytics/lcs-scheduling-java/src/main/java/com/ss/evaluation/service/TransferCourseServiceImpl.java
/Users/shantanu/Documents/projects/analytics/lcs-scheduling-java/src/main/java/com/ss/messaging/AbstractTEAmessageCreator.java
/Users/shantanu/Documents/projects/analytics/lcs-scheduling-java/src/main/java/com/ss/common/util/SchedulingSystemConstants.java
/Users/shantanu/Documents/projects/analytics/lcs-scheduling-java/src/main/java/com/ss/institution/dao/InstitutionTranscriptKeyDao.java
/Users/shantanu/Documents/projects/analytics/lcs-scheduling-java/src/main/java/com/ss/messaging/JmsMessage.java
/Users/shantanu/Documents/projects/analytics/lcs-scheduling-java/src/main/java/com/ss/evaluation/value/TransferCourseGcuCourseMapping.java
/Users/shantanu/Documents/projects/analytics/lcs-scheduling-java/src/main/java/com/ss/institution/value/ArticulationAgreementDetails.java
/Users/shantanu/Documents/projects/analytics/lcs-scheduling-java/src/main/java/com/ss/common/util/CustomSpringBeanJobFactory.java
/Users/shantanu/Documents/projects/analytics/lcs-scheduling-java/src/main/java/com/ss/user/security/SSAuthenticationSuccessHandlerImpl.java
/Users/shantanu/Documents/projects/analytics/lcs-scheduling-java/src/main/java/com/ss/institution/dao/InstitutionTermTypeDao.java
/Users/shantanu/Documents/projects/analytics/lcs-scheduling-java/src/main/java/com/ss/evaluation/util/CreditSplitParserUtil.java
/Users/shantanu/Documents/projects/analytics/lcs-scheduling-java/src/main/java/com/ss/institution/dao/AccreditingBodyInstituteDao.java
/Users/shantanu/Documents/projects/analytics/lcs-scheduling-java/src/main/java/com/ss/common/util/UserUtil.java
/Users/shantanu/Documents/projects/analytics/lcs-scheduling-java/src/main/java/com/ss/evaluation/enums/TranscriptStatusEnum.java
/Users/shantanu/Documents/projects/analytics/lcs-scheduling-java/src/main/java/edu/gcu/campusvue/service/audit/AuditLogWriter.java
/Users/shantanu/Documents/projects/analytics/lcs-scheduling-java/src/main/java/com/ss/course/value/MilitarySubject.java
/Users/shantanu/Documents/projects/analytics/lcs-scheduling-java/src/main/java/com/ss/institution/service/InstitutionTermTypeService.java
/Users/shantanu/Documents/projects/analytics/lcs-scheduling-java/src/main/java/com/ss/institution/dao/InstitutionTranscriptKeyDaoImpl.java
/Users/shantanu/Documents/projects/analytics/lcs-scheduling-java/src/main/java/com/ss/evaluation/dao/StudentDAO.java
/Users/shantanu/Documents/projects/analytics/lcs-scheduling-java/src/main/java/com/ss/evaluation/value/TranscriptComments.java
/Users/shantanu/Documents/projects/analytics/lcs-scheduling-java/src/main/java/com/ss/evaluation/dao/TransferCourseMgmtDAO.java
/Users/shantanu/Documents/projects/analytics/lcs-scheduling-java/src/main/java/com/ss/evaluation/value/Country.java
/Users/shantanu/Documents/projects/analytics/lcs-scheduling-java/src/main/java/com/ss/course/value/CourseCategoryMapping.java
/Users/shantanu/Documents/projects/analytics/lcs-scheduling-java/src/main/java/com/ss/user/value/Role.java
/Users/shantanu/Documents/projects/analytics/lcs-scheduling-java/src/main/java/com/ss/institution/value/InstitutionTranscriptKeyGrade.java
/Users/shantanu/Documents/projects/analytics/lcs-scheduling-java/src/main/java/com/ss/common/util/FlexJsonConfig.java
/Users/shantanu/Documents/projects/analytics/lcs-scheduling-java/src/main/java/com/ss/messaging/processor/TCourseCounter.java
/Users/shantanu/Documents/projects/analytics/lcs-scheduling-java/src/main/java/com/ss/evaluation/service/TransferCourseService.java
/Users/shantanu/Documents/projects/analytics/lcs-scheduling-java/src/main/java/com/ss/institution/value/InstitutionTranscriptKeyDetails.java
/Users/shantanu/Documents/projects/analytics/lcs-scheduling-java/src/main/java/com/ss/course/value/CourseMappingDetail.java
/Users/shantanu/Documents/projects/analytics/lcs-scheduling-java/src/main/java/com/ss/evaluation/dto/StudentTransferCredits.java
/Users/shantanu/Documents/projects/analytics/lcs-scheduling-java/src/main/java/com/ss/common/util/EqualsUtil.java
/Users/shantanu/Documents/projects/analytics/lcs-scheduling-java/src/main/java/com/ss/institution/service/ArticulationAgreementService.java
/Users/shantanu/Documents/projects/analytics/lcs-scheduling-java/src/main/java/com/ss/evaluation/service/EvaluationJobServiceImpl.java
/Users/shantanu/Documents/projects/analytics/lcs-scheduling-java/src/main/java/com/ss/institution/dao/AccreditingBodyInstituteDaoImpl.java
/Users/shantanu/Documents/projects/analytics/lcs-scheduling-java/src/main/java/com/ss/evaluation/util/EvalutationJob.java
/Users/shantanu/Documents/projects/analytics/lcs-scheduling-java/src/main/java/com/ss/common/util/UserParser.java
/Users/shantanu/Documents/projects/analytics/lcs-scheduling-java/src/main/java/com/ss/user/service/UserService.java
/Users/shantanu/Documents/projects/analytics/lcs-scheduling-java/src/main/java/com/ss/institution/dao/InstitutionMirrorMgmtDaoImpl.java
/Users/shantanu/Documents/projects/analytics/lcs-scheduling-java/src/main/java/com/ss/institution/value/InstitutionTranscriptKey.java
/Users/shantanu/Documents/projects/analytics/lcs-scheduling-java/src/main/java/com/ss/course/dao/CourseMirrorMgmtDAOImpl.java
/Users/shantanu/Documents/projects/analytics/lcs-scheduling-java/src/main/java/com/ss/evaluation/dao/TranscriptMgmtDAOImpl.java
/Users/shantanu/Documents/projects/analytics/lcs-scheduling-java/src/main/java/com/ss/messaging/TransferCourseMessageCreator.java
/Users/shantanu/Documents/projects/analytics/lcs-scheduling-java/src/main/java/com/ss/evaluation/value/StudentProgramEvaluation.java
/Users/shantanu/Documents/projects/analytics/lcs-scheduling-java/src/main/java/com/ss/user/controller/LoginController.java
/Users/shantanu/Documents/projects/analytics/lcs-scheduling-java/src/main/java/com/ss/common/logging/RequestContext.java
/Users/shantanu/Documents/projects/analytics/lcs-scheduling-java/src/main/java/com/ss/user/service/RoleService.java
/Users/shantanu/Documents/projects/analytics/lcs-scheduling-java/src/main/java/com/ss/institution/dao/InstitutionMgmtDaoImpl.java
/Users/shantanu/Documents/projects/analytics/lcs-scheduling-java/src/main/java/com/ss/course/dao/CourseMirrorMgmtDAO.java
/Users/shantanu/Documents/projects/analytics/lcs-scheduling-java/src/main/java/com/ss/common/filter/RequestContextFilter.java
/Users/shantanu/Documents/projects/analytics/lcs-scheduling-java/src/main/java/com/ss/user/value/UserRolePK.java
/Users/shantanu/Documents/projects/analytics/lcs-scheduling-java/src/main/java/com/ss/evaluation/dto/Demographics.java
/Users/shantanu/Documents/projects/analytics/lcs-scheduling-java/src/main/java/com/ss/evaluation/enums/GCUCourseCategoryTCourseEnum.java
/Users/shantanu/Documents/projects/analytics/lcs-scheduling-java/src/main/java/com/ss/evaluation/dao/TranscriptCommentDAO.java
/Users/shantanu/Documents/projects/analytics/lcs-scheduling-java/src/main/java/com/ss/evaluation/service/client/ServiceResponseExtractor.java
/Users/shantanu/Documents/projects/analytics/lcs-scheduling-java/src/main/java/com/ss/course/dao/CourseMgmtDAO.java
/Users/shantanu/Documents/projects/analytics/lcs-scheduling-java/src/main/java/com/ss/messaging/processor/TransferCourseMessageProcessor.java
/Users/shantanu/Documents/projects/analytics/lcs-scheduling-java/src/main/java/com/ss/institution/dao/InstitutionMgmtDao.java
/Users/shantanu/Documents/projects/analytics/lcs-scheduling-java/src/main/java/com/ss/user/dao/UserDAOImpl.java
/Users/shantanu/Documents/projects/analytics/lcs-scheduling-java/src/main/java/edu/gcu/campusvue/service/interceptor/ClientLoggingInterceptor.java
/Users/shantanu/Documents/projects/analytics/lcs-scheduling-java/src/main/java/com/ss/evaluation/service/TranscriptCommentService.java
/Users/shantanu/Documents/projects/analytics/lcs-scheduling-java/src/main/java/com/ss/evaluation/service/TranscriptCommentServiceImpl.java
/Users/shantanu/Documents/projects/analytics/lcs-scheduling-java/src/main/java/com/ss/institution/service/ArticulationAgreementServiceImpl.java
/Users/shantanu/Documents/projects/analytics/lcs-scheduling-java/src/main/java/com/ss/institution/value/InstitutionTermType.java
/Users/shantanu/Documents/projects/analytics/lcs-scheduling-java/src/main/java/com/ss/evaluation/value/TranscriptCourseSubject.java
/Users/shantanu/Documents/projects/analytics/lcs-scheduling-java/src/main/java/edu/gcu/campusvue/service/audit/CvueServiceAuditDAO.java
/Users/shantanu/Documents/projects/analytics/lcs-scheduling-java/src/main/java/com/ss/course/value/GCUCourse.java
/Users/shantanu/Documents/projects/analytics/lcs-scheduling-java/src/main/java/com/ss/evaluation/service/StudentServiceImpl.java
/Users/shantanu/Documents/projects/analytics/lcs-scheduling-java/src/main/java/com/ss/messaging/service/JMSMessageSenderService.java
/Users/shantanu/Documents/projects/analytics/lcs-scheduling-java/src/main/java/com/ss/evaluation/controller/AdminController.java
/Users/shantanu/Documents/projects/analytics/lcs-scheduling-java/src/main/java/com/ss/user/service/UserServiceImpl.java
/Users/shantanu/Documents/projects/analytics/lcs-scheduling-java/src/main/java/com/ss/institution/value/TermType.java
/Users/shantanu/Documents/projects/analytics/lcs-scheduling-java/src/main/java/com/ss/evaluation/value/CollegeProgram.java
/Users/shantanu/Documents/projects/analytics/lcs-scheduling-java/src/main/java/com/ss/common/dao/interceptor/AuditInterceptor.java
/Users/shantanu/Documents/projects/analytics/lcs-scheduling-java/src/main/java/com/ss/evaluation/service/client/RestServiceErrorHandler.java
/Users/shantanu/Documents/projects/analytics/lcs-scheduling-java/src/main/java/com/ss/course/controller/CourseController.java
/Users/shantanu/Documents/projects/analytics/lcs-scheduling-java/src/main/java/edu/gcu/tevaluation/dao/CampusVueDAO.java
/Users/shantanu/Documents/projects/analytics/lcs-scheduling-java/src/main/java/com/ss/evaluation/service/StudentService.java
/Users/shantanu/Documents/projects/analytics/lcs-scheduling-java/src/main/java/com/ss/institution/service/InstitutionService.java
/Users/shantanu/Documents/projects/analytics/lcs-scheduling-java/src/main/java/com/ss/institution/value/InstitutionType.java
/Users/shantanu/Documents/projects/analytics/lcs-scheduling-java/src/main/java/com/ss/common/dao/BaseAbstractDAO.java
/Users/shantanu/Documents/projects/analytics/lcs-scheduling-java/src/main/java/com/ss/evaluation/service/client/ServiceHeaderRequestCallback.java
/Users/shantanu/Documents/projects/analytics/lcs-scheduling-java/src/main/java/com/ss/messaging/TranscriptCreditsMessageCreator.java
/Users/shantanu/Documents/projects/analytics/lcs-scheduling-java/src/main/java/com/ss/institution/value/TransferCourseInstitutionTranscriptKeyGradeAssoc.java
/Users/shantanu/Documents/projects/analytics/lcs-scheduling-java/src/main/java/com/ss/course/value/TransferCourseMirror.java
/Users/shantanu/Documents/projects/analytics/lcs-scheduling-java/src/main/java/com/ss/user/security/SSRequestParameterAuthenticationFilter.java
/Users/shantanu/Documents/projects/analytics/lcs-scheduling-java/src/main/java/com/ss/evaluation/dto/Address.java
/Users/shantanu/Documents/projects/analytics/lcs-scheduling-java/src/main/java/com/ss/user/service/RoleServiceImpl.java
/Users/shantanu/Documents/projects/analytics/lcs-scheduling-java/src/main/java/com/ss/institution/dao/ArticulationAgreementDaoImpl.java
/Users/shantanu/Documents/projects/analytics/lcs-scheduling-java/src/main/java/com/ss/common/logging/CvueServiceContext.java
/Users/shantanu/Documents/projects/analytics/lcs-scheduling-java/src/main/java/com/ss/evaluation/dao/TransferCourseMgmtDAOImpl.java
/Users/shantanu/Documents/projects/analytics/lcs-scheduling-java/src/main/java/com/ss/institution/value/InstitutionDegree.java
/Users/shantanu/Documents/projects/analytics/lcs-scheduling-java/src/main/java/com/ss/messaging/SendToCampusVueMessageListener.java
/Users/shantanu/Documents/projects/analytics/lcs-scheduling-java/src/main/java/com/ss/common/util/StudentProgramInfo.java
/Users/shantanu/Documents/projects/analytics/lcs-scheduling-java/src/main/java/com/ss/common/util/Constants.java
/Users/shantanu/Documents/projects/analytics/lcs-scheduling-java/src/main/java/com/ss/evaluation/service/EvaluationService.java
/Users/shantanu/Documents/projects/analytics/lcs-scheduling-java/src/main/java/com/ss/institution/value/InstitutionMirror.java
/Users/shantanu/Documents/projects/analytics/lcs-scheduling-java/src/main/java/com/ss/institution/value/AccreditingBodyInstitute.java
/Users/shantanu/Documents/projects/analytics/lcs-scheduling-java/src/main/java/com/ss/user/value/UserRole.java
/Users/shantanu/Documents/projects/analytics/lcs-scheduling-java/src/main/java/com/ss/evaluation/value/College.java
/Users/shantanu/Documents/projects/analytics/lcs-scheduling-java/src/main/java/com/ss/user/dao/UserDAO.java
/Users/shantanu/Documents/projects/analytics/lcs-scheduling-java/src/main/java/com/ss/evaluation/comparators/StudentInstitutionTranscriptDateComparator.java
/Users/shantanu/Documents/projects/analytics/lcs-scheduling-java/src/main/java/com/ss/course/value/GCUDegree.java
/Users/shantanu/Documents/projects/analytics/lcs-scheduling-java/src/main/java/com/ss/course/value/CourseMapping.java
/Users/shantanu/Documents/projects/analytics/lcs-scheduling-java/src/main/java/com/ss/evaluation/value/StudentInstitutionDegree.java
/Users/shantanu/Documents/projects/analytics/lcs-scheduling-java/src/main/java/com/ss/common/util/ObjectXMLConversion.java
/Users/shantanu/Documents/projects/analytics/lcs-scheduling-java/src/main/java/com/ss/institution/value/ArticulationAgreement.java
/Users/shantanu/Documents/projects/analytics/lcs-scheduling-java/src/main/java/com/ss/institution/dao/InstitutionMirrorMgmtDao.java
/Users/shantanu/Documents/projects/analytics/lcs-scheduling-java/src/main/java/com/ss/evaluation/value/Student.java
/Users/shantanu/Documents/projects/analytics/lcs-scheduling-java/src/main/java/com/ss/evaluation/value/ChartValueObject.java
/Users/shantanu/Documents/projects/analytics/lcs-scheduling-java/src/main/java/com/ss/user/controller/UserController.java
/Users/shantanu/Documents/projects/analytics/lcs-scheduling-java/src/main/java/com/ss/evaluation/service/model/StudentSearchResponse.java
/Users/shantanu/Documents/projects/analytics/lcs-scheduling-java/src/main/java/edu/gcu/campusvue/service/dto/TransferCreditsServiceDTO.java
/Users/shantanu/Documents/projects/analytics/lcs-scheduling-java/src/main/java/com/ss/messaging/processor/TranscriptCreditsMessageProcessor.java
/Users/shantanu/Documents/projects/analytics/lcs-scheduling-java/src/main/java/com/ss/institution/value/AccreditingBody.java
/Users/shantanu/Documents/projects/analytics/lcs-scheduling-java/src/main/java/com/ss/course/dao/CourseMgmtDaoImpl.java
/Users/shantanu/Documents/projects/analytics/lcs-scheduling-java/src/main/java/com/ss/paging/helper/PaginateListFactory.java
/Users/shantanu/Documents/projects/analytics/lcs-scheduling-java/src/main/java/com/ss/evaluation/dto/TranscriptTransferCreditsDTO.java
/Users/shantanu/Documents/projects/analytics/lcs-scheduling-java/src/main/java/com/ss/institution/service/InstitutionTranscriptKeyService.java
/Users/shantanu/Documents/projects/analytics/lcs-scheduling-java/src/main/java/com/ss/evaluation/dto/TrnscrptCrseSbjctIdCrdtsTrnsfrDto.java
/Users/shantanu/Documents/projects/analytics/lcs-scheduling-java/src/main/java/com/ss/evaluation/service/model/ProgramOfStudyResponse.java
/Users/shantanu/Documents/projects/analytics/lcs-scheduling-java/src/main/java/com/ss/user/security/SSDaoAuthenticationProvider.java
/Users/shantanu/Documents/projects/analytics/lcs-scheduling-java/src/main/java/com/ss/institution/service/InstitutionTranscriptKeyServiceImpl.java
/Users/shantanu/Documents/projects/analytics/lcs-scheduling-java/src/main/java/com/ss/common/util/FlexJsonView.java
/Users/shantanu/Documents/projects/analytics/lcs-scheduling-java/src/main/java/com/ss/institution/controller/InstitutionController.java
/Users/shantanu/Documents/projects/analytics/lcs-scheduling-java/src/main/java/com/ss/common/util/CustomUUIDGenerator.java
/Users/shantanu/Documents/projects/analytics/lcs-scheduling-java/src/main/java/com/ss/evaluation/dao/TranscriptMgmtDAO.java
/Users/shantanu/Documents/projects/analytics/lcs-scheduling-java/src/main/java/com/ss/evaluation/service/TranscriptServiceImpl.java
/Users/shantanu/Documents/projects/analytics/lcs-scheduling-java/src/main/java/com/ss/evaluation/value/StudentInstitutionTranscript.java
/Users/shantanu/Documents/projects/analytics/lcs-scheduling-java/src/main/java/com/ss/messaging/InstitutionMessageCreator.java
/Users/shantanu/Documents/projects/analytics/lcs-scheduling-java/src/main/java/com/ss/institution/value/InstitutionTranscript.java
/Users/shantanu/Documents/projects/analytics/lcs-scheduling-java/src/main/java/com/ss/evaluation/dao/TranscriptCommentDAOImpl.java
/Users/shantanu/Documents/projects/analytics/lcs-scheduling-java/src/main/java/com/ss/course/value/TransferCourse.java
/Users/shantanu/Documents/projects/analytics/lcs-scheduling-java/src/main/java/com/ss/evaluation/service/model/ProgramOfStudy.java
/Users/shantanu/Documents/projects/analytics/lcs-scheduling-java/src/main/java/com/ss/evaluation/service/StudentServiceException.java
/Users/shantanu/Documents/projects/analytics/lcs-scheduling-java/src/main/java/edu/gcu/campusvue/service/client/CampusVueServiceClient.java
/Users/shantanu/Documents/projects/analytics/lcs-scheduling-java/src/main/java/com/ss/evaluation/service/EvaluationJobService.java
/Users/shantanu/Documents/projects/analytics/lcs-scheduling-java/src/main/java/com/ss/institution/dao/ArticulationAgreementDao.java
/Users/shantanu/Documents/projects/analytics/lcs-scheduling-java/src/main/java/com/ss/messaging/processor/MessageProcessor.java
/Users/shantanu/Documents/projects/analytics/lcs-scheduling-java/src/main/java/com/ss/messaging/processor/InstitutionMessageProcessor.java
/Users/shantanu/Documents/projects/analytics/lcs-scheduling-java/src/main/java/com/ss/common/dao/BaseDAO.java
/Users/shantanu/Documents/projects/analytics/lcs-scheduling-java/src/main/java/edu/gcu/batch/gcucourse/GCUCourseLoadBatch.java
/Users/shantanu/Documents/projects/analytics/lcs-scheduling-java/src/main/java/com/ss/course/value/TransferCourseTitle.java
