 2013-07-28 22:16:40,426 INFO [main] o.s.b.f.x.XmlBeanDefinitionReader [XmlBeanDefinitionReader.java:315] Loading XML bean definitions from class path resource [applicationContext.xml]
 2013-07-28 22:16:40,973 INFO [main] o.s.b.f.x.XmlBeanDefinitionReader [XmlBeanDefinitionReader.java:315] Loading XML bean definitions from class path resource [applicationContext-test.xml]
 2013-07-28 22:16:40,993 INFO [main] o.s.c.s.GenericApplicationContext [AbstractApplicationContext.java:510] Refreshing org.springframework.context.support.GenericApplicationContext@3d860038: startup date [Sun Jul 28 22:16:40 MST 2013]; root of context hierarchy
 2013-07-28 22:16:41,284 INFO [main] o.j.s.p.EncryptablePropertyPlaceholderConfigurer [PropertiesLoaderSupport.java:172] Loading properties file from class path resource [application.properties]
 2013-07-28 22:16:41,285 INFO [main] o.j.s.p.EncryptablePropertyPlaceholderConfigurer [PropertiesLoaderSupport.java:172] Loading properties file from URL [file:${properties.filepath}]
 2013-07-28 22:16:41,285 WARN [main] o.j.s.p.EncryptablePropertyPlaceholderConfigurer [PropertiesLoaderSupport.java:181] Could not load properties from URL [file:${properties.filepath}]: ${properties.filepath} (No such file or directory)
 2013-07-28 22:16:41,318 INFO [main] o.s.b.f.s.DefaultListableBeanFactory [DefaultListableBeanFactory.java:596] Pre-instantiating singletons in org.springframework.beans.factory.support.DefaultListableBeanFactory@7f6b321b: defining beans [org.springframework.context.config.internalBeanConfigurerAspect,org.springframework.context.annotation.internalConfigurationAnnotationProcessor,org.springframework.context.annotation.internalAutowiredAnnotationProcessor,org.springframework.context.annotation.internalRequiredAnnotationProcessor,org.springframework.context.annotation.internalCommonAnnotationProcessor,org.springframework.context.annotation.internalPersistenceAnnotationProcessor,flexJsonView,userParser,courseController,courseMgmtDaoImpl,courseMirrorMgmtDAOImpl,courseMgmtServiceImpl,adminController,evaluationController,ieManagerController,qualityController,studentLevelEvaluatorController,studentDAO,studentEvaluationDaoImpl,transcriptCommentDAOImpl,transcriptMgmtDAOImpl,transferCourseMgmtDAOImpl,studentSearchClient,evaluationJobServiceImpl,evaluationServiceImpl,studentService,transcriptCommentServiceImpl,transcriptServiceImpl,transferCourseServiceImpl,institutionController,accreditingBodyInstituteDaoImpl,articulationAgreementDaoImpl,institutionMgmtDaoImpl,institutionMirrorMgmtDaoImpl,institutionTermTypeDaoImpl,institutionTranscriptKeyDaoImpl,accreditingBodyInstituteServiceImpl,articulationAgreementServiceImpl,institutionServiceImpl,institutionTermTypeServiceImpl,institutionTranscriptKeyServiceImpl,institutionMessageProcessor,transcriptCreditsMessageProcessor,transferCourseMessageProcessor,jmsMessageSenderService,loginController,userController,userDAO,roleService,userService,GCUCourseLoadBatch,campusVueServiceClient,campusVueDAO,environmentVariablesConfiguration,configurationEncryptor,propertyConfigurer,connectionString,cvueUserName,cvuePassword,authWSDLURL,registerWSDLURL,timeOutDelay,breakServiceWSDL,enrollmentServiceWSDL,crmServiceEndpoint,showHudsonBuildNumber,showProjectVersion,showSVNRevision,showBuildDate,sessionFactory,auditInterceptor,org.springframework.transaction.config.internalTransactionAspect,transactionManager,dataSource,campusVueDao,org.springframework.web.servlet.handler.SimpleMappingExceptionResolver#0,authenticationHandler,multipartResolver,restTemplate,messageFactory,webServiceTemplate,clientLoggingInterceptor,jaxb2Marshaller,defaultDataSource,jmsTemplate,jmsMQConnectionFactory,org.springframework.context.annotation.ConfigurationClassPostProcessor.importAwareProcessor]; root of factory hierarchy
 2013-07-28 22:16:41,411 INFO [main] o.s.j.d.DriverManagerDataSource [DriverManagerDataSource.java:153] Loaded JDBC driver: net.sourceforge.jtds.jdbc.Driver
 2013-07-28 22:16:41,528 INFO [main] o.h.a.c.Version [Version.java:37] Hibernate Commons Annotations 3.2.0.Final
 2013-07-28 22:16:41,534 INFO [main] o.h.c.Environment [Environment.java:593] Hibernate 3.6.0.Final
 2013-07-28 22:16:41,535 INFO [main] o.h.c.Environment [Environment.java:626] hibernate.properties not found
 2013-07-28 22:16:41,538 INFO [main] o.h.c.Environment [Environment.java:804] Bytecode provider name : javassist
 2013-07-28 22:16:41,543 INFO [main] o.h.c.Environment [Environment.java:685] using JDK 1.4 java.sql.Timestamp handling
 2013-07-28 22:16:41,755 INFO [main] o.h.c.AnnotationBinder [AnnotationBinder.java:532] Binding entity from annotated class: com.ss.course.value.CourseCategoryMapping
 2013-07-28 22:16:41,781 INFO [main] o.h.c.a.EntityBinder [EntityBinder.java:519] Bind entity com.ss.course.value.CourseCategoryMapping on table ss_tbl_transfer_course_gcu_coursecategory_mapping
 2013-07-28 22:16:41,837 INFO [main] o.h.c.AnnotationBinder [AnnotationBinder.java:532] Binding entity from annotated class: com.ss.course.value.CourseMapping
 2013-07-28 22:16:41,838 INFO [main] o.h.c.a.EntityBinder [EntityBinder.java:519] Bind entity com.ss.course.value.CourseMapping on table ss_tbl_transfer_course_gcucourse_mapping
 2013-07-28 22:16:41,842 INFO [main] o.h.c.AnnotationBinder [AnnotationBinder.java:532] Binding entity from annotated class: com.ss.course.value.CourseMappingDetail
 2013-07-28 22:16:41,842 INFO [main] o.h.c.a.EntityBinder [EntityBinder.java:519] Bind entity com.ss.course.value.CourseMappingDetail on table ss_tbl_transfer_course_gcucourse_mapping_detail
 2013-07-28 22:16:41,845 INFO [main] o.h.c.AnnotationBinder [AnnotationBinder.java:532] Binding entity from annotated class: com.ss.course.value.CourseTranscript
 2013-07-28 22:16:41,845 INFO [main] o.h.c.a.EntityBinder [EntityBinder.java:519] Bind entity com.ss.course.value.CourseTranscript on table ss_tbl_transfer_course_transcript
 2013-07-28 22:16:41,847 INFO [main] o.h.c.AnnotationBinder [AnnotationBinder.java:532] Binding entity from annotated class: com.ss.course.value.GCUCourse
 2013-07-28 22:16:41,847 INFO [main] o.h.c.a.EntityBinder [EntityBinder.java:519] Bind entity com.ss.course.value.GCUCourse on table ss_tbl_gcu_course_master
 2013-07-28 22:16:41,849 INFO [main] o.h.c.AnnotationBinder [AnnotationBinder.java:532] Binding entity from annotated class: com.ss.course.value.GCUCourseCategory
 2013-07-28 22:16:41,850 INFO [main] o.h.c.a.EntityBinder [EntityBinder.java:519] Bind entity com.ss.course.value.GCUCourseCategory on table ss_tbl_gcu_course_category_master
 2013-07-28 22:16:41,851 INFO [main] o.h.c.AnnotationBinder [AnnotationBinder.java:532] Binding entity from annotated class: com.ss.course.value.GCUDegree
 2013-07-28 22:16:41,851 INFO [main] o.h.c.a.EntityBinder [EntityBinder.java:519] Bind entity com.ss.course.value.GCUDegree on table ss_tbl_gcu_degree_master
 2013-07-28 22:16:41,852 INFO [main] o.h.c.AnnotationBinder [AnnotationBinder.java:532] Binding entity from annotated class: com.ss.course.value.MilitarySubject
 2013-07-28 22:16:41,853 INFO [main] o.h.c.a.EntityBinder [EntityBinder.java:519] Bind entity com.ss.course.value.MilitarySubject on table ss_tbl_military_subject
 2013-07-28 22:16:41,855 INFO [main] o.h.c.AnnotationBinder [AnnotationBinder.java:532] Binding entity from annotated class: com.ss.course.value.TransferCourse
 2013-07-28 22:16:41,855 INFO [main] o.h.c.a.EntityBinder [EntityBinder.java:519] Bind entity com.ss.course.value.TransferCourse on table ss_tbl_transfer_course
 2013-07-28 22:16:41,864 INFO [main] o.h.c.AnnotationBinder [AnnotationBinder.java:532] Binding entity from annotated class: com.ss.course.value.TransferCourseMirror
 2013-07-28 22:16:41,865 INFO [main] o.h.c.a.EntityBinder [EntityBinder.java:519] Bind entity com.ss.course.value.TransferCourseMirror on table ss_tbl_transfer_course_mirror
 2013-07-28 22:16:41,867 INFO [main] o.h.c.AnnotationBinder [AnnotationBinder.java:532] Binding entity from annotated class: com.ss.course.value.TransferCourseTitle
 2013-07-28 22:16:41,868 INFO [main] o.h.c.a.EntityBinder [EntityBinder.java:519] Bind entity com.ss.course.value.TransferCourseTitle on table ss_tbl_transfer_course_title_assoc
 2013-07-28 22:16:41,870 INFO [main] o.h.c.AnnotationBinder [AnnotationBinder.java:532] Binding entity from annotated class: com.ss.evaluation.value.College
 2013-07-28 22:16:41,871 INFO [main] o.h.c.a.EntityBinder [EntityBinder.java:519] Bind entity com.ss.evaluation.value.College on table ss_tbl_college_master
 2013-07-28 22:16:41,873 INFO [main] o.h.c.AnnotationBinder [AnnotationBinder.java:532] Binding entity from annotated class: com.ss.evaluation.value.CollegeProgram
 2013-07-28 22:16:41,874 INFO [main] o.h.c.a.EntityBinder [EntityBinder.java:519] Bind entity com.ss.evaluation.value.CollegeProgram on table ss_tbl_college_program
 2013-07-28 22:16:41,877 INFO [main] o.h.c.AnnotationBinder [AnnotationBinder.java:532] Binding entity from annotated class: com.ss.evaluation.value.Country
 2013-07-28 22:16:41,877 INFO [main] o.h.c.a.EntityBinder [EntityBinder.java:519] Bind entity com.ss.evaluation.value.Country on table ss_tbl_country_master
 2013-07-28 22:16:41,879 INFO [main] o.h.c.AnnotationBinder [AnnotationBinder.java:532] Binding entity from annotated class: com.ss.evaluation.value.SleCollege
 2013-07-28 22:16:41,879 INFO [main] o.h.c.a.EntityBinder [EntityBinder.java:519] Bind entity com.ss.evaluation.value.SleCollege on table ss_tbl_sle_college
 2013-07-28 22:16:41,882 INFO [main] o.h.c.AnnotationBinder [AnnotationBinder.java:532] Binding entity from annotated class: com.ss.evaluation.value.Student
 2013-07-28 22:16:41,883 INFO [main] o.h.c.a.EntityBinder [EntityBinder.java:519] Bind entity com.ss.evaluation.value.Student on table ss_tbl_student
 2013-07-28 22:16:41,889 INFO [main] o.h.c.AnnotationBinder [AnnotationBinder.java:532] Binding entity from annotated class: com.ss.evaluation.value.StudentInstitutionDegree
 2013-07-28 22:16:41,889 INFO [main] o.h.c.a.EntityBinder [EntityBinder.java:519] Bind entity com.ss.evaluation.value.StudentInstitutionDegree on table ss_tbl_student_institution_degree
 2013-07-28 22:16:41,892 INFO [main] o.h.c.AnnotationBinder [AnnotationBinder.java:532] Binding entity from annotated class: com.ss.evaluation.value.StudentInstitutionTranscript
 2013-07-28 22:16:41,893 INFO [main] o.h.c.a.EntityBinder [EntityBinder.java:519] Bind entity com.ss.evaluation.value.StudentInstitutionTranscript on table ss_tbl_student_institution_transcript
 2013-07-28 22:16:41,918 INFO [main] o.h.c.AnnotationBinder [AnnotationBinder.java:532] Binding entity from annotated class: com.ss.evaluation.value.StudentProgramEvaluation
 2013-07-28 22:16:41,918 INFO [main] o.h.c.a.EntityBinder [EntityBinder.java:519] Bind entity com.ss.evaluation.value.StudentProgramEvaluation on table ss_tbl_student_program_evaluation
 2013-07-28 22:16:41,922 INFO [main] o.h.c.AnnotationBinder [AnnotationBinder.java:532] Binding entity from annotated class: com.ss.evaluation.value.StudentTranscriptCourse
 2013-07-28 22:16:41,922 INFO [main] o.h.c.a.EntityBinder [EntityBinder.java:519] Bind entity com.ss.evaluation.value.StudentTranscriptCourse on table ss_tbl_student_transcript_course
 2013-07-28 22:16:41,928 INFO [main] o.h.c.AnnotationBinder [AnnotationBinder.java:532] Binding entity from annotated class: com.ss.evaluation.value.TranscriptComments
 2013-07-28 22:16:41,929 INFO [main] o.h.c.a.EntityBinder [EntityBinder.java:519] Bind entity com.ss.evaluation.value.TranscriptComments on table ss_tbl_transcript_comment
 2013-07-28 22:16:41,932 INFO [main] o.h.c.AnnotationBinder [AnnotationBinder.java:532] Binding entity from annotated class: com.ss.evaluation.value.TranscriptCourseSubject
 2013-07-28 22:16:41,933 INFO [main] o.h.c.a.EntityBinder [EntityBinder.java:519] Bind entity com.ss.evaluation.value.TranscriptCourseSubject on table ss_tbl_transcript_course_subject
 2013-07-28 22:16:41,937 INFO [main] o.h.c.AnnotationBinder [AnnotationBinder.java:532] Binding entity from annotated class: com.ss.evaluation.value.TransferCourseGcuCourseCategoryMapping
 2013-07-28 22:16:41,937 INFO [main] o.h.c.a.EntityBinder [EntityBinder.java:519] Bind entity com.ss.evaluation.value.TransferCourseGcuCourseCategoryMapping on table ss_tbl_transfer_course_gcu_coursecategory_mapping
 2013-07-28 22:16:41,940 INFO [main] o.h.c.AnnotationBinder [AnnotationBinder.java:532] Binding entity from annotated class: com.ss.evaluation.value.TransferCourseGcuCourseMapping
 2013-07-28 22:16:41,940 INFO [main] o.h.c.a.EntityBinder [EntityBinder.java:519] Bind entity com.ss.evaluation.value.TransferCourseGcuCourseMapping on table ss_tbl_transfer_course_gcucourse_mapping
 2013-07-28 22:16:41,944 INFO [main] o.h.c.AnnotationBinder [AnnotationBinder.java:532] Binding entity from annotated class: com.ss.institution.value.AccreditingBody
 2013-07-28 22:16:41,945 INFO [main] o.h.c.a.EntityBinder [EntityBinder.java:519] Bind entity com.ss.institution.value.AccreditingBody on table ss_tbl_accrediting_body
 2013-07-28 22:16:41,946 INFO [main] o.h.c.AnnotationBinder [AnnotationBinder.java:532] Binding entity from annotated class: com.ss.institution.value.AccreditingBodyInstitute
 2013-07-28 22:16:41,947 INFO [main] o.h.c.a.EntityBinder [EntityBinder.java:519] Bind entity com.ss.institution.value.AccreditingBodyInstitute on table ss_tbl_accreditingbody_institute_assoc
 2013-07-28 22:16:41,949 INFO [main] o.h.c.AnnotationBinder [AnnotationBinder.java:532] Binding entity from annotated class: com.ss.institution.value.ArticulationAgreement
 2013-07-28 22:16:41,950 INFO [main] o.h.c.a.EntityBinder [EntityBinder.java:519] Bind entity com.ss.institution.value.ArticulationAgreement on table ss_tbl_articulation_agreement
 2013-07-28 22:16:41,953 INFO [main] o.h.c.AnnotationBinder [AnnotationBinder.java:532] Binding entity from annotated class: com.ss.institution.value.ArticulationAgreementDetails
 2013-07-28 22:16:41,953 INFO [main] o.h.c.a.EntityBinder [EntityBinder.java:519] Bind entity com.ss.institution.value.ArticulationAgreementDetails on table ss_tbl_articulation_agreement_details
 2013-07-28 22:16:41,956 INFO [main] o.h.c.AnnotationBinder [AnnotationBinder.java:532] Binding entity from annotated class: com.ss.institution.value.GcuCourseLevel
 2013-07-28 22:16:41,956 INFO [main] o.h.c.a.EntityBinder [EntityBinder.java:519] Bind entity com.ss.institution.value.GcuCourseLevel on table ss_tbl_gcu_course_level
 2013-07-28 22:16:41,957 INFO [main] o.h.c.AnnotationBinder [AnnotationBinder.java:532] Binding entity from annotated class: com.ss.institution.value.Institution
 2013-07-28 22:16:41,958 INFO [main] o.h.c.a.EntityBinder [EntityBinder.java:519] Bind entity com.ss.institution.value.Institution on table ss_tbl_institution
 2013-07-28 22:16:41,964 INFO [main] o.h.c.AnnotationBinder [AnnotationBinder.java:532] Binding entity from annotated class: com.ss.institution.value.InstitutionAddress
 2013-07-28 22:16:41,965 INFO [main] o.h.c.a.EntityBinder [EntityBinder.java:519] Bind entity com.ss.institution.value.InstitutionAddress on table ss_tbl_institution_address
 2013-07-28 22:16:41,969 INFO [main] o.h.c.AnnotationBinder [AnnotationBinder.java:532] Binding entity from annotated class: com.ss.institution.value.InstitutionDegree
 2013-07-28 22:16:41,969 INFO [main] o.h.c.a.EntityBinder [EntityBinder.java:519] Bind entity com.ss.institution.value.InstitutionDegree on table ss_tbl_institution_degree
 2013-07-28 22:16:41,972 INFO [main] o.h.c.AnnotationBinder [AnnotationBinder.java:532] Binding entity from annotated class: com.ss.institution.value.InstitutionMirror
 2013-07-28 22:16:41,972 INFO [main] o.h.c.a.EntityBinder [EntityBinder.java:519] Bind entity com.ss.institution.value.InstitutionMirror on table ss_tbl_institution_mirror
 2013-07-28 22:16:41,974 INFO [main] o.h.c.AnnotationBinder [AnnotationBinder.java:532] Binding entity from annotated class: com.ss.institution.value.InstitutionTermType
 2013-07-28 22:16:41,975 INFO [main] o.h.c.a.EntityBinder [EntityBinder.java:519] Bind entity com.ss.institution.value.InstitutionTermType on table ss_tbl_institute_termtype_assoc
 2013-07-28 22:16:41,977 INFO [main] o.h.c.AnnotationBinder [AnnotationBinder.java:532] Binding entity from annotated class: com.ss.institution.value.InstitutionTranscript
 2013-07-28 22:16:41,977 INFO [main] o.h.c.a.EntityBinder [EntityBinder.java:519] Bind entity com.ss.institution.value.InstitutionTranscript on table ss_tbl_institution_transcript
 2013-07-28 22:16:41,978 INFO [main] o.h.c.AnnotationBinder [AnnotationBinder.java:532] Binding entity from annotated class: com.ss.institution.value.InstitutionTranscriptKey
 2013-07-28 22:16:41,979 INFO [main] o.h.c.a.EntityBinder [EntityBinder.java:519] Bind entity com.ss.institution.value.InstitutionTranscriptKey on table ss_tbl_institution_transcriptkey
 2013-07-28 22:16:41,982 INFO [main] o.h.c.AnnotationBinder [AnnotationBinder.java:532] Binding entity from annotated class: com.ss.institution.value.InstitutionTranscriptKeyDetails
 2013-07-28 22:16:41,982 INFO [main] o.h.c.a.EntityBinder [EntityBinder.java:519] Bind entity com.ss.institution.value.InstitutionTranscriptKeyDetails on table ss_tbl_institute_transcriptkey_details
 2013-07-28 22:16:41,986 INFO [main] o.h.c.AnnotationBinder [AnnotationBinder.java:532] Binding entity from annotated class: com.ss.institution.value.InstitutionTranscriptKeyGrade
 2013-07-28 22:16:41,986 INFO [main] o.h.c.a.EntityBinder [EntityBinder.java:519] Bind entity com.ss.institution.value.InstitutionTranscriptKeyGrade on table ss_tbl_institute_transcriptkey_grade
 2013-07-28 22:16:41,989 INFO [main] o.h.c.AnnotationBinder [AnnotationBinder.java:532] Binding entity from annotated class: com.ss.institution.value.InstitutionType
 2013-07-28 22:16:41,989 INFO [main] o.h.c.a.EntityBinder [EntityBinder.java:519] Bind entity com.ss.institution.value.InstitutionType on table ss_tbl_institution_type
 2013-07-28 22:16:41,991 INFO [main] o.h.c.AnnotationBinder [AnnotationBinder.java:532] Binding entity from annotated class: com.ss.institution.value.TermType
 2013-07-28 22:16:41,991 INFO [main] o.h.c.a.EntityBinder [EntityBinder.java:519] Bind entity com.ss.institution.value.TermType on table ss_tbl_termtype_master
 2013-07-28 22:16:41,992 INFO [main] o.h.c.AnnotationBinder [AnnotationBinder.java:532] Binding entity from annotated class: com.ss.institution.value.TransferCourseInstitutionTranscriptKeyGradeAssoc
 2013-07-28 22:16:41,993 INFO [main] o.h.c.a.EntityBinder [EntityBinder.java:519] Bind entity com.ss.institution.value.TransferCourseInstitutionTranscriptKeyGradeAssoc on table ss_tbl_transfercourse_institute_transcriptkey_grade_assoc
 2013-07-28 22:16:41,997 INFO [main] o.h.c.AnnotationBinder [AnnotationBinder.java:532] Binding entity from annotated class: com.ss.user.value.Role
 2013-07-28 22:16:41,998 INFO [main] o.h.c.a.EntityBinder [EntityBinder.java:519] Bind entity com.ss.user.value.Role on table ss_tbl_role_master
 2013-07-28 22:16:42,001 INFO [main] o.h.c.AnnotationBinder [AnnotationBinder.java:532] Binding entity from annotated class: com.ss.user.value.User
 2013-07-28 22:16:42,001 INFO [main] o.h.c.a.EntityBinder [EntityBinder.java:519] Bind entity com.ss.user.value.User on table ss_tbl_user
 2013-07-28 22:16:42,005 INFO [main] o.h.c.AnnotationBinder [AnnotationBinder.java:532] Binding entity from annotated class: com.ss.user.value.UserRole
 2013-07-28 22:16:42,006 INFO [main] o.h.c.a.EntityBinder [EntityBinder.java:519] Bind entity com.ss.user.value.UserRole on table ss_tbl_user_role_assoc
 2013-07-28 22:16:42,023 INFO [main] o.h.c.a.CollectionBinder [CollectionBinder.java:745] Mapping collection: com.ss.evaluation.value.StudentInstitutionTranscript.studentInstitutionDegreeSet -> ss_tbl_student_institution_degree
 2013-07-28 22:16:42,024 INFO [main] o.h.c.a.CollectionBinder [CollectionBinder.java:745] Mapping collection: com.ss.institution.value.ArticulationAgreement.articulationAgreementDetailsList -> ss_tbl_articulation_agreement_details
 2013-07-28 22:16:42,024 INFO [main] o.h.c.a.CollectionBinder [CollectionBinder.java:745] Mapping collection: com.ss.institution.value.InstitutionTranscriptKey.institutionTranscriptKeyDetailsList -> ss_tbl_institute_transcriptkey_details
 2013-07-28 22:16:42,025 INFO [main] o.h.c.a.CollectionBinder [CollectionBinder.java:745] Mapping collection: com.ss.institution.value.InstitutionTranscriptKey.institutionTranscriptKeyGradeList -> ss_tbl_institute_transcriptkey_grade
 2013-07-28 22:16:42,030 INFO [main] o.h.c.Configuration [Configuration.java:1646] Hibernate Validator not found: ignoring
 2013-07-28 22:16:42,032 INFO [main] o.s.o.h.a.AnnotationSessionFactoryBean [LocalSessionFactoryBean.java:780] Building new Hibernate SessionFactory
 2013-07-28 22:16:42,036 INFO [main] o.h.c.s.HibernateSearchEventListenerRegister [HibernateSearchEventListenerRegister.java:75] Unable to find org.hibernate.search.event.FullTextIndexEventListener on the classpath. Hibernate Search is not enabled.
 2013-07-28 22:16:42,063 INFO [main] o.h.c.ConnectionProviderFactory [ConnectionProviderFactory.java:173] Initializing connection provider: org.springframework.orm.hibernate3.LocalDataSourceConnectionProvider
 2013-07-28 22:16:42,317 INFO [main] o.h.c.SettingsFactory [SettingsFactory.java:117] Database ->
       name : Microsoft SQL Server
    version : 10.50.1720
      major : 10
      minor : 50
 2013-07-28 22:16:42,317 INFO [main] o.h.c.SettingsFactory [SettingsFactory.java:123] Driver ->
       name : jTDS Type 4 JDBC Driver for MS SQL Server and Sybase
    version : 1.2.2
      major : 1
      minor : 2
 2013-07-28 22:16:42,340 INFO [main] o.h.d.Dialect [Dialect.java:108] Using dialect: org.hibernate.dialect.SQLServerDialect
 2013-07-28 22:16:42,353 INFO [main] o.h.e.j.JdbcSupportLoader [JdbcSupportLoader.java:79] Disabling contextual LOB creation as JDBC driver reported JDBC version [3] less than 4
 2013-07-28 22:16:42,359 INFO [main] o.h.t.TransactionFactoryFactory [TransactionFactoryFactory.java:62] Transaction strategy: org.springframework.orm.hibernate3.SpringTransactionFactory
 2013-07-28 22:16:42,360 INFO [main] o.h.t.TransactionManagerLookupFactory [TransactionManagerLookupFactory.java:80] No TransactionManagerLookup configured (in JTA environment, use of read-write or transactional second-level cache is not recommended)
 2013-07-28 22:16:42,360 INFO [main] o.h.c.SettingsFactory [SettingsFactory.java:179] Automatic flush during beforeCompletion(): disabled
 2013-07-28 22:16:42,360 INFO [main] o.h.c.SettingsFactory [SettingsFactory.java:183] Automatic session close at end of transaction: disabled
 2013-07-28 22:16:42,361 INFO [main] o.h.c.SettingsFactory [SettingsFactory.java:198] Scrollable result sets: enabled
 2013-07-28 22:16:42,362 INFO [main] o.h.c.SettingsFactory [SettingsFactory.java:206] JDBC3 getGeneratedKeys(): enabled
 2013-07-28 22:16:42,362 INFO [main] o.h.c.SettingsFactory [SettingsFactory.java:214] Connection release mode: auto
 2013-07-28 22:16:42,363 INFO [main] o.h.c.SettingsFactory [SettingsFactory.java:241] Default batch fetch size: 1
 2013-07-28 22:16:42,363 INFO [main] o.h.c.SettingsFactory [SettingsFactory.java:245] Generate SQL with comments: disabled
 2013-07-28 22:16:42,363 INFO [main] o.h.c.SettingsFactory [SettingsFactory.java:249] Order SQL updates by primary key: disabled
 2013-07-28 22:16:42,364 INFO [main] o.h.c.SettingsFactory [SettingsFactory.java:253] Order SQL inserts for batching: disabled
 2013-07-28 22:16:42,364 INFO [main] o.h.c.SettingsFactory [SettingsFactory.java:431] Query translator: org.hibernate.hql.ast.ASTQueryTranslatorFactory
 2013-07-28 22:16:42,367 INFO [main] o.h.h.a.ASTQueryTranslatorFactory [ASTQueryTranslatorFactory.java:47] Using ASTQueryTranslatorFactory
 2013-07-28 22:16:42,367 INFO [main] o.h.c.SettingsFactory [SettingsFactory.java:261] Query language substitutions: {}
 2013-07-28 22:16:42,368 INFO [main] o.h.c.SettingsFactory [SettingsFactory.java:266] JPA-QL strict compliance: disabled
 2013-07-28 22:16:42,368 INFO [main] o.h.c.SettingsFactory [SettingsFactory.java:271] Second-level cache: enabled
 2013-07-28 22:16:42,368 INFO [main] o.h.c.SettingsFactory [SettingsFactory.java:275] Query cache: disabled
 2013-07-28 22:16:42,368 INFO [main] o.h.c.SettingsFactory [SettingsFactory.java:406] Cache region factory : org.hibernate.cache.impl.NoCachingRegionFactory
 2013-07-28 22:16:42,370 INFO [main] o.h.c.SettingsFactory [SettingsFactory.java:285] Optimize cache for minimal puts: disabled
 2013-07-28 22:16:42,370 INFO [main] o.h.c.SettingsFactory [SettingsFactory.java:294] Structured second-level cache entries: disabled
 2013-07-28 22:16:42,375 INFO [main] o.h.c.SettingsFactory [SettingsFactory.java:323] Statistics: disabled
 2013-07-28 22:16:42,376 INFO [main] o.h.c.SettingsFactory [SettingsFactory.java:327] Deleted entity synthetic identifier rollback: disabled
 2013-07-28 22:16:42,376 INFO [main] o.h.c.SettingsFactory [SettingsFactory.java:343] Default entity-mode: pojo
 2013-07-28 22:16:42,377 INFO [main] o.h.c.SettingsFactory [SettingsFactory.java:347] Named query checking : enabled
 2013-07-28 22:16:42,377 INFO [main] o.h.c.SettingsFactory [SettingsFactory.java:351] Check Nullability in Core (should be disabled when Bean Validation is on): enabled
 2013-07-28 22:16:42,392 INFO [main] o.h.i.SessionFactoryImpl [SessionFactoryImpl.java:200] building session factory
 2013-07-28 22:16:42,846 INFO [main] o.h.i.SessionFactoryObjectFactory [SessionFactoryObjectFactory.java:105] Not binding factory to JNDI, no JNDI name configured
 2013-07-28 22:16:43,848 INFO [main] o.s.w.s.s.SaajSoapMessageFactory [SaajSoapMessageFactory.java:135] Creating SAAJ 1.3 MessageFactory with SOAP 1.1 Protocol
 2013-07-28 22:16:43,879 INFO [main] o.s.o.j.Jaxb2Marshaller [Jaxb2Marshaller.java:365] Creating JAXBContext with classes to be bound [class com.campusmgmt.soa.foundation.messagedefinition.AddTransferCourses,class com.campusmgmt.soa.foundation.messagedefinition.AddTransferCoursesResponse,class com.campusmgmt.soa.foundation.GetAuthorizationToken,class com.campusmgmt.soa.foundation.GetAuthorizationTokenResponse,class edu.gcu.InsertInstitutionRequest,class edu.gcu.InsertInstitutionResponse]
 2013-07-28 22:16:44,100 INFO [main] o.s.j.d.DriverManagerDataSource [DriverManagerDataSource.java:153] Loaded JDBC driver: net.sourceforge.jtds.jdbc.Driver
 2013-07-28 22:16:44,135 INFO [main] o.s.o.h.HibernateTransactionManager [HibernateTransactionManager.java:416] Using DataSource [org.springframework.jdbc.datasource.DriverManagerDataSource@2f1e6e7f] of Hibernate SessionFactory for HibernateTransactionManager
 2013-07-28 22:16:44,482 INFO [main] o.s.t.c.t.TransactionalTestExecutionListener [TransactionalTestExecutionListener.java:279] Began transaction (1): transaction manager [org.springframework.orm.hibernate3.HibernateTransactionManager@76eb1327]; rollback [true]
 2013-07-28 22:16:44,599 INFO [main] o.s.t.c.t.TransactionalTestExecutionListener [TransactionalTestExecutionListener.java:299] Rolled back transaction after test execution for test context [TestContext@de35b38 testClass = StudentServiceTest, testInstance = com.ss.evaluation.service.StudentServiceTest@4979c0a7, testMethod = testGetStudentByCrmId@StudentServiceTest, testException = [null], mergedContextConfiguration = [MergedContextConfiguration@585739a0 testClass = StudentServiceTest, locations = '{classpath:applicationContext.xml, classpath:applicationContext-test.xml}', classes = '{}', contextInitializerClasses = '[]', activeProfiles = '{}', contextLoader = 'org.springframework.test.context.support.DelegatingSmartContextLoader']]
 2013-07-28 22:16:44,819 INFO [main] o.s.t.c.t.TransactionalTestExecutionListener [TransactionalTestExecutionListener.java:279] Began transaction (2): transaction manager [org.springframework.orm.hibernate3.HibernateTransactionManager@76eb1327]; rollback [true]
 2013-07-28 22:16:44,928 INFO [main] o.s.t.c.t.TransactionalTestExecutionListener [TransactionalTestExecutionListener.java:299] Rolled back transaction after test execution for test context [TestContext@de35b38 testClass = StudentServiceTest, testInstance = com.ss.evaluation.service.StudentServiceTest@4fd74bb1, testMethod = testSearchStudent@StudentServiceTest, testException = [null], mergedContextConfiguration = [MergedContextConfiguration@585739a0 testClass = StudentServiceTest, locations = '{classpath:applicationContext.xml, classpath:applicationContext-test.xml}', classes = '{}', contextInitializerClasses = '[]', activeProfiles = '{}', contextLoader = 'org.springframework.test.context.support.DelegatingSmartContextLoader']]
 2013-07-28 22:16:45,158 INFO [main] o.s.t.c.t.TransactionalTestExecutionListener [TransactionalTestExecutionListener.java:279] Began transaction (3): transaction manager [org.springframework.orm.hibernate3.HibernateTransactionManager@76eb1327]; rollback [true]
 2013-07-28 22:16:45,266 INFO [main] o.s.t.c.t.TransactionalTestExecutionListener [TransactionalTestExecutionListener.java:299] Rolled back transaction after test execution for test context [TestContext@de35b38 testClass = StudentServiceTest, testInstance = com.ss.evaluation.service.StudentServiceTest@514ae5cd, testMethod = testGetStudentProgramInformation@StudentServiceTest, testException = [null], mergedContextConfiguration = [MergedContextConfiguration@585739a0 testClass = StudentServiceTest, locations = '{classpath:applicationContext.xml, classpath:applicationContext-test.xml}', classes = '{}', contextInitializerClasses = '[]', activeProfiles = '{}', contextLoader = 'org.springframework.test.context.support.DelegatingSmartContextLoader']]
 2013-07-28 22:16:45,496 INFO [main] o.s.t.c.t.TransactionalTestExecutionListener [TransactionalTestExecutionListener.java:279] Began transaction (4): transaction manager [org.springframework.orm.hibernate3.HibernateTransactionManager@76eb1327]; rollback [true]
 2013-07-28 22:16:45,609 INFO [main] o.s.t.c.t.TransactionalTestExecutionListener [TransactionalTestExecutionListener.java:299] Rolled back transaction after test execution for test context [TestContext@de35b38 testClass = StudentServiceTest, testInstance = com.ss.evaluation.service.StudentServiceTest@c351f6d, testMethod = testGetStudentById@StudentServiceTest, testException = [null], mergedContextConfiguration = [MergedContextConfiguration@585739a0 testClass = StudentServiceTest, locations = '{classpath:applicationContext.xml, classpath:applicationContext-test.xml}', classes = '{}', contextInitializerClasses = '[]', activeProfiles = '{}', contextLoader = 'org.springframework.test.context.support.DelegatingSmartContextLoader']]
 2013-07-28 22:16:45,850 INFO [main] o.s.t.c.t.TransactionalTestExecutionListener [TransactionalTestExecutionListener.java:279] Began transaction (5): transaction manager [org.springframework.orm.hibernate3.HibernateTransactionManager@76eb1327]; rollback [true]
 2013-07-28 22:16:46,016 INFO [main] o.s.t.c.t.TransactionalTestExecutionListener [TransactionalTestExecutionListener.java:299] Rolled back transaction after test execution for test context [TestContext@de35b38 testClass = StudentServiceTest, testInstance = com.ss.evaluation.service.StudentServiceTest@73a2335d, testMethod = testCreateStudentRecord@StudentServiceTest, testException = [null], mergedContextConfiguration = [MergedContextConfiguration@585739a0 testClass = StudentServiceTest, locations = '{classpath:applicationContext.xml, classpath:applicationContext-test.xml}', classes = '{}', contextInitializerClasses = '[]', activeProfiles = '{}', contextLoader = 'org.springframework.test.context.support.DelegatingSmartContextLoader']]
 2013-07-28 22:16:46,273 INFO [main] o.s.t.c.t.TransactionalTestExecutionListener [TransactionalTestExecutionListener.java:279] Began transaction (1): transaction manager [org.springframework.orm.hibernate3.HibernateTransactionManager@76eb1327]; rollback [true]
 2013-07-28 22:16:46,806 INFO [main] o.s.t.c.t.TransactionalTestExecutionListener [TransactionalTestExecutionListener.java:299] Rolled back transaction after test execution for test context [TestContext@136c6b08 testClass = InstitutionMgmtDAOTest, testInstance = com.ss.institution.dao.InstitutionMgmtDAOTest@32e6e42e, testMethod = testAddInstitution@InstitutionMgmtDAOTest, testException = [null], mergedContextConfiguration = [MergedContextConfiguration@548ea21d testClass = InstitutionMgmtDAOTest, locations = '{classpath:applicationContext.xml, classpath:applicationContext-test.xml}', classes = '{}', contextInitializerClasses = '[]', activeProfiles = '{}', contextLoader = 'org.springframework.test.context.support.DelegatingSmartContextLoader']]
 2013-07-28 22:16:47,034 INFO [main] o.s.t.c.t.TransactionalTestExecutionListener [TransactionalTestExecutionListener.java:279] Began transaction (2): transaction manager [org.springframework.orm.hibernate3.HibernateTransactionManager@76eb1327]; rollback [true]
 2013-07-28 22:16:47,375 INFO [main] o.s.t.c.t.TransactionalTestExecutionListener [TransactionalTestExecutionListener.java:299] Rolled back transaction after test execution for test context [TestContext@136c6b08 testClass = InstitutionMgmtDAOTest, testInstance = com.ss.institution.dao.InstitutionMgmtDAOTest@72334bfe, testMethod = testAddInstitution2@InstitutionMgmtDAOTest, testException = [null], mergedContextConfiguration = [MergedContextConfiguration@548ea21d testClass = InstitutionMgmtDAOTest, locations = '{classpath:applicationContext.xml, classpath:applicationContext-test.xml}', classes = '{}', contextInitializerClasses = '[]', activeProfiles = '{}', contextLoader = 'org.springframework.test.context.support.DelegatingSmartContextLoader']]
 2013-07-28 22:16:47,605 INFO [main] o.s.t.c.t.TransactionalTestExecutionListener [TransactionalTestExecutionListener.java:279] Began transaction (1): transaction manager [org.springframework.orm.hibernate3.HibernateTransactionManager@76eb1327]; rollback [true]
 2013-07-28 22:16:48,129 INFO [main] o.s.t.c.t.TransactionalTestExecutionListener [TransactionalTestExecutionListener.java:299] Rolled back transaction after test execution for test context [TestContext@5d31b810 testClass = UserDAOTest, testInstance = com.ss.user.dao.UserDAOTest@6b2b523c, testMethod = testFindUserByUserName@UserDAOTest, testException = [null], mergedContextConfiguration = [MergedContextConfiguration@6924181b testClass = UserDAOTest, locations = '{classpath:applicationContext.xml, classpath:applicationContext-test.xml}', classes = '{}', contextInitializerClasses = '[]', activeProfiles = '{}', contextLoader = 'org.springframework.test.context.support.DelegatingSmartContextLoader']]
 2013-07-28 22:16:48,514 INFO [main] o.s.t.c.t.TransactionalTestExecutionListener [TransactionalTestExecutionListener.java:279] Began transaction (2): transaction manager [org.springframework.orm.hibernate3.HibernateTransactionManager@76eb1327]; rollback [true]
 2013-07-28 22:16:49,198 INFO [main] o.s.t.c.t.TransactionalTestExecutionListener [TransactionalTestExecutionListener.java:299] Rolled back transaction after test execution for test context [TestContext@5d31b810 testClass = UserDAOTest, testInstance = com.ss.user.dao.UserDAOTest@5fec459b, testMethod = testFindUserByUserNameCaseSensitive@UserDAOTest, testException = [null], mergedContextConfiguration = [MergedContextConfiguration@6924181b testClass = UserDAOTest, locations = '{classpath:applicationContext.xml, classpath:applicationContext-test.xml}', classes = '{}', contextInitializerClasses = '[]', activeProfiles = '{}', contextLoader = 'org.springframework.test.context.support.DelegatingSmartContextLoader']]
 2013-07-28 22:16:49,569 INFO [main] o.s.t.c.t.TransactionalTestExecutionListener [TransactionalTestExecutionListener.java:279] Began transaction (3): transaction manager [org.springframework.orm.hibernate3.HibernateTransactionManager@76eb1327]; rollback [true]
 2013-07-28 22:16:49,950 INFO [main] o.s.t.c.t.TransactionalTestExecutionListener [TransactionalTestExecutionListener.java:299] Rolled back transaction after test execution for test context [TestContext@5d31b810 testClass = UserDAOTest, testInstance = com.ss.user.dao.UserDAOTest@11a4e5c0, testMethod = testAddUser@UserDAOTest, testException = [null], mergedContextConfiguration = [MergedContextConfiguration@6924181b testClass = UserDAOTest, locations = '{classpath:applicationContext.xml, classpath:applicationContext-test.xml}', classes = '{}', contextInitializerClasses = '[]', activeProfiles = '{}', contextLoader = 'org.springframework.test.context.support.DelegatingSmartContextLoader']]
 2013-07-28 22:16:50,201 INFO [main] o.s.t.c.t.TransactionalTestExecutionListener [TransactionalTestExecutionListener.java:279] Began transaction (4): transaction manager [org.springframework.orm.hibernate3.HibernateTransactionManager@76eb1327]; rollback [true]
 2013-07-28 22:16:50,848 INFO [main] o.s.t.c.t.TransactionalTestExecutionListener [TransactionalTestExecutionListener.java:299] Rolled back transaction after test execution for test context [TestContext@5d31b810 testClass = UserDAOTest, testInstance = com.ss.user.dao.UserDAOTest@43be87a0, testMethod = testUpdateUser@UserDAOTest, testException = [null], mergedContextConfiguration = [MergedContextConfiguration@6924181b testClass = UserDAOTest, locations = '{classpath:applicationContext.xml, classpath:applicationContext-test.xml}', classes = '{}', contextInitializerClasses = '[]', activeProfiles = '{}', contextLoader = 'org.springframework.test.context.support.DelegatingSmartContextLoader']]
 2013-07-28 22:16:51,097 INFO [main] o.s.t.c.t.TransactionalTestExecutionListener [TransactionalTestExecutionListener.java:279] Began transaction (5): transaction manager [org.springframework.orm.hibernate3.HibernateTransactionManager@76eb1327]; rollback [true]
 2013-07-28 22:16:51,402 INFO [main] o.s.t.c.t.TransactionalTestExecutionListener [TransactionalTestExecutionListener.java:299] Rolled back transaction after test execution for test context [TestContext@5d31b810 testClass = UserDAOTest, testInstance = com.ss.user.dao.UserDAOTest@2548ccb8, testMethod = testFindAllRoles@UserDAOTest, testException = [null], mergedContextConfiguration = [MergedContextConfiguration@6924181b testClass = UserDAOTest, locations = '{classpath:applicationContext.xml, classpath:applicationContext-test.xml}', classes = '{}', contextInitializerClasses = '[]', activeProfiles = '{}', contextLoader = 'org.springframework.test.context.support.DelegatingSmartContextLoader']]
 2013-07-28 22:16:51,639 INFO [main] o.s.t.c.t.TransactionalTestExecutionListener [TransactionalTestExecutionListener.java:279] Began transaction (6): transaction manager [org.springframework.orm.hibernate3.HibernateTransactionManager@76eb1327]; rollback [true]
 2013-07-28 22:16:52,588 INFO [main] o.s.t.c.t.TransactionalTestExecutionListener [TransactionalTestExecutionListener.java:299] Rolled back transaction after test execution for test context [TestContext@5d31b810 testClass = UserDAOTest, testInstance = com.ss.user.dao.UserDAOTest@303b48c8, testMethod = testAddUserRoleAndFindRolesByUsername@UserDAOTest, testException = [null], mergedContextConfiguration = [MergedContextConfiguration@6924181b testClass = UserDAOTest, locations = '{classpath:applicationContext.xml, classpath:applicationContext-test.xml}', classes = '{}', contextInitializerClasses = '[]', activeProfiles = '{}', contextLoader = 'org.springframework.test.context.support.DelegatingSmartContextLoader']]
 2013-07-28 22:16:52,841 INFO [main] o.s.t.c.t.TransactionalTestExecutionListener [TransactionalTestExecutionListener.java:279] Began transaction (7): transaction manager [org.springframework.orm.hibernate3.HibernateTransactionManager@76eb1327]; rollback [true]
 2013-07-28 22:16:52,966 INFO [main] o.s.t.c.t.TransactionalTestExecutionListener [TransactionalTestExecutionListener.java:299] Rolled back transaction after test execution for test context [TestContext@5d31b810 testClass = UserDAOTest, testInstance = com.ss.user.dao.UserDAOTest@33d4f6b4, testMethod = testGetUserRoleList@UserDAOTest, testException = [null], mergedContextConfiguration = [MergedContextConfiguration@6924181b testClass = UserDAOTest, locations = '{classpath:applicationContext.xml, classpath:applicationContext-test.xml}', classes = '{}', contextInitializerClasses = '[]', activeProfiles = '{}', contextLoader = 'org.springframework.test.context.support.DelegatingSmartContextLoader']]
 2013-07-28 22:16:53,216 INFO [main] o.s.t.c.t.TransactionalTestExecutionListener [TransactionalTestExecutionListener.java:279] Began transaction (8): transaction manager [org.springframework.orm.hibernate3.HibernateTransactionManager@76eb1327]; rollback [true]
 2013-07-28 22:16:54,347 INFO [main] o.s.t.c.t.TransactionalTestExecutionListener [TransactionalTestExecutionListener.java:299] Rolled back transaction after test execution for test context [TestContext@5d31b810 testClass = UserDAOTest, testInstance = com.ss.user.dao.UserDAOTest@3f4de7ea, testMethod = testGetRoleNameForUser@UserDAOTest, testException = [null], mergedContextConfiguration = [MergedContextConfiguration@6924181b testClass = UserDAOTest, locations = '{classpath:applicationContext.xml, classpath:applicationContext-test.xml}', classes = '{}', contextInitializerClasses = '[]', activeProfiles = '{}', contextLoader = 'org.springframework.test.context.support.DelegatingSmartContextLoader']]
 2013-07-28 22:16:54,592 INFO [main] o.s.t.c.t.TransactionalTestExecutionListener [TransactionalTestExecutionListener.java:279] Began transaction (9): transaction manager [org.springframework.orm.hibernate3.HibernateTransactionManager@76eb1327]; rollback [true]
 2013-07-28 22:16:54,832 INFO [main] o.s.t.c.t.TransactionalTestExecutionListener [TransactionalTestExecutionListener.java:299] Rolled back transaction after test execution for test context [TestContext@5d31b810 testClass = UserDAOTest, testInstance = com.ss.user.dao.UserDAOTest@5521f4ef, testMethod = testFindRoleByRoleTitle@UserDAOTest, testException = [null], mergedContextConfiguration = [MergedContextConfiguration@6924181b testClass = UserDAOTest, locations = '{classpath:applicationContext.xml, classpath:applicationContext-test.xml}', classes = '{}', contextInitializerClasses = '[]', activeProfiles = '{}', contextLoader = 'org.springframework.test.context.support.DelegatingSmartContextLoader']]
 2013-07-28 22:16:55,112 INFO [main] o.s.t.c.t.TransactionalTestExecutionListener [TransactionalTestExecutionListener.java:279] Began transaction (10): transaction manager [org.springframework.orm.hibernate3.HibernateTransactionManager@76eb1327]; rollback [true]
 2013-07-28 22:16:56,460 INFO [main] o.s.t.c.t.TransactionalTestExecutionListener [TransactionalTestExecutionListener.java:299] Rolled back transaction after test execution for test context [TestContext@5d31b810 testClass = UserDAOTest, testInstance = com.ss.user.dao.UserDAOTest@684d9ebf, testMethod = testUpdateUserRole@UserDAOTest, testException = [null], mergedContextConfiguration = [MergedContextConfiguration@6924181b testClass = UserDAOTest, locations = '{classpath:applicationContext.xml, classpath:applicationContext-test.xml}', classes = '{}', contextInitializerClasses = '[]', activeProfiles = '{}', contextLoader = 'org.springframework.test.context.support.DelegatingSmartContextLoader']]
 2013-07-28 22:16:56,470 INFO [Thread-2] o.s.c.s.GenericApplicationContext [AbstractApplicationContext.java:1042] Closing org.springframework.context.support.GenericApplicationContext@3d860038: startup date [Sun Jul 28 22:16:40 MST 2013]; root of context hierarchy
 2013-07-28 22:16:56,473 INFO [Thread-2] o.s.b.f.s.DefaultListableBeanFactory [DefaultSingletonBeanRegistry.java:444] Destroying singletons in org.springframework.beans.factory.support.DefaultListableBeanFactory@7f6b321b: defining beans [org.springframework.context.config.internalBeanConfigurerAspect,org.springframework.context.annotation.internalConfigurationAnnotationProcessor,org.springframework.context.annotation.internalAutowiredAnnotationProcessor,org.springframework.context.annotation.internalRequiredAnnotationProcessor,org.springframework.context.annotation.internalCommonAnnotationProcessor,org.springframework.context.annotation.internalPersistenceAnnotationProcessor,flexJsonView,userParser,courseController,courseMgmtDaoImpl,courseMirrorMgmtDAOImpl,courseMgmtServiceImpl,adminController,evaluationController,ieManagerController,qualityController,studentLevelEvaluatorController,studentDAO,studentEvaluationDaoImpl,transcriptCommentDAOImpl,transcriptMgmtDAOImpl,transferCourseMgmtDAOImpl,studentSearchClient,evaluationJobServiceImpl,evaluationServiceImpl,studentService,transcriptCommentServiceImpl,transcriptServiceImpl,transferCourseServiceImpl,institutionController,accreditingBodyInstituteDaoImpl,articulationAgreementDaoImpl,institutionMgmtDaoImpl,institutionMirrorMgmtDaoImpl,institutionTermTypeDaoImpl,institutionTranscriptKeyDaoImpl,accreditingBodyInstituteServiceImpl,articulationAgreementServiceImpl,institutionServiceImpl,institutionTermTypeServiceImpl,institutionTranscriptKeyServiceImpl,institutionMessageProcessor,transcriptCreditsMessageProcessor,transferCourseMessageProcessor,jmsMessageSenderService,loginController,userController,userDAO,roleService,userService,GCUCourseLoadBatch,campusVueServiceClient,campusVueDAO,environmentVariablesConfiguration,configurationEncryptor,propertyConfigurer,connectionString,cvueUserName,cvuePassword,authWSDLURL,registerWSDLURL,timeOutDelay,breakServiceWSDL,enrollmentServiceWSDL,crmServiceEndpoint,showHudsonBuildNumber,showProjectVersion,showSVNRevision,showBuildDate,sessionFactory,auditInterceptor,org.springframework.transaction.config.internalTransactionAspect,transactionManager,dataSource,campusVueDao,org.springframework.web.servlet.handler.SimpleMappingExceptionResolver#0,authenticationHandler,multipartResolver,restTemplate,messageFactory,webServiceTemplate,clientLoggingInterceptor,jaxb2Marshaller,defaultDataSource,jmsTemplate,jmsMQConnectionFactory,org.springframework.context.annotation.ConfigurationClassPostProcessor.importAwareProcessor]; root of factory hierarchy
 2013-07-28 22:16:56,480 DEBUG [Thread-2] o.a.h.i.c.PoolingClientConnectionManager [PoolingClientConnectionManager.java:284] Connection manager is shutting down
 2013-07-28 22:16:56,480 DEBUG [Thread-2] o.a.h.i.c.PoolingClientConnectionManager [PoolingClientConnectionManager.java:290] Connection manager shut down
 2013-07-28 22:16:56,483 INFO [Thread-2] o.s.o.h.a.AnnotationSessionFactoryBean [AbstractSessionFactoryBean.java:223] Closing Hibernate SessionFactory
 2013-07-28 22:16:56,483 INFO [Thread-2] o.h.i.SessionFactoryImpl [SessionFactoryImpl.java:925] closing
 2013-07-28 22:33:02,390 INFO [main] o.s.b.f.x.XmlBeanDefinitionReader [XmlBeanDefinitionReader.java:315] Loading XML bean definitions from class path resource [applicationContext.xml]
 2013-07-28 22:33:02,881 INFO [main] o.s.b.f.x.XmlBeanDefinitionReader [XmlBeanDefinitionReader.java:315] Loading XML bean definitions from class path resource [applicationContext-test.xml]
 2013-07-28 22:33:02,903 INFO [main] o.s.c.s.GenericApplicationContext [AbstractApplicationContext.java:510] Refreshing org.springframework.context.support.GenericApplicationContext@28787c16: startup date [Sun Jul 28 22:33:02 MST 2013]; root of context hierarchy
 2013-07-28 22:33:03,191 INFO [main] o.j.s.p.EncryptablePropertyPlaceholderConfigurer [PropertiesLoaderSupport.java:172] Loading properties file from class path resource [application.properties]
 2013-07-28 22:33:03,191 INFO [main] o.j.s.p.EncryptablePropertyPlaceholderConfigurer [PropertiesLoaderSupport.java:172] Loading properties file from URL [file:${properties.filepath}]
 2013-07-28 22:33:03,192 WARN [main] o.j.s.p.EncryptablePropertyPlaceholderConfigurer [PropertiesLoaderSupport.java:181] Could not load properties from URL [file:${properties.filepath}]: ${properties.filepath} (No such file or directory)
 2013-07-28 22:33:03,223 INFO [main] o.s.b.f.s.DefaultListableBeanFactory [DefaultListableBeanFactory.java:596] Pre-instantiating singletons in org.springframework.beans.factory.support.DefaultListableBeanFactory@5fb11b79: defining beans [org.springframework.context.config.internalBeanConfigurerAspect,org.springframework.context.annotation.internalConfigurationAnnotationProcessor,org.springframework.context.annotation.internalAutowiredAnnotationProcessor,org.springframework.context.annotation.internalRequiredAnnotationProcessor,org.springframework.context.annotation.internalCommonAnnotationProcessor,org.springframework.context.annotation.internalPersistenceAnnotationProcessor,flexJsonView,userParser,courseController,courseMgmtDaoImpl,courseMirrorMgmtDAOImpl,courseMgmtServiceImpl,adminController,evaluationController,ieManagerController,qualityController,studentLevelEvaluatorController,studentDAO,studentEvaluationDaoImpl,transcriptCommentDAOImpl,transcriptMgmtDAOImpl,transferCourseMgmtDAOImpl,studentSearchClient,evaluationJobServiceImpl,evaluationServiceImpl,studentService,transcriptCommentServiceImpl,transcriptServiceImpl,transferCourseServiceImpl,institutionController,accreditingBodyInstituteDaoImpl,articulationAgreementDaoImpl,institutionMgmtDaoImpl,institutionMirrorMgmtDaoImpl,institutionTermTypeDaoImpl,institutionTranscriptKeyDaoImpl,accreditingBodyInstituteServiceImpl,articulationAgreementServiceImpl,institutionServiceImpl,institutionTermTypeServiceImpl,institutionTranscriptKeyServiceImpl,institutionMessageProcessor,transcriptCreditsMessageProcessor,transferCourseMessageProcessor,jmsMessageSenderService,loginController,userController,userDAO,roleService,userService,GCUCourseLoadBatch,campusVueServiceClient,campusVueDAO,environmentVariablesConfiguration,configurationEncryptor,propertyConfigurer,connectionString,cvueUserName,cvuePassword,authWSDLURL,registerWSDLURL,timeOutDelay,breakServiceWSDL,enrollmentServiceWSDL,crmServiceEndpoint,showHudsonBuildNumber,showProjectVersion,showSVNRevision,showBuildDate,sessionFactory,auditInterceptor,org.springframework.transaction.config.internalTransactionAspect,transactionManager,dataSource,campusVueDao,org.springframework.web.servlet.handler.SimpleMappingExceptionResolver#0,authenticationHandler,multipartResolver,restTemplate,messageFactory,webServiceTemplate,clientLoggingInterceptor,jaxb2Marshaller,defaultDataSource,jmsTemplate,jmsMQConnectionFactory,org.springframework.context.annotation.ConfigurationClassPostProcessor.importAwareProcessor]; root of factory hierarchy
 2013-07-28 22:33:03,309 INFO [main] o.s.j.d.DriverManagerDataSource [DriverManagerDataSource.java:153] Loaded JDBC driver: net.sourceforge.jtds.jdbc.Driver
 2013-07-28 22:33:03,388 INFO [main] o.h.a.c.Version [Version.java:37] Hibernate Commons Annotations 3.2.0.Final
 2013-07-28 22:33:03,392 INFO [main] o.h.c.Environment [Environment.java:593] Hibernate 3.6.0.Final
 2013-07-28 22:33:03,393 INFO [main] o.h.c.Environment [Environment.java:626] hibernate.properties not found
 2013-07-28 22:33:03,395 INFO [main] o.h.c.Environment [Environment.java:804] Bytecode provider name : javassist
 2013-07-28 22:33:03,397 INFO [main] o.h.c.Environment [Environment.java:685] using JDK 1.4 java.sql.Timestamp handling
 2013-07-28 22:33:03,567 INFO [main] o.h.c.AnnotationBinder [AnnotationBinder.java:532] Binding entity from annotated class: com.ss.course.value.CourseCategoryMapping
 2013-07-28 22:33:03,589 INFO [main] o.h.c.a.EntityBinder [EntityBinder.java:519] Bind entity com.ss.course.value.CourseCategoryMapping on table ss_tbl_transfer_course_gcu_coursecategory_mapping
 2013-07-28 22:33:03,634 INFO [main] o.h.c.AnnotationBinder [AnnotationBinder.java:532] Binding entity from annotated class: com.ss.course.value.CourseMapping
 2013-07-28 22:33:03,635 INFO [main] o.h.c.a.EntityBinder [EntityBinder.java:519] Bind entity com.ss.course.value.CourseMapping on table ss_tbl_transfer_course_gcucourse_mapping
 2013-07-28 22:33:03,639 INFO [main] o.h.c.AnnotationBinder [AnnotationBinder.java:532] Binding entity from annotated class: com.ss.course.value.CourseMappingDetail
 2013-07-28 22:33:03,640 INFO [main] o.h.c.a.EntityBinder [EntityBinder.java:519] Bind entity com.ss.course.value.CourseMappingDetail on table ss_tbl_transfer_course_gcucourse_mapping_detail
 2013-07-28 22:33:03,643 INFO [main] o.h.c.AnnotationBinder [AnnotationBinder.java:532] Binding entity from annotated class: com.ss.course.value.CourseTranscript
 2013-07-28 22:33:03,643 INFO [main] o.h.c.a.EntityBinder [EntityBinder.java:519] Bind entity com.ss.course.value.CourseTranscript on table ss_tbl_transfer_course_transcript
 2013-07-28 22:33:03,645 INFO [main] o.h.c.AnnotationBinder [AnnotationBinder.java:532] Binding entity from annotated class: com.ss.course.value.GCUCourse
 2013-07-28 22:33:03,645 INFO [main] o.h.c.a.EntityBinder [EntityBinder.java:519] Bind entity com.ss.course.value.GCUCourse on table ss_tbl_gcu_course_master
 2013-07-28 22:33:03,647 INFO [main] o.h.c.AnnotationBinder [AnnotationBinder.java:532] Binding entity from annotated class: com.ss.course.value.GCUCourseCategory
 2013-07-28 22:33:03,647 INFO [main] o.h.c.a.EntityBinder [EntityBinder.java:519] Bind entity com.ss.course.value.GCUCourseCategory on table ss_tbl_gcu_course_category_master
 2013-07-28 22:33:03,648 INFO [main] o.h.c.AnnotationBinder [AnnotationBinder.java:532] Binding entity from annotated class: com.ss.course.value.GCUDegree
 2013-07-28 22:33:03,649 INFO [main] o.h.c.a.EntityBinder [EntityBinder.java:519] Bind entity com.ss.course.value.GCUDegree on table ss_tbl_gcu_degree_master
 2013-07-28 22:33:03,650 INFO [main] o.h.c.AnnotationBinder [AnnotationBinder.java:532] Binding entity from annotated class: com.ss.course.value.MilitarySubject
 2013-07-28 22:33:03,650 INFO [main] o.h.c.a.EntityBinder [EntityBinder.java:519] Bind entity com.ss.course.value.MilitarySubject on table ss_tbl_military_subject
 2013-07-28 22:33:03,653 INFO [main] o.h.c.AnnotationBinder [AnnotationBinder.java:532] Binding entity from annotated class: com.ss.course.value.TransferCourse
 2013-07-28 22:33:03,653 INFO [main] o.h.c.a.EntityBinder [EntityBinder.java:519] Bind entity com.ss.course.value.TransferCourse on table ss_tbl_transfer_course
 2013-07-28 22:33:03,662 INFO [main] o.h.c.AnnotationBinder [AnnotationBinder.java:532] Binding entity from annotated class: com.ss.course.value.TransferCourseMirror
 2013-07-28 22:33:03,663 INFO [main] o.h.c.a.EntityBinder [EntityBinder.java:519] Bind entity com.ss.course.value.TransferCourseMirror on table ss_tbl_transfer_course_mirror
 2013-07-28 22:33:03,665 INFO [main] o.h.c.AnnotationBinder [AnnotationBinder.java:532] Binding entity from annotated class: com.ss.course.value.TransferCourseTitle
 2013-07-28 22:33:03,666 INFO [main] o.h.c.a.EntityBinder [EntityBinder.java:519] Bind entity com.ss.course.value.TransferCourseTitle on table ss_tbl_transfer_course_title_assoc
 2013-07-28 22:33:03,668 INFO [main] o.h.c.AnnotationBinder [AnnotationBinder.java:532] Binding entity from annotated class: com.ss.evaluation.value.College
 2013-07-28 22:33:03,669 INFO [main] o.h.c.a.EntityBinder [EntityBinder.java:519] Bind entity com.ss.evaluation.value.College on table ss_tbl_college_master
 2013-07-28 22:33:03,671 INFO [main] o.h.c.AnnotationBinder [AnnotationBinder.java:532] Binding entity from annotated class: com.ss.evaluation.value.CollegeProgram
 2013-07-28 22:33:03,671 INFO [main] o.h.c.a.EntityBinder [EntityBinder.java:519] Bind entity com.ss.evaluation.value.CollegeProgram on table ss_tbl_college_program
 2013-07-28 22:33:03,673 INFO [main] o.h.c.AnnotationBinder [AnnotationBinder.java:532] Binding entity from annotated class: com.ss.evaluation.value.Country
 2013-07-28 22:33:03,674 INFO [main] o.h.c.a.EntityBinder [EntityBinder.java:519] Bind entity com.ss.evaluation.value.Country on table ss_tbl_country_master
 2013-07-28 22:33:03,675 INFO [main] o.h.c.AnnotationBinder [AnnotationBinder.java:532] Binding entity from annotated class: com.ss.evaluation.value.SleCollege
 2013-07-28 22:33:03,675 INFO [main] o.h.c.a.EntityBinder [EntityBinder.java:519] Bind entity com.ss.evaluation.value.SleCollege on table ss_tbl_sle_college
 2013-07-28 22:33:03,677 INFO [main] o.h.c.AnnotationBinder [AnnotationBinder.java:532] Binding entity from annotated class: com.ss.evaluation.value.Student
 2013-07-28 22:33:03,678 INFO [main] o.h.c.a.EntityBinder [EntityBinder.java:519] Bind entity com.ss.evaluation.value.Student on table ss_tbl_student
 2013-07-28 22:33:03,682 INFO [main] o.h.c.AnnotationBinder [AnnotationBinder.java:532] Binding entity from annotated class: com.ss.evaluation.value.StudentInstitutionDegree
 2013-07-28 22:33:03,683 INFO [main] o.h.c.a.EntityBinder [EntityBinder.java:519] Bind entity com.ss.evaluation.value.StudentInstitutionDegree on table ss_tbl_student_institution_degree
 2013-07-28 22:33:03,687 INFO [main] o.h.c.AnnotationBinder [AnnotationBinder.java:532] Binding entity from annotated class: com.ss.evaluation.value.StudentInstitutionTranscript
 2013-07-28 22:33:03,688 INFO [main] o.h.c.a.EntityBinder [EntityBinder.java:519] Bind entity com.ss.evaluation.value.StudentInstitutionTranscript on table ss_tbl_student_institution_transcript
 2013-07-28 22:33:03,716 INFO [main] o.h.c.AnnotationBinder [AnnotationBinder.java:532] Binding entity from annotated class: com.ss.evaluation.value.StudentProgramEvaluation
 2013-07-28 22:33:03,716 INFO [main] o.h.c.a.EntityBinder [EntityBinder.java:519] Bind entity com.ss.evaluation.value.StudentProgramEvaluation on table ss_tbl_student_program_evaluation
 2013-07-28 22:33:03,720 INFO [main] o.h.c.AnnotationBinder [AnnotationBinder.java:532] Binding entity from annotated class: com.ss.evaluation.value.StudentTranscriptCourse
 2013-07-28 22:33:03,720 INFO [main] o.h.c.a.EntityBinder [EntityBinder.java:519] Bind entity com.ss.evaluation.value.StudentTranscriptCourse on table ss_tbl_student_transcript_course
 2013-07-28 22:33:03,726 INFO [main] o.h.c.AnnotationBinder [AnnotationBinder.java:532] Binding entity from annotated class: com.ss.evaluation.value.TranscriptComments
 2013-07-28 22:33:03,727 INFO [main] o.h.c.a.EntityBinder [EntityBinder.java:519] Bind entity com.ss.evaluation.value.TranscriptComments on table ss_tbl_transcript_comment
 2013-07-28 22:33:03,729 INFO [main] o.h.c.AnnotationBinder [AnnotationBinder.java:532] Binding entity from annotated class: com.ss.evaluation.value.TranscriptCourseSubject
 2013-07-28 22:33:03,729 INFO [main] o.h.c.a.EntityBinder [EntityBinder.java:519] Bind entity com.ss.evaluation.value.TranscriptCourseSubject on table ss_tbl_transcript_course_subject
 2013-07-28 22:33:03,732 INFO [main] o.h.c.AnnotationBinder [AnnotationBinder.java:532] Binding entity from annotated class: com.ss.evaluation.value.TransferCourseGcuCourseCategoryMapping
 2013-07-28 22:33:03,732 INFO [main] o.h.c.a.EntityBinder [EntityBinder.java:519] Bind entity com.ss.evaluation.value.TransferCourseGcuCourseCategoryMapping on table ss_tbl_transfer_course_gcu_coursecategory_mapping
 2013-07-28 22:33:03,735 INFO [main] o.h.c.AnnotationBinder [AnnotationBinder.java:532] Binding entity from annotated class: com.ss.evaluation.value.TransferCourseGcuCourseMapping
 2013-07-28 22:33:03,735 INFO [main] o.h.c.a.EntityBinder [EntityBinder.java:519] Bind entity com.ss.evaluation.value.TransferCourseGcuCourseMapping on table ss_tbl_transfer_course_gcucourse_mapping
 2013-07-28 22:33:03,738 INFO [main] o.h.c.AnnotationBinder [AnnotationBinder.java:532] Binding entity from annotated class: com.ss.institution.value.AccreditingBody
 2013-07-28 22:33:03,738 INFO [main] o.h.c.a.EntityBinder [EntityBinder.java:519] Bind entity com.ss.institution.value.AccreditingBody on table ss_tbl_accrediting_body
 2013-07-28 22:33:03,740 INFO [main] o.h.c.AnnotationBinder [AnnotationBinder.java:532] Binding entity from annotated class: com.ss.institution.value.AccreditingBodyInstitute
 2013-07-28 22:33:03,740 INFO [main] o.h.c.a.EntityBinder [EntityBinder.java:519] Bind entity com.ss.institution.value.AccreditingBodyInstitute on table ss_tbl_accreditingbody_institute_assoc
 2013-07-28 22:33:03,743 INFO [main] o.h.c.AnnotationBinder [AnnotationBinder.java:532] Binding entity from annotated class: com.ss.institution.value.ArticulationAgreement
 2013-07-28 22:33:03,743 INFO [main] o.h.c.a.EntityBinder [EntityBinder.java:519] Bind entity com.ss.institution.value.ArticulationAgreement on table ss_tbl_articulation_agreement
 2013-07-28 22:33:03,746 INFO [main] o.h.c.AnnotationBinder [AnnotationBinder.java:532] Binding entity from annotated class: com.ss.institution.value.ArticulationAgreementDetails
 2013-07-28 22:33:03,746 INFO [main] o.h.c.a.EntityBinder [EntityBinder.java:519] Bind entity com.ss.institution.value.ArticulationAgreementDetails on table ss_tbl_articulation_agreement_details
 2013-07-28 22:33:03,748 INFO [main] o.h.c.AnnotationBinder [AnnotationBinder.java:532] Binding entity from annotated class: com.ss.institution.value.GcuCourseLevel
 2013-07-28 22:33:03,748 INFO [main] o.h.c.a.EntityBinder [EntityBinder.java:519] Bind entity com.ss.institution.value.GcuCourseLevel on table ss_tbl_gcu_course_level
 2013-07-28 22:33:03,750 INFO [main] o.h.c.AnnotationBinder [AnnotationBinder.java:532] Binding entity from annotated class: com.ss.institution.value.Institution
 2013-07-28 22:33:03,750 INFO [main] o.h.c.a.EntityBinder [EntityBinder.java:519] Bind entity com.ss.institution.value.Institution on table ss_tbl_institution
 2013-07-28 22:33:03,756 INFO [main] o.h.c.AnnotationBinder [AnnotationBinder.java:532] Binding entity from annotated class: com.ss.institution.value.InstitutionAddress
 2013-07-28 22:33:03,757 INFO [main] o.h.c.a.EntityBinder [EntityBinder.java:519] Bind entity com.ss.institution.value.InstitutionAddress on table ss_tbl_institution_address
 2013-07-28 22:33:03,761 INFO [main] o.h.c.AnnotationBinder [AnnotationBinder.java:532] Binding entity from annotated class: com.ss.institution.value.InstitutionDegree
 2013-07-28 22:33:03,761 INFO [main] o.h.c.a.EntityBinder [EntityBinder.java:519] Bind entity com.ss.institution.value.InstitutionDegree on table ss_tbl_institution_degree
 2013-07-28 22:33:03,763 INFO [main] o.h.c.AnnotationBinder [AnnotationBinder.java:532] Binding entity from annotated class: com.ss.institution.value.InstitutionMirror
 2013-07-28 22:33:03,764 INFO [main] o.h.c.a.EntityBinder [EntityBinder.java:519] Bind entity com.ss.institution.value.InstitutionMirror on table ss_tbl_institution_mirror
 2013-07-28 22:33:03,766 INFO [main] o.h.c.AnnotationBinder [AnnotationBinder.java:532] Binding entity from annotated class: com.ss.institution.value.InstitutionTermType
 2013-07-28 22:33:03,766 INFO [main] o.h.c.a.EntityBinder [EntityBinder.java:519] Bind entity com.ss.institution.value.InstitutionTermType on table ss_tbl_institute_termtype_assoc
 2013-07-28 22:33:03,768 INFO [main] o.h.c.AnnotationBinder [AnnotationBinder.java:532] Binding entity from annotated class: com.ss.institution.value.InstitutionTranscript
 2013-07-28 22:33:03,769 INFO [main] o.h.c.a.EntityBinder [EntityBinder.java:519] Bind entity com.ss.institution.value.InstitutionTranscript on table ss_tbl_institution_transcript
 2013-07-28 22:33:03,770 INFO [main] o.h.c.AnnotationBinder [AnnotationBinder.java:532] Binding entity from annotated class: com.ss.institution.value.InstitutionTranscriptKey
 2013-07-28 22:33:03,770 INFO [main] o.h.c.a.EntityBinder [EntityBinder.java:519] Bind entity com.ss.institution.value.InstitutionTranscriptKey on table ss_tbl_institution_transcriptkey
 2013-07-28 22:33:03,774 INFO [main] o.h.c.AnnotationBinder [AnnotationBinder.java:532] Binding entity from annotated class: com.ss.institution.value.InstitutionTranscriptKeyDetails
 2013-07-28 22:33:03,774 INFO [main] o.h.c.a.EntityBinder [EntityBinder.java:519] Bind entity com.ss.institution.value.InstitutionTranscriptKeyDetails on table ss_tbl_institute_transcriptkey_details
 2013-07-28 22:33:03,777 INFO [main] o.h.c.AnnotationBinder [AnnotationBinder.java:532] Binding entity from annotated class: com.ss.institution.value.InstitutionTranscriptKeyGrade
 2013-07-28 22:33:03,778 INFO [main] o.h.c.a.EntityBinder [EntityBinder.java:519] Bind entity com.ss.institution.value.InstitutionTranscriptKeyGrade on table ss_tbl_institute_transcriptkey_grade
 2013-07-28 22:33:03,780 INFO [main] o.h.c.AnnotationBinder [AnnotationBinder.java:532] Binding entity from annotated class: com.ss.institution.value.InstitutionType
 2013-07-28 22:33:03,781 INFO [main] o.h.c.a.EntityBinder [EntityBinder.java:519] Bind entity com.ss.institution.value.InstitutionType on table ss_tbl_institution_type
 2013-07-28 22:33:03,782 INFO [main] o.h.c.AnnotationBinder [AnnotationBinder.java:532] Binding entity from annotated class: com.ss.institution.value.TermType
 2013-07-28 22:33:03,783 INFO [main] o.h.c.a.EntityBinder [EntityBinder.java:519] Bind entity com.ss.institution.value.TermType on table ss_tbl_termtype_master
 2013-07-28 22:33:03,784 INFO [main] o.h.c.AnnotationBinder [AnnotationBinder.java:532] Binding entity from annotated class: com.ss.institution.value.TransferCourseInstitutionTranscriptKeyGradeAssoc
 2013-07-28 22:33:03,785 INFO [main] o.h.c.a.EntityBinder [EntityBinder.java:519] Bind entity com.ss.institution.value.TransferCourseInstitutionTranscriptKeyGradeAssoc on table ss_tbl_transfercourse_institute_transcriptkey_grade_assoc
 2013-07-28 22:33:03,788 INFO [main] o.h.c.AnnotationBinder [AnnotationBinder.java:532] Binding entity from annotated class: com.ss.user.value.Role
 2013-07-28 22:33:03,789 INFO [main] o.h.c.a.EntityBinder [EntityBinder.java:519] Bind entity com.ss.user.value.Role on table ss_tbl_role_master
 2013-07-28 22:33:03,792 INFO [main] o.h.c.AnnotationBinder [AnnotationBinder.java:532] Binding entity from annotated class: com.ss.user.value.User
 2013-07-28 22:33:03,792 INFO [main] o.h.c.a.EntityBinder [EntityBinder.java:519] Bind entity com.ss.user.value.User on table ss_tbl_user
 2013-07-28 22:33:03,797 INFO [main] o.h.c.AnnotationBinder [AnnotationBinder.java:532] Binding entity from annotated class: com.ss.user.value.UserRole
 2013-07-28 22:33:03,797 INFO [main] o.h.c.a.EntityBinder [EntityBinder.java:519] Bind entity com.ss.user.value.UserRole on table ss_tbl_user_role_assoc
 2013-07-28 22:33:03,812 INFO [main] o.h.c.a.CollectionBinder [CollectionBinder.java:745] Mapping collection: com.ss.evaluation.value.StudentInstitutionTranscript.studentInstitutionDegreeSet -> ss_tbl_student_institution_degree
 2013-07-28 22:33:03,814 INFO [main] o.h.c.a.CollectionBinder [CollectionBinder.java:745] Mapping collection: com.ss.institution.value.ArticulationAgreement.articulationAgreementDetailsList -> ss_tbl_articulation_agreement_details
 2013-07-28 22:33:03,814 INFO [main] o.h.c.a.CollectionBinder [CollectionBinder.java:745] Mapping collection: com.ss.institution.value.InstitutionTranscriptKey.institutionTranscriptKeyDetailsList -> ss_tbl_institute_transcriptkey_details
 2013-07-28 22:33:03,814 INFO [main] o.h.c.a.CollectionBinder [CollectionBinder.java:745] Mapping collection: com.ss.institution.value.InstitutionTranscriptKey.institutionTranscriptKeyGradeList -> ss_tbl_institute_transcriptkey_grade
 2013-07-28 22:33:03,818 INFO [main] o.h.c.Configuration [Configuration.java:1646] Hibernate Validator not found: ignoring
 2013-07-28 22:33:03,820 INFO [main] o.s.o.h.a.AnnotationSessionFactoryBean [LocalSessionFactoryBean.java:780] Building new Hibernate SessionFactory
 2013-07-28 22:33:03,823 INFO [main] o.h.c.s.HibernateSearchEventListenerRegister [HibernateSearchEventListenerRegister.java:75] Unable to find org.hibernate.search.event.FullTextIndexEventListener on the classpath. Hibernate Search is not enabled.
 2013-07-28 22:33:03,842 INFO [main] o.h.c.ConnectionProviderFactory [ConnectionProviderFactory.java:173] Initializing connection provider: org.springframework.orm.hibernate3.LocalDataSourceConnectionProvider
 2013-07-28 22:33:04,081 INFO [main] o.h.c.SettingsFactory [SettingsFactory.java:117] Database ->
       name : Microsoft SQL Server
    version : 10.50.1720
      major : 10
      minor : 50
 2013-07-28 22:33:04,081 INFO [main] o.h.c.SettingsFactory [SettingsFactory.java:123] Driver ->
       name : jTDS Type 4 JDBC Driver for MS SQL Server and Sybase
    version : 1.2.2
      major : 1
      minor : 2
 2013-07-28 22:33:04,094 INFO [main] o.h.d.Dialect [Dialect.java:108] Using dialect: org.hibernate.dialect.SQLServerDialect
 2013-07-28 22:33:04,102 INFO [main] o.h.e.j.JdbcSupportLoader [JdbcSupportLoader.java:79] Disabling contextual LOB creation as JDBC driver reported JDBC version [3] less than 4
 2013-07-28 22:33:04,105 INFO [main] o.h.t.TransactionFactoryFactory [TransactionFactoryFactory.java:62] Transaction strategy: org.springframework.orm.hibernate3.SpringTransactionFactory
 2013-07-28 22:33:04,106 INFO [main] o.h.t.TransactionManagerLookupFactory [TransactionManagerLookupFactory.java:80] No TransactionManagerLookup configured (in JTA environment, use of read-write or transactional second-level cache is not recommended)
 2013-07-28 22:33:04,106 INFO [main] o.h.c.SettingsFactory [SettingsFactory.java:179] Automatic flush during beforeCompletion(): disabled
 2013-07-28 22:33:04,107 INFO [main] o.h.c.SettingsFactory [SettingsFactory.java:183] Automatic session close at end of transaction: disabled
 2013-07-28 22:33:04,107 INFO [main] o.h.c.SettingsFactory [SettingsFactory.java:198] Scrollable result sets: enabled
 2013-07-28 22:33:04,107 INFO [main] o.h.c.SettingsFactory [SettingsFactory.java:206] JDBC3 getGeneratedKeys(): enabled
 2013-07-28 22:33:04,108 INFO [main] o.h.c.SettingsFactory [SettingsFactory.java:214] Connection release mode: auto
 2013-07-28 22:33:04,108 INFO [main] o.h.c.SettingsFactory [SettingsFactory.java:241] Default batch fetch size: 1
 2013-07-28 22:33:04,109 INFO [main] o.h.c.SettingsFactory [SettingsFactory.java:245] Generate SQL with comments: disabled
 2013-07-28 22:33:04,109 INFO [main] o.h.c.SettingsFactory [SettingsFactory.java:249] Order SQL updates by primary key: disabled
 2013-07-28 22:33:04,109 INFO [main] o.h.c.SettingsFactory [SettingsFactory.java:253] Order SQL inserts for batching: disabled
 2013-07-28 22:33:04,109 INFO [main] o.h.c.SettingsFactory [SettingsFactory.java:431] Query translator: org.hibernate.hql.ast.ASTQueryTranslatorFactory
 2013-07-28 22:33:04,111 INFO [main] o.h.h.a.ASTQueryTranslatorFactory [ASTQueryTranslatorFactory.java:47] Using ASTQueryTranslatorFactory
 2013-07-28 22:33:04,111 INFO [main] o.h.c.SettingsFactory [SettingsFactory.java:261] Query language substitutions: {}
 2013-07-28 22:33:04,111 INFO [main] o.h.c.SettingsFactory [SettingsFactory.java:266] JPA-QL strict compliance: disabled
 2013-07-28 22:33:04,111 INFO [main] o.h.c.SettingsFactory [SettingsFactory.java:271] Second-level cache: enabled
 2013-07-28 22:33:04,112 INFO [main] o.h.c.SettingsFactory [SettingsFactory.java:275] Query cache: disabled
 2013-07-28 22:33:04,112 INFO [main] o.h.c.SettingsFactory [SettingsFactory.java:406] Cache region factory : org.hibernate.cache.impl.NoCachingRegionFactory
 2013-07-28 22:33:04,113 INFO [main] o.h.c.SettingsFactory [SettingsFactory.java:285] Optimize cache for minimal puts: disabled
 2013-07-28 22:33:04,113 INFO [main] o.h.c.SettingsFactory [SettingsFactory.java:294] Structured second-level cache entries: disabled
 2013-07-28 22:33:04,117 INFO [main] o.h.c.SettingsFactory [SettingsFactory.java:323] Statistics: disabled
 2013-07-28 22:33:04,117 INFO [main] o.h.c.SettingsFactory [SettingsFactory.java:327] Deleted entity synthetic identifier rollback: disabled
 2013-07-28 22:33:04,118 INFO [main] o.h.c.SettingsFactory [SettingsFactory.java:343] Default entity-mode: pojo
 2013-07-28 22:33:04,119 INFO [main] o.h.c.SettingsFactory [SettingsFactory.java:347] Named query checking : enabled
 2013-07-28 22:33:04,119 INFO [main] o.h.c.SettingsFactory [SettingsFactory.java:351] Check Nullability in Core (should be disabled when Bean Validation is on): enabled
 2013-07-28 22:33:04,136 INFO [main] o.h.i.SessionFactoryImpl [SessionFactoryImpl.java:200] building session factory
 2013-07-28 22:33:04,541 INFO [main] o.h.i.SessionFactoryObjectFactory [SessionFactoryObjectFactory.java:105] Not binding factory to JNDI, no JNDI name configured
 2013-07-28 22:33:05,325 INFO [main] o.s.w.s.s.SaajSoapMessageFactory [SaajSoapMessageFactory.java:135] Creating SAAJ 1.3 MessageFactory with SOAP 1.1 Protocol
 2013-07-28 22:33:05,350 INFO [main] o.s.o.j.Jaxb2Marshaller [Jaxb2Marshaller.java:365] Creating JAXBContext with classes to be bound [class com.campusmgmt.soa.foundation.messagedefinition.AddTransferCourses,class com.campusmgmt.soa.foundation.messagedefinition.AddTransferCoursesResponse,class com.campusmgmt.soa.foundation.GetAuthorizationToken,class com.campusmgmt.soa.foundation.GetAuthorizationTokenResponse,class edu.gcu.InsertInstitutionRequest,class edu.gcu.InsertInstitutionResponse]
 2013-07-28 22:33:05,553 INFO [main] o.s.j.d.DriverManagerDataSource [DriverManagerDataSource.java:153] Loaded JDBC driver: net.sourceforge.jtds.jdbc.Driver
 2013-07-28 22:33:05,585 INFO [main] o.s.o.h.HibernateTransactionManager [HibernateTransactionManager.java:416] Using DataSource [org.springframework.jdbc.datasource.DriverManagerDataSource@5b34329b] of Hibernate SessionFactory for HibernateTransactionManager
 2013-07-28 22:33:05,927 INFO [main] o.s.t.c.t.TransactionalTestExecutionListener [TransactionalTestExecutionListener.java:279] Began transaction (1): transaction manager [org.springframework.orm.hibernate3.HibernateTransactionManager@27d9e895]; rollback [true]
 2013-07-28 22:33:06,049 INFO [main] o.s.t.c.t.TransactionalTestExecutionListener [TransactionalTestExecutionListener.java:299] Rolled back transaction after test execution for test context [TestContext@5e3c58a9 testClass = StudentServiceTest, testInstance = com.ss.evaluation.service.StudentServiceTest@4be0ef94, testMethod = testGetStudentByCrmId@StudentServiceTest, testException = [null], mergedContextConfiguration = [MergedContextConfiguration@1c910477 testClass = StudentServiceTest, locations = '{classpath:applicationContext.xml, classpath:applicationContext-test.xml}', classes = '{}', contextInitializerClasses = '[]', activeProfiles = '{}', contextLoader = 'org.springframework.test.context.support.DelegatingSmartContextLoader']]
 2013-07-28 22:33:06,286 INFO [main] o.s.t.c.t.TransactionalTestExecutionListener [TransactionalTestExecutionListener.java:279] Began transaction (2): transaction manager [org.springframework.orm.hibernate3.HibernateTransactionManager@27d9e895]; rollback [true]
 2013-07-28 22:33:06,429 INFO [main] o.s.t.c.t.TransactionalTestExecutionListener [TransactionalTestExecutionListener.java:299] Rolled back transaction after test execution for test context [TestContext@5e3c58a9 testClass = StudentServiceTest, testInstance = com.ss.evaluation.service.StudentServiceTest@44efdd58, testMethod = testSearchStudent@StudentServiceTest, testException = [null], mergedContextConfiguration = [MergedContextConfiguration@1c910477 testClass = StudentServiceTest, locations = '{classpath:applicationContext.xml, classpath:applicationContext-test.xml}', classes = '{}', contextInitializerClasses = '[]', activeProfiles = '{}', contextLoader = 'org.springframework.test.context.support.DelegatingSmartContextLoader']]
 2013-07-28 22:33:06,717 INFO [main] o.s.t.c.t.TransactionalTestExecutionListener [TransactionalTestExecutionListener.java:279] Began transaction (3): transaction manager [org.springframework.orm.hibernate3.HibernateTransactionManager@27d9e895]; rollback [true]
 2013-07-28 22:33:06,838 INFO [main] o.s.t.c.t.TransactionalTestExecutionListener [TransactionalTestExecutionListener.java:299] Rolled back transaction after test execution for test context [TestContext@5e3c58a9 testClass = StudentServiceTest, testInstance = com.ss.evaluation.service.StudentServiceTest@4e96ac47, testMethod = testGetStudentProgramInformation@StudentServiceTest, testException = [null], mergedContextConfiguration = [MergedContextConfiguration@1c910477 testClass = StudentServiceTest, locations = '{classpath:applicationContext.xml, classpath:applicationContext-test.xml}', classes = '{}', contextInitializerClasses = '[]', activeProfiles = '{}', contextLoader = 'org.springframework.test.context.support.DelegatingSmartContextLoader']]
 2013-07-28 22:33:07,086 INFO [main] o.s.t.c.t.TransactionalTestExecutionListener [TransactionalTestExecutionListener.java:279] Began transaction (4): transaction manager [org.springframework.orm.hibernate3.HibernateTransactionManager@27d9e895]; rollback [true]
 2013-07-28 22:33:07,205 INFO [main] o.s.t.c.t.TransactionalTestExecutionListener [TransactionalTestExecutionListener.java:299] Rolled back transaction after test execution for test context [TestContext@5e3c58a9 testClass = StudentServiceTest, testInstance = com.ss.evaluation.service.StudentServiceTest@60891a0, testMethod = testGetStudentById@StudentServiceTest, testException = [null], mergedContextConfiguration = [MergedContextConfiguration@1c910477 testClass = StudentServiceTest, locations = '{classpath:applicationContext.xml, classpath:applicationContext-test.xml}', classes = '{}', contextInitializerClasses = '[]', activeProfiles = '{}', contextLoader = 'org.springframework.test.context.support.DelegatingSmartContextLoader']]
 2013-07-28 22:33:07,452 INFO [main] o.s.t.c.t.TransactionalTestExecutionListener [TransactionalTestExecutionListener.java:279] Began transaction (5): transaction manager [org.springframework.orm.hibernate3.HibernateTransactionManager@27d9e895]; rollback [true]
 2013-07-28 22:33:07,572 INFO [main] o.s.t.c.t.TransactionalTestExecutionListener [TransactionalTestExecutionListener.java:299] Rolled back transaction after test execution for test context [TestContext@5e3c58a9 testClass = StudentServiceTest, testInstance = com.ss.evaluation.service.StudentServiceTest@1c90a278, testMethod = testCreateStudentRecord@StudentServiceTest, testException = [null], mergedContextConfiguration = [MergedContextConfiguration@1c910477 testClass = StudentServiceTest, locations = '{classpath:applicationContext.xml, classpath:applicationContext-test.xml}', classes = '{}', contextInitializerClasses = '[]', activeProfiles = '{}', contextLoader = 'org.springframework.test.context.support.DelegatingSmartContextLoader']]
 2013-07-28 22:33:07,843 INFO [main] o.s.t.c.t.TransactionalTestExecutionListener [TransactionalTestExecutionListener.java:279] Began transaction (1): transaction manager [org.springframework.orm.hibernate3.HibernateTransactionManager@27d9e895]; rollback [true]
 2013-07-28 22:33:08,310 INFO [main] o.s.t.c.t.TransactionalTestExecutionListener [TransactionalTestExecutionListener.java:299] Rolled back transaction after test execution for test context [TestContext@67717334 testClass = InstitutionMgmtDAOTest, testInstance = com.ss.institution.dao.InstitutionMgmtDAOTest@49428ffa, testMethod = testAddInstitution@InstitutionMgmtDAOTest, testException = [null], mergedContextConfiguration = [MergedContextConfiguration@30fa8ba9 testClass = InstitutionMgmtDAOTest, locations = '{classpath:applicationContext.xml, classpath:applicationContext-test.xml}', classes = '{}', contextInitializerClasses = '[]', activeProfiles = '{}', contextLoader = 'org.springframework.test.context.support.DelegatingSmartContextLoader']]
 2013-07-28 22:33:08,553 INFO [main] o.s.t.c.t.TransactionalTestExecutionListener [TransactionalTestExecutionListener.java:279] Began transaction (2): transaction manager [org.springframework.orm.hibernate3.HibernateTransactionManager@27d9e895]; rollback [true]
 2013-07-28 22:33:08,944 INFO [main] o.s.t.c.t.TransactionalTestExecutionListener [TransactionalTestExecutionListener.java:299] Rolled back transaction after test execution for test context [TestContext@67717334 testClass = InstitutionMgmtDAOTest, testInstance = com.ss.institution.dao.InstitutionMgmtDAOTest@45ee5b36, testMethod = testAddInstitution2@InstitutionMgmtDAOTest, testException = [null], mergedContextConfiguration = [MergedContextConfiguration@30fa8ba9 testClass = InstitutionMgmtDAOTest, locations = '{classpath:applicationContext.xml, classpath:applicationContext-test.xml}', classes = '{}', contextInitializerClasses = '[]', activeProfiles = '{}', contextLoader = 'org.springframework.test.context.support.DelegatingSmartContextLoader']]
 2013-07-28 22:33:09,189 INFO [main] o.s.t.c.t.TransactionalTestExecutionListener [TransactionalTestExecutionListener.java:279] Began transaction (1): transaction manager [org.springframework.orm.hibernate3.HibernateTransactionManager@27d9e895]; rollback [true]
 2013-07-28 22:33:09,661 INFO [main] o.s.t.c.t.TransactionalTestExecutionListener [TransactionalTestExecutionListener.java:299] Rolled back transaction after test execution for test context [TestContext@57a18493 testClass = UserDAOTest, testInstance = com.ss.user.dao.UserDAOTest@2d06fbd7, testMethod = testFindUserByUserName@UserDAOTest, testException = [null], mergedContextConfiguration = [MergedContextConfiguration@257ff759 testClass = UserDAOTest, locations = '{classpath:applicationContext.xml, classpath:applicationContext-test.xml}', classes = '{}', contextInitializerClasses = '[]', activeProfiles = '{}', contextLoader = 'org.springframework.test.context.support.DelegatingSmartContextLoader']]
 2013-07-28 22:33:09,902 INFO [main] o.s.t.c.t.TransactionalTestExecutionListener [TransactionalTestExecutionListener.java:279] Began transaction (2): transaction manager [org.springframework.orm.hibernate3.HibernateTransactionManager@27d9e895]; rollback [true]
 2013-07-28 22:33:10,368 INFO [main] o.s.t.c.t.TransactionalTestExecutionListener [TransactionalTestExecutionListener.java:299] Rolled back transaction after test execution for test context [TestContext@57a18493 testClass = UserDAOTest, testInstance = com.ss.user.dao.UserDAOTest@17db4c43, testMethod = testFindUserByUserNameCaseSensitive@UserDAOTest, testException = [null], mergedContextConfiguration = [MergedContextConfiguration@257ff759 testClass = UserDAOTest, locations = '{classpath:applicationContext.xml, classpath:applicationContext-test.xml}', classes = '{}', contextInitializerClasses = '[]', activeProfiles = '{}', contextLoader = 'org.springframework.test.context.support.DelegatingSmartContextLoader']]
 2013-07-28 22:33:10,618 INFO [main] o.s.t.c.t.TransactionalTestExecutionListener [TransactionalTestExecutionListener.java:279] Began transaction (3): transaction manager [org.springframework.orm.hibernate3.HibernateTransactionManager@27d9e895]; rollback [true]
 2013-07-28 22:33:11,049 INFO [main] o.s.t.c.t.TransactionalTestExecutionListener [TransactionalTestExecutionListener.java:299] Rolled back transaction after test execution for test context [TestContext@57a18493 testClass = UserDAOTest, testInstance = com.ss.user.dao.UserDAOTest@2b650cea, testMethod = testAddUser@UserDAOTest, testException = [null], mergedContextConfiguration = [MergedContextConfiguration@257ff759 testClass = UserDAOTest, locations = '{classpath:applicationContext.xml, classpath:applicationContext-test.xml}', classes = '{}', contextInitializerClasses = '[]', activeProfiles = '{}', contextLoader = 'org.springframework.test.context.support.DelegatingSmartContextLoader']]
 2013-07-28 22:33:11,304 INFO [main] o.s.t.c.t.TransactionalTestExecutionListener [TransactionalTestExecutionListener.java:279] Began transaction (4): transaction manager [org.springframework.orm.hibernate3.HibernateTransactionManager@27d9e895]; rollback [true]
 2013-07-28 22:33:11,861 INFO [main] o.s.t.c.t.TransactionalTestExecutionListener [TransactionalTestExecutionListener.java:299] Rolled back transaction after test execution for test context [TestContext@57a18493 testClass = UserDAOTest, testInstance = com.ss.user.dao.UserDAOTest@f3cc05f, testMethod = testUpdateUser@UserDAOTest, testException = [null], mergedContextConfiguration = [MergedContextConfiguration@257ff759 testClass = UserDAOTest, locations = '{classpath:applicationContext.xml, classpath:applicationContext-test.xml}', classes = '{}', contextInitializerClasses = '[]', activeProfiles = '{}', contextLoader = 'org.springframework.test.context.support.DelegatingSmartContextLoader']]
 2013-07-28 22:33:12,126 INFO [main] o.s.t.c.t.TransactionalTestExecutionListener [TransactionalTestExecutionListener.java:279] Began transaction (5): transaction manager [org.springframework.orm.hibernate3.HibernateTransactionManager@27d9e895]; rollback [true]
 2013-07-28 22:33:12,380 INFO [main] o.s.t.c.t.TransactionalTestExecutionListener [TransactionalTestExecutionListener.java:299] Rolled back transaction after test execution for test context [TestContext@57a18493 testClass = UserDAOTest, testInstance = com.ss.user.dao.UserDAOTest@4e7f3159, testMethod = testFindAllRoles@UserDAOTest, testException = [null], mergedContextConfiguration = [MergedContextConfiguration@257ff759 testClass = UserDAOTest, locations = '{classpath:applicationContext.xml, classpath:applicationContext-test.xml}', classes = '{}', contextInitializerClasses = '[]', activeProfiles = '{}', contextLoader = 'org.springframework.test.context.support.DelegatingSmartContextLoader']]
 2013-07-28 22:33:12,628 INFO [main] o.s.t.c.t.TransactionalTestExecutionListener [TransactionalTestExecutionListener.java:279] Began transaction (6): transaction manager [org.springframework.orm.hibernate3.HibernateTransactionManager@27d9e895]; rollback [true]
 2013-07-28 22:33:13,573 INFO [main] o.s.t.c.t.TransactionalTestExecutionListener [TransactionalTestExecutionListener.java:299] Rolled back transaction after test execution for test context [TestContext@57a18493 testClass = UserDAOTest, testInstance = com.ss.user.dao.UserDAOTest@4e785727, testMethod = testAddUserRoleAndFindRolesByUsername@UserDAOTest, testException = [null], mergedContextConfiguration = [MergedContextConfiguration@257ff759 testClass = UserDAOTest, locations = '{classpath:applicationContext.xml, classpath:applicationContext-test.xml}', classes = '{}', contextInitializerClasses = '[]', activeProfiles = '{}', contextLoader = 'org.springframework.test.context.support.DelegatingSmartContextLoader']]
 2013-07-28 22:33:13,817 INFO [main] o.s.t.c.t.TransactionalTestExecutionListener [TransactionalTestExecutionListener.java:279] Began transaction (7): transaction manager [org.springframework.orm.hibernate3.HibernateTransactionManager@27d9e895]; rollback [true]
 2013-07-28 22:33:13,943 INFO [main] o.s.t.c.t.TransactionalTestExecutionListener [TransactionalTestExecutionListener.java:299] Rolled back transaction after test execution for test context [TestContext@57a18493 testClass = UserDAOTest, testInstance = com.ss.user.dao.UserDAOTest@77f541ef, testMethod = testGetUserRoleList@UserDAOTest, testException = [null], mergedContextConfiguration = [MergedContextConfiguration@257ff759 testClass = UserDAOTest, locations = '{classpath:applicationContext.xml, classpath:applicationContext-test.xml}', classes = '{}', contextInitializerClasses = '[]', activeProfiles = '{}', contextLoader = 'org.springframework.test.context.support.DelegatingSmartContextLoader']]
 2013-07-28 22:33:14,191 INFO [main] o.s.t.c.t.TransactionalTestExecutionListener [TransactionalTestExecutionListener.java:279] Began transaction (8): transaction manager [org.springframework.orm.hibernate3.HibernateTransactionManager@27d9e895]; rollback [true]
 2013-07-28 22:33:15,234 INFO [main] o.s.t.c.t.TransactionalTestExecutionListener [TransactionalTestExecutionListener.java:299] Rolled back transaction after test execution for test context [TestContext@57a18493 testClass = UserDAOTest, testInstance = com.ss.user.dao.UserDAOTest@33d4f6b4, testMethod = testGetRoleNameForUser@UserDAOTest, testException = [null], mergedContextConfiguration = [MergedContextConfiguration@257ff759 testClass = UserDAOTest, locations = '{classpath:applicationContext.xml, classpath:applicationContext-test.xml}', classes = '{}', contextInitializerClasses = '[]', activeProfiles = '{}', contextLoader = 'org.springframework.test.context.support.DelegatingSmartContextLoader']]
 2013-07-28 22:33:15,485 INFO [main] o.s.t.c.t.TransactionalTestExecutionListener [TransactionalTestExecutionListener.java:279] Began transaction (9): transaction manager [org.springframework.orm.hibernate3.HibernateTransactionManager@27d9e895]; rollback [true]
 2013-07-28 22:33:15,757 INFO [main] o.s.t.c.t.TransactionalTestExecutionListener [TransactionalTestExecutionListener.java:299] Rolled back transaction after test execution for test context [TestContext@57a18493 testClass = UserDAOTest, testInstance = com.ss.user.dao.UserDAOTest@52ab6c19, testMethod = testFindRoleByRoleTitle@UserDAOTest, testException = [null], mergedContextConfiguration = [MergedContextConfiguration@257ff759 testClass = UserDAOTest, locations = '{classpath:applicationContext.xml, classpath:applicationContext-test.xml}', classes = '{}', contextInitializerClasses = '[]', activeProfiles = '{}', contextLoader = 'org.springframework.test.context.support.DelegatingSmartContextLoader']]
 2013-07-28 22:33:16,015 INFO [main] o.s.t.c.t.TransactionalTestExecutionListener [TransactionalTestExecutionListener.java:279] Began transaction (10): transaction manager [org.springframework.orm.hibernate3.HibernateTransactionManager@27d9e895]; rollback [true]
 2013-07-28 22:33:18,028 INFO [main] o.s.t.c.t.TransactionalTestExecutionListener [TransactionalTestExecutionListener.java:299] Rolled back transaction after test execution for test context [TestContext@57a18493 testClass = UserDAOTest, testInstance = com.ss.user.dao.UserDAOTest@45858aa4, testMethod = testUpdateUserRole@UserDAOTest, testException = [null], mergedContextConfiguration = [MergedContextConfiguration@257ff759 testClass = UserDAOTest, locations = '{classpath:applicationContext.xml, classpath:applicationContext-test.xml}', classes = '{}', contextInitializerClasses = '[]', activeProfiles = '{}', contextLoader = 'org.springframework.test.context.support.DelegatingSmartContextLoader']]
 2013-07-28 22:33:18,037 INFO [Thread-2] o.s.c.s.GenericApplicationContext [AbstractApplicationContext.java:1042] Closing org.springframework.context.support.GenericApplicationContext@28787c16: startup date [Sun Jul 28 22:33:02 MST 2013]; root of context hierarchy
 2013-07-28 22:33:18,039 INFO [Thread-2] o.s.b.f.s.DefaultListableBeanFactory [DefaultSingletonBeanRegistry.java:444] Destroying singletons in org.springframework.beans.factory.support.DefaultListableBeanFactory@5fb11b79: defining beans [org.springframework.context.config.internalBeanConfigurerAspect,org.springframework.context.annotation.internalConfigurationAnnotationProcessor,org.springframework.context.annotation.internalAutowiredAnnotationProcessor,org.springframework.context.annotation.internalRequiredAnnotationProcessor,org.springframework.context.annotation.internalCommonAnnotationProcessor,org.springframework.context.annotation.internalPersistenceAnnotationProcessor,flexJsonView,userParser,courseController,courseMgmtDaoImpl,courseMirrorMgmtDAOImpl,courseMgmtServiceImpl,adminController,evaluationController,ieManagerController,qualityController,studentLevelEvaluatorController,studentDAO,studentEvaluationDaoImpl,transcriptCommentDAOImpl,transcriptMgmtDAOImpl,transferCourseMgmtDAOImpl,studentSearchClient,evaluationJobServiceImpl,evaluationServiceImpl,studentService,transcriptCommentServiceImpl,transcriptServiceImpl,transferCourseServiceImpl,institutionController,accreditingBodyInstituteDaoImpl,articulationAgreementDaoImpl,institutionMgmtDaoImpl,institutionMirrorMgmtDaoImpl,institutionTermTypeDaoImpl,institutionTranscriptKeyDaoImpl,accreditingBodyInstituteServiceImpl,articulationAgreementServiceImpl,institutionServiceImpl,institutionTermTypeServiceImpl,institutionTranscriptKeyServiceImpl,institutionMessageProcessor,transcriptCreditsMessageProcessor,transferCourseMessageProcessor,jmsMessageSenderService,loginController,userController,userDAO,roleService,userService,GCUCourseLoadBatch,campusVueServiceClient,campusVueDAO,environmentVariablesConfiguration,configurationEncryptor,propertyConfigurer,connectionString,cvueUserName,cvuePassword,authWSDLURL,registerWSDLURL,timeOutDelay,breakServiceWSDL,enrollmentServiceWSDL,crmServiceEndpoint,showHudsonBuildNumber,showProjectVersion,showSVNRevision,showBuildDate,sessionFactory,auditInterceptor,org.springframework.transaction.config.internalTransactionAspect,transactionManager,dataSource,campusVueDao,org.springframework.web.servlet.handler.SimpleMappingExceptionResolver#0,authenticationHandler,multipartResolver,restTemplate,messageFactory,webServiceTemplate,clientLoggingInterceptor,jaxb2Marshaller,defaultDataSource,jmsTemplate,jmsMQConnectionFactory,org.springframework.context.annotation.ConfigurationClassPostProcessor.importAwareProcessor]; root of factory hierarchy
 2013-07-28 22:33:18,044 DEBUG [Thread-2] o.a.h.i.c.PoolingClientConnectionManager [PoolingClientConnectionManager.java:284] Connection manager is shutting down
 2013-07-28 22:33:18,045 DEBUG [Thread-2] o.a.h.i.c.PoolingClientConnectionManager [PoolingClientConnectionManager.java:290] Connection manager shut down
 2013-07-28 22:33:18,047 INFO [Thread-2] o.s.o.h.a.AnnotationSessionFactoryBean [AbstractSessionFactoryBean.java:223] Closing Hibernate SessionFactory
 2013-07-28 22:33:18,047 INFO [Thread-2] o.h.i.SessionFactoryImpl [SessionFactoryImpl.java:925] closing
