 2013-07-29 16:45:59,546 INFO [main] o.s.b.f.x.XmlBeanDefinitionReader [XmlBeanDefinitionReader.java:315] Loading XML bean definitions from class path resource [applicationContext.xml]
 2013-07-29 16:46:00,059 INFO [main] o.s.b.f.x.XmlBeanDefinitionReader [XmlBeanDefinitionReader.java:315] Loading XML bean definitions from class path resource [applicationContext-test.xml]
 2013-07-29 16:46:00,080 INFO [main] o.s.c.s.GenericApplicationContext [AbstractApplicationContext.java:510] Refreshing org.springframework.context.support.GenericApplicationContext@112c3327: startup date [Mon Jul 29 16:46:00 MST 2013]; root of context hierarchy
 2013-07-29 16:46:00,367 INFO [main] o.j.s.p.EncryptablePropertyPlaceholderConfigurer [PropertiesLoaderSupport.java:172] Loading properties file from class path resource [application.properties]
 2013-07-29 16:46:00,368 INFO [main] o.j.s.p.EncryptablePropertyPlaceholderConfigurer [PropertiesLoaderSupport.java:172] Loading properties file from URL [file:${properties.filepath}]
 2013-07-29 16:46:00,368 WARN [main] o.j.s.p.EncryptablePropertyPlaceholderConfigurer [PropertiesLoaderSupport.java:181] Could not load properties from URL [file:${properties.filepath}]: ${properties.filepath} (No such file or directory)
 2013-07-29 16:46:00,406 INFO [main] o.s.b.f.s.DefaultListableBeanFactory [DefaultListableBeanFactory.java:596] Pre-instantiating singletons in org.springframework.beans.factory.support.DefaultListableBeanFactory@7f702c48: defining beans [org.springframework.context.config.internalBeanConfigurerAspect,org.springframework.context.annotation.internalConfigurationAnnotationProcessor,org.springframework.context.annotation.internalAutowiredAnnotationProcessor,org.springframework.context.annotation.internalRequiredAnnotationProcessor,org.springframework.context.annotation.internalCommonAnnotationProcessor,org.springframework.context.annotation.internalPersistenceAnnotationProcessor,flexJsonView,userParser,courseController,courseMgmtDaoImpl,courseMirrorMgmtDAOImpl,courseMgmtServiceImpl,adminController,evaluationController,ieManagerController,qualityController,studentLevelEvaluatorController,studentDAO,studentEvaluationDaoImpl,transcriptCommentDAOImpl,transcriptMgmtDAOImpl,transferCourseMgmtDAOImpl,studentSearchClient,evaluationJobServiceImpl,evaluationServiceImpl,studentService,transcriptCommentServiceImpl,transcriptServiceImpl,transferCourseServiceImpl,institutionController,accreditingBodyInstituteDaoImpl,articulationAgreementDaoImpl,institutionMgmtDaoImpl,institutionMirrorMgmtDaoImpl,institutionTermTypeDaoImpl,institutionTranscriptKeyDaoImpl,accreditingBodyInstituteServiceImpl,articulationAgreementServiceImpl,institutionServiceImpl,institutionTermTypeServiceImpl,institutionTranscriptKeyServiceImpl,institutionMessageProcessor,transcriptCreditsMessageProcessor,transferCourseMessageProcessor,jmsMessageSenderService,loginController,userController,userDAO,roleService,userService,GCUCourseLoadBatch,campusVueServiceClient,campusVueDAO,environmentVariablesConfiguration,configurationEncryptor,propertyConfigurer,connectionString,cvueUserName,cvuePassword,authWSDLURL,registerWSDLURL,timeOutDelay,breakServiceWSDL,enrollmentServiceWSDL,crmServiceEndpoint,showHudsonBuildNumber,showProjectVersion,showSVNRevision,showBuildDate,sessionFactory,auditInterceptor,org.springframework.transaction.config.internalTransactionAspect,transactionManager,dataSource,campusVueDao,org.springframework.web.servlet.handler.SimpleMappingExceptionResolver#0,authenticationHandler,multipartResolver,restTemplate,messageFactory,webServiceTemplate,clientLoggingInterceptor,jaxb2Marshaller,defaultDataSource,jmsTemplate,jmsMQConnectionFactory,org.springframework.context.annotation.ConfigurationClassPostProcessor.importAwareProcessor]; root of factory hierarchy
 2013-07-29 16:46:00,486 INFO [main] o.s.j.d.DriverManagerDataSource [DriverManagerDataSource.java:153] Loaded JDBC driver: net.sourceforge.jtds.jdbc.Driver
 2013-07-29 16:46:00,568 INFO [main] o.h.a.c.Version [Version.java:37] Hibernate Commons Annotations 3.2.0.Final
 2013-07-29 16:46:00,573 INFO [main] o.h.c.Environment [Environment.java:593] Hibernate 3.6.0.Final
 2013-07-29 16:46:00,574 INFO [main] o.h.c.Environment [Environment.java:626] hibernate.properties not found
 2013-07-29 16:46:00,576 INFO [main] o.h.c.Environment [Environment.java:804] Bytecode provider name : javassist
 2013-07-29 16:46:00,578 INFO [main] o.h.c.Environment [Environment.java:685] using JDK 1.4 java.sql.Timestamp handling
 2013-07-29 16:46:00,754 INFO [main] o.h.c.AnnotationBinder [AnnotationBinder.java:532] Binding entity from annotated class: com.ss.course.value.CourseCategoryMapping
 2013-07-29 16:46:00,775 INFO [main] o.h.c.a.EntityBinder [EntityBinder.java:519] Bind entity com.ss.course.value.CourseCategoryMapping on table ss_tbl_transfer_course_gcu_coursecategory_mapping
 2013-07-29 16:46:00,821 INFO [main] o.h.c.AnnotationBinder [AnnotationBinder.java:532] Binding entity from annotated class: com.ss.course.value.CourseMapping
 2013-07-29 16:46:00,821 INFO [main] o.h.c.a.EntityBinder [EntityBinder.java:519] Bind entity com.ss.course.value.CourseMapping on table ss_tbl_transfer_course_gcucourse_mapping
 2013-07-29 16:46:00,826 INFO [main] o.h.c.AnnotationBinder [AnnotationBinder.java:532] Binding entity from annotated class: com.ss.course.value.CourseMappingDetail
 2013-07-29 16:46:00,826 INFO [main] o.h.c.a.EntityBinder [EntityBinder.java:519] Bind entity com.ss.course.value.CourseMappingDetail on table ss_tbl_transfer_course_gcucourse_mapping_detail
 2013-07-29 16:46:00,829 INFO [main] o.h.c.AnnotationBinder [AnnotationBinder.java:532] Binding entity from annotated class: com.ss.course.value.CourseTranscript
 2013-07-29 16:46:00,829 INFO [main] o.h.c.a.EntityBinder [EntityBinder.java:519] Bind entity com.ss.course.value.CourseTranscript on table ss_tbl_transfer_course_transcript
 2013-07-29 16:46:00,831 INFO [main] o.h.c.AnnotationBinder [AnnotationBinder.java:532] Binding entity from annotated class: com.ss.course.value.GCUCourse
 2013-07-29 16:46:00,831 INFO [main] o.h.c.a.EntityBinder [EntityBinder.java:519] Bind entity com.ss.course.value.GCUCourse on table ss_tbl_gcu_course_master
 2013-07-29 16:46:00,833 INFO [main] o.h.c.AnnotationBinder [AnnotationBinder.java:532] Binding entity from annotated class: com.ss.course.value.GCUCourseCategory
 2013-07-29 16:46:00,834 INFO [main] o.h.c.a.EntityBinder [EntityBinder.java:519] Bind entity com.ss.course.value.GCUCourseCategory on table ss_tbl_gcu_course_category_master
 2013-07-29 16:46:00,835 INFO [main] o.h.c.AnnotationBinder [AnnotationBinder.java:532] Binding entity from annotated class: com.ss.course.value.GCUDegree
 2013-07-29 16:46:00,835 INFO [main] o.h.c.a.EntityBinder [EntityBinder.java:519] Bind entity com.ss.course.value.GCUDegree on table ss_tbl_gcu_degree_master
 2013-07-29 16:46:00,836 INFO [main] o.h.c.AnnotationBinder [AnnotationBinder.java:532] Binding entity from annotated class: com.ss.course.value.MilitarySubject
 2013-07-29 16:46:00,836 INFO [main] o.h.c.a.EntityBinder [EntityBinder.java:519] Bind entity com.ss.course.value.MilitarySubject on table ss_tbl_military_subject
 2013-07-29 16:46:00,839 INFO [main] o.h.c.AnnotationBinder [AnnotationBinder.java:532] Binding entity from annotated class: com.ss.course.value.TransferCourse
 2013-07-29 16:46:00,839 INFO [main] o.h.c.a.EntityBinder [EntityBinder.java:519] Bind entity com.ss.course.value.TransferCourse on table ss_tbl_transfer_course
 2013-07-29 16:46:00,848 INFO [main] o.h.c.AnnotationBinder [AnnotationBinder.java:532] Binding entity from annotated class: com.ss.course.value.TransferCourseMirror
 2013-07-29 16:46:00,849 INFO [main] o.h.c.a.EntityBinder [EntityBinder.java:519] Bind entity com.ss.course.value.TransferCourseMirror on table ss_tbl_transfer_course_mirror
 2013-07-29 16:46:00,851 INFO [main] o.h.c.AnnotationBinder [AnnotationBinder.java:532] Binding entity from annotated class: com.ss.course.value.TransferCourseTitle
 2013-07-29 16:46:00,852 INFO [main] o.h.c.a.EntityBinder [EntityBinder.java:519] Bind entity com.ss.course.value.TransferCourseTitle on table ss_tbl_transfer_course_title_assoc
 2013-07-29 16:46:00,854 INFO [main] o.h.c.AnnotationBinder [AnnotationBinder.java:532] Binding entity from annotated class: com.ss.evaluation.value.College
 2013-07-29 16:46:00,855 INFO [main] o.h.c.a.EntityBinder [EntityBinder.java:519] Bind entity com.ss.evaluation.value.College on table ss_tbl_college_master
 2013-07-29 16:46:00,856 INFO [main] o.h.c.AnnotationBinder [AnnotationBinder.java:532] Binding entity from annotated class: com.ss.evaluation.value.CollegeProgram
 2013-07-29 16:46:00,857 INFO [main] o.h.c.a.EntityBinder [EntityBinder.java:519] Bind entity com.ss.evaluation.value.CollegeProgram on table ss_tbl_college_program
 2013-07-29 16:46:00,859 INFO [main] o.h.c.AnnotationBinder [AnnotationBinder.java:532] Binding entity from annotated class: com.ss.evaluation.value.Country
 2013-07-29 16:46:00,860 INFO [main] o.h.c.a.EntityBinder [EntityBinder.java:519] Bind entity com.ss.evaluation.value.Country on table ss_tbl_country_master
 2013-07-29 16:46:00,863 INFO [main] o.h.c.AnnotationBinder [AnnotationBinder.java:532] Binding entity from annotated class: com.ss.evaluation.value.SleCollege
 2013-07-29 16:46:00,865 INFO [main] o.h.c.a.EntityBinder [EntityBinder.java:519] Bind entity com.ss.evaluation.value.SleCollege on table ss_tbl_sle_college
 2013-07-29 16:46:00,867 INFO [main] o.h.c.AnnotationBinder [AnnotationBinder.java:532] Binding entity from annotated class: com.ss.evaluation.value.Student
 2013-07-29 16:46:00,867 INFO [main] o.h.c.a.EntityBinder [EntityBinder.java:519] Bind entity com.ss.evaluation.value.Student on table ss_tbl_student
 2013-07-29 16:46:00,873 INFO [main] o.h.c.AnnotationBinder [AnnotationBinder.java:532] Binding entity from annotated class: com.ss.evaluation.value.StudentInstitutionDegree
 2013-07-29 16:46:00,874 INFO [main] o.h.c.a.EntityBinder [EntityBinder.java:519] Bind entity com.ss.evaluation.value.StudentInstitutionDegree on table ss_tbl_student_institution_degree
 2013-07-29 16:46:00,878 INFO [main] o.h.c.AnnotationBinder [AnnotationBinder.java:532] Binding entity from annotated class: com.ss.evaluation.value.StudentInstitutionTranscript
 2013-07-29 16:46:00,879 INFO [main] o.h.c.a.EntityBinder [EntityBinder.java:519] Bind entity com.ss.evaluation.value.StudentInstitutionTranscript on table ss_tbl_student_institution_transcript
 2013-07-29 16:46:00,904 INFO [main] o.h.c.AnnotationBinder [AnnotationBinder.java:532] Binding entity from annotated class: com.ss.evaluation.value.StudentProgramEvaluation
 2013-07-29 16:46:00,904 INFO [main] o.h.c.a.EntityBinder [EntityBinder.java:519] Bind entity com.ss.evaluation.value.StudentProgramEvaluation on table ss_tbl_student_program_evaluation
 2013-07-29 16:46:00,907 INFO [main] o.h.c.AnnotationBinder [AnnotationBinder.java:532] Binding entity from annotated class: com.ss.evaluation.value.StudentTranscriptCourse
 2013-07-29 16:46:00,908 INFO [main] o.h.c.a.EntityBinder [EntityBinder.java:519] Bind entity com.ss.evaluation.value.StudentTranscriptCourse on table ss_tbl_student_transcript_course
 2013-07-29 16:46:00,914 INFO [main] o.h.c.AnnotationBinder [AnnotationBinder.java:532] Binding entity from annotated class: com.ss.evaluation.value.TranscriptComments
 2013-07-29 16:46:00,915 INFO [main] o.h.c.a.EntityBinder [EntityBinder.java:519] Bind entity com.ss.evaluation.value.TranscriptComments on table ss_tbl_transcript_comment
 2013-07-29 16:46:00,917 INFO [main] o.h.c.AnnotationBinder [AnnotationBinder.java:532] Binding entity from annotated class: com.ss.evaluation.value.TranscriptCourseSubject
 2013-07-29 16:46:00,918 INFO [main] o.h.c.a.EntityBinder [EntityBinder.java:519] Bind entity com.ss.evaluation.value.TranscriptCourseSubject on table ss_tbl_transcript_course_subject
 2013-07-29 16:46:00,921 INFO [main] o.h.c.AnnotationBinder [AnnotationBinder.java:532] Binding entity from annotated class: com.ss.evaluation.value.TransferCourseGcuCourseCategoryMapping
 2013-07-29 16:46:00,921 INFO [main] o.h.c.a.EntityBinder [EntityBinder.java:519] Bind entity com.ss.evaluation.value.TransferCourseGcuCourseCategoryMapping on table ss_tbl_transfer_course_gcu_coursecategory_mapping
 2013-07-29 16:46:00,924 INFO [main] o.h.c.AnnotationBinder [AnnotationBinder.java:532] Binding entity from annotated class: com.ss.evaluation.value.TransferCourseGcuCourseMapping
 2013-07-29 16:46:00,924 INFO [main] o.h.c.a.EntityBinder [EntityBinder.java:519] Bind entity com.ss.evaluation.value.TransferCourseGcuCourseMapping on table ss_tbl_transfer_course_gcucourse_mapping
 2013-07-29 16:46:00,927 INFO [main] o.h.c.AnnotationBinder [AnnotationBinder.java:532] Binding entity from annotated class: com.ss.institution.value.AccreditingBody
 2013-07-29 16:46:00,928 INFO [main] o.h.c.a.EntityBinder [EntityBinder.java:519] Bind entity com.ss.institution.value.AccreditingBody on table ss_tbl_accrediting_body
 2013-07-29 16:46:00,929 INFO [main] o.h.c.AnnotationBinder [AnnotationBinder.java:532] Binding entity from annotated class: com.ss.institution.value.AccreditingBodyInstitute
 2013-07-29 16:46:00,930 INFO [main] o.h.c.a.EntityBinder [EntityBinder.java:519] Bind entity com.ss.institution.value.AccreditingBodyInstitute on table ss_tbl_accreditingbody_institute_assoc
 2013-07-29 16:46:00,935 INFO [main] o.h.c.AnnotationBinder [AnnotationBinder.java:532] Binding entity from annotated class: com.ss.institution.value.ArticulationAgreement
 2013-07-29 16:46:00,936 INFO [main] o.h.c.a.EntityBinder [EntityBinder.java:519] Bind entity com.ss.institution.value.ArticulationAgreement on table ss_tbl_articulation_agreement
 2013-07-29 16:46:00,939 INFO [main] o.h.c.AnnotationBinder [AnnotationBinder.java:532] Binding entity from annotated class: com.ss.institution.value.ArticulationAgreementDetails
 2013-07-29 16:46:00,939 INFO [main] o.h.c.a.EntityBinder [EntityBinder.java:519] Bind entity com.ss.institution.value.ArticulationAgreementDetails on table ss_tbl_articulation_agreement_details
 2013-07-29 16:46:00,941 INFO [main] o.h.c.AnnotationBinder [AnnotationBinder.java:532] Binding entity from annotated class: com.ss.institution.value.GcuCourseLevel
 2013-07-29 16:46:00,941 INFO [main] o.h.c.a.EntityBinder [EntityBinder.java:519] Bind entity com.ss.institution.value.GcuCourseLevel on table ss_tbl_gcu_course_level
 2013-07-29 16:46:00,943 INFO [main] o.h.c.AnnotationBinder [AnnotationBinder.java:532] Binding entity from annotated class: com.ss.institution.value.Institution
 2013-07-29 16:46:00,943 INFO [main] o.h.c.a.EntityBinder [EntityBinder.java:519] Bind entity com.ss.institution.value.Institution on table ss_tbl_institution
 2013-07-29 16:46:00,949 INFO [main] o.h.c.AnnotationBinder [AnnotationBinder.java:532] Binding entity from annotated class: com.ss.institution.value.InstitutionAddress
 2013-07-29 16:46:00,950 INFO [main] o.h.c.a.EntityBinder [EntityBinder.java:519] Bind entity com.ss.institution.value.InstitutionAddress on table ss_tbl_institution_address
 2013-07-29 16:46:00,954 INFO [main] o.h.c.AnnotationBinder [AnnotationBinder.java:532] Binding entity from annotated class: com.ss.institution.value.InstitutionDegree
 2013-07-29 16:46:00,955 INFO [main] o.h.c.a.EntityBinder [EntityBinder.java:519] Bind entity com.ss.institution.value.InstitutionDegree on table ss_tbl_institution_degree
 2013-07-29 16:46:00,958 INFO [main] o.h.c.AnnotationBinder [AnnotationBinder.java:532] Binding entity from annotated class: com.ss.institution.value.InstitutionMirror
 2013-07-29 16:46:00,958 INFO [main] o.h.c.a.EntityBinder [EntityBinder.java:519] Bind entity com.ss.institution.value.InstitutionMirror on table ss_tbl_institution_mirror
 2013-07-29 16:46:00,960 INFO [main] o.h.c.AnnotationBinder [AnnotationBinder.java:532] Binding entity from annotated class: com.ss.institution.value.InstitutionTermType
 2013-07-29 16:46:00,961 INFO [main] o.h.c.a.EntityBinder [EntityBinder.java:519] Bind entity com.ss.institution.value.InstitutionTermType on table ss_tbl_institute_termtype_assoc
 2013-07-29 16:46:00,963 INFO [main] o.h.c.AnnotationBinder [AnnotationBinder.java:532] Binding entity from annotated class: com.ss.institution.value.InstitutionTranscript
 2013-07-29 16:46:00,964 INFO [main] o.h.c.a.EntityBinder [EntityBinder.java:519] Bind entity com.ss.institution.value.InstitutionTranscript on table ss_tbl_institution_transcript
 2013-07-29 16:46:00,965 INFO [main] o.h.c.AnnotationBinder [AnnotationBinder.java:532] Binding entity from annotated class: com.ss.institution.value.InstitutionTranscriptKey
 2013-07-29 16:46:00,965 INFO [main] o.h.c.a.EntityBinder [EntityBinder.java:519] Bind entity com.ss.institution.value.InstitutionTranscriptKey on table ss_tbl_institution_transcriptkey
 2013-07-29 16:46:00,970 INFO [main] o.h.c.AnnotationBinder [AnnotationBinder.java:532] Binding entity from annotated class: com.ss.institution.value.InstitutionTranscriptKeyDetails
 2013-07-29 16:46:00,970 INFO [main] o.h.c.a.EntityBinder [EntityBinder.java:519] Bind entity com.ss.institution.value.InstitutionTranscriptKeyDetails on table ss_tbl_institute_transcriptkey_details
 2013-07-29 16:46:00,975 INFO [main] o.h.c.AnnotationBinder [AnnotationBinder.java:532] Binding entity from annotated class: com.ss.institution.value.InstitutionTranscriptKeyGrade
 2013-07-29 16:46:00,976 INFO [main] o.h.c.a.EntityBinder [EntityBinder.java:519] Bind entity com.ss.institution.value.InstitutionTranscriptKeyGrade on table ss_tbl_institute_transcriptkey_grade
 2013-07-29 16:46:00,979 INFO [main] o.h.c.AnnotationBinder [AnnotationBinder.java:532] Binding entity from annotated class: com.ss.institution.value.InstitutionType
 2013-07-29 16:46:00,979 INFO [main] o.h.c.a.EntityBinder [EntityBinder.java:519] Bind entity com.ss.institution.value.InstitutionType on table ss_tbl_institution_type
 2013-07-29 16:46:00,981 INFO [main] o.h.c.AnnotationBinder [AnnotationBinder.java:532] Binding entity from annotated class: com.ss.institution.value.TermType
 2013-07-29 16:46:00,981 INFO [main] o.h.c.a.EntityBinder [EntityBinder.java:519] Bind entity com.ss.institution.value.TermType on table ss_tbl_termtype_master
 2013-07-29 16:46:00,983 INFO [main] o.h.c.AnnotationBinder [AnnotationBinder.java:532] Binding entity from annotated class: com.ss.institution.value.TransferCourseInstitutionTranscriptKeyGradeAssoc
 2013-07-29 16:46:00,983 INFO [main] o.h.c.a.EntityBinder [EntityBinder.java:519] Bind entity com.ss.institution.value.TransferCourseInstitutionTranscriptKeyGradeAssoc on table ss_tbl_transfercourse_institute_transcriptkey_grade_assoc
 2013-07-29 16:46:00,989 INFO [main] o.h.c.AnnotationBinder [AnnotationBinder.java:532] Binding entity from annotated class: com.ss.user.value.Role
 2013-07-29 16:46:00,989 INFO [main] o.h.c.a.EntityBinder [EntityBinder.java:519] Bind entity com.ss.user.value.Role on table ss_tbl_role_master
 2013-07-29 16:46:00,992 INFO [main] o.h.c.AnnotationBinder [AnnotationBinder.java:532] Binding entity from annotated class: com.ss.user.value.User
 2013-07-29 16:46:00,993 INFO [main] o.h.c.a.EntityBinder [EntityBinder.java:519] Bind entity com.ss.user.value.User on table ss_tbl_user
 2013-07-29 16:46:01,001 INFO [main] o.h.c.AnnotationBinder [AnnotationBinder.java:532] Binding entity from annotated class: com.ss.user.value.UserRole
 2013-07-29 16:46:01,002 INFO [main] o.h.c.a.EntityBinder [EntityBinder.java:519] Bind entity com.ss.user.value.UserRole on table ss_tbl_user_role_assoc
 2013-07-29 16:46:01,018 INFO [main] o.h.c.a.CollectionBinder [CollectionBinder.java:745] Mapping collection: com.ss.evaluation.value.StudentInstitutionTranscript.studentInstitutionDegreeSet -> ss_tbl_student_institution_degree
 2013-07-29 16:46:01,019 INFO [main] o.h.c.a.CollectionBinder [CollectionBinder.java:745] Mapping collection: com.ss.institution.value.ArticulationAgreement.articulationAgreementDetailsList -> ss_tbl_articulation_agreement_details
 2013-07-29 16:46:01,019 INFO [main] o.h.c.a.CollectionBinder [CollectionBinder.java:745] Mapping collection: com.ss.institution.value.InstitutionTranscriptKey.institutionTranscriptKeyDetailsList -> ss_tbl_institute_transcriptkey_details
 2013-07-29 16:46:01,020 INFO [main] o.h.c.a.CollectionBinder [CollectionBinder.java:745] Mapping collection: com.ss.institution.value.InstitutionTranscriptKey.institutionTranscriptKeyGradeList -> ss_tbl_institute_transcriptkey_grade
 2013-07-29 16:46:01,023 INFO [main] o.h.c.Configuration [Configuration.java:1646] Hibernate Validator not found: ignoring
 2013-07-29 16:46:01,025 INFO [main] o.s.o.h.a.AnnotationSessionFactoryBean [LocalSessionFactoryBean.java:780] Building new Hibernate SessionFactory
 2013-07-29 16:46:01,028 INFO [main] o.h.c.s.HibernateSearchEventListenerRegister [HibernateSearchEventListenerRegister.java:75] Unable to find org.hibernate.search.event.FullTextIndexEventListener on the classpath. Hibernate Search is not enabled.
 2013-07-29 16:46:01,049 INFO [main] o.h.c.ConnectionProviderFactory [ConnectionProviderFactory.java:173] Initializing connection provider: org.springframework.orm.hibernate3.LocalDataSourceConnectionProvider
 2013-07-29 16:46:01,224 INFO [main] o.h.c.SettingsFactory [SettingsFactory.java:117] Database ->
       name : Microsoft SQL Server
    version : 10.50.1720
      major : 10
      minor : 50
 2013-07-29 16:46:01,225 INFO [main] o.h.c.SettingsFactory [SettingsFactory.java:123] Driver ->
       name : jTDS Type 4 JDBC Driver for MS SQL Server and Sybase
    version : 1.2.2
      major : 1
      minor : 2
 2013-07-29 16:46:01,238 INFO [main] o.h.d.Dialect [Dialect.java:108] Using dialect: org.hibernate.dialect.SQLServerDialect
 2013-07-29 16:46:01,246 INFO [main] o.h.e.j.JdbcSupportLoader [JdbcSupportLoader.java:79] Disabling contextual LOB creation as JDBC driver reported JDBC version [3] less than 4
 2013-07-29 16:46:01,249 INFO [main] o.h.t.TransactionFactoryFactory [TransactionFactoryFactory.java:62] Transaction strategy: org.springframework.orm.hibernate3.SpringTransactionFactory
 2013-07-29 16:46:01,250 INFO [main] o.h.t.TransactionManagerLookupFactory [TransactionManagerLookupFactory.java:80] No TransactionManagerLookup configured (in JTA environment, use of read-write or transactional second-level cache is not recommended)
 2013-07-29 16:46:01,250 INFO [main] o.h.c.SettingsFactory [SettingsFactory.java:179] Automatic flush during beforeCompletion(): disabled
 2013-07-29 16:46:01,250 INFO [main] o.h.c.SettingsFactory [SettingsFactory.java:183] Automatic session close at end of transaction: disabled
 2013-07-29 16:46:01,251 INFO [main] o.h.c.SettingsFactory [SettingsFactory.java:198] Scrollable result sets: enabled
 2013-07-29 16:46:01,251 INFO [main] o.h.c.SettingsFactory [SettingsFactory.java:206] JDBC3 getGeneratedKeys(): enabled
 2013-07-29 16:46:01,252 INFO [main] o.h.c.SettingsFactory [SettingsFactory.java:214] Connection release mode: auto
 2013-07-29 16:46:01,252 INFO [main] o.h.c.SettingsFactory [SettingsFactory.java:241] Default batch fetch size: 1
 2013-07-29 16:46:01,252 INFO [main] o.h.c.SettingsFactory [SettingsFactory.java:245] Generate SQL with comments: disabled
 2013-07-29 16:46:01,253 INFO [main] o.h.c.SettingsFactory [SettingsFactory.java:249] Order SQL updates by primary key: disabled
 2013-07-29 16:46:01,253 INFO [main] o.h.c.SettingsFactory [SettingsFactory.java:253] Order SQL inserts for batching: disabled
 2013-07-29 16:46:01,253 INFO [main] o.h.c.SettingsFactory [SettingsFactory.java:431] Query translator: org.hibernate.hql.ast.ASTQueryTranslatorFactory
 2013-07-29 16:46:01,254 INFO [main] o.h.h.a.ASTQueryTranslatorFactory [ASTQueryTranslatorFactory.java:47] Using ASTQueryTranslatorFactory
 2013-07-29 16:46:01,255 INFO [main] o.h.c.SettingsFactory [SettingsFactory.java:261] Query language substitutions: {}
 2013-07-29 16:46:01,255 INFO [main] o.h.c.SettingsFactory [SettingsFactory.java:266] JPA-QL strict compliance: disabled
 2013-07-29 16:46:01,255 INFO [main] o.h.c.SettingsFactory [SettingsFactory.java:271] Second-level cache: enabled
 2013-07-29 16:46:01,256 INFO [main] o.h.c.SettingsFactory [SettingsFactory.java:275] Query cache: disabled
 2013-07-29 16:46:01,256 INFO [main] o.h.c.SettingsFactory [SettingsFactory.java:406] Cache region factory : org.hibernate.cache.impl.NoCachingRegionFactory
 2013-07-29 16:46:01,257 INFO [main] o.h.c.SettingsFactory [SettingsFactory.java:285] Optimize cache for minimal puts: disabled
 2013-07-29 16:46:01,257 INFO [main] o.h.c.SettingsFactory [SettingsFactory.java:294] Structured second-level cache entries: disabled
 2013-07-29 16:46:01,261 INFO [main] o.h.c.SettingsFactory [SettingsFactory.java:323] Statistics: disabled
 2013-07-29 16:46:01,262 INFO [main] o.h.c.SettingsFactory [SettingsFactory.java:327] Deleted entity synthetic identifier rollback: disabled
 2013-07-29 16:46:01,263 INFO [main] o.h.c.SettingsFactory [SettingsFactory.java:343] Default entity-mode: pojo
 2013-07-29 16:46:01,263 INFO [main] o.h.c.SettingsFactory [SettingsFactory.java:347] Named query checking : enabled
 2013-07-29 16:46:01,263 INFO [main] o.h.c.SettingsFactory [SettingsFactory.java:351] Check Nullability in Core (should be disabled when Bean Validation is on): enabled
 2013-07-29 16:46:01,281 INFO [main] o.h.i.SessionFactoryImpl [SessionFactoryImpl.java:200] building session factory
 2013-07-29 16:46:01,700 INFO [main] o.h.i.SessionFactoryObjectFactory [SessionFactoryObjectFactory.java:105] Not binding factory to JNDI, no JNDI name configured
 2013-07-29 16:46:02,499 INFO [main] o.s.w.s.s.SaajSoapMessageFactory [SaajSoapMessageFactory.java:135] Creating SAAJ 1.3 MessageFactory with SOAP 1.1 Protocol
 2013-07-29 16:46:02,529 INFO [main] o.s.o.j.Jaxb2Marshaller [Jaxb2Marshaller.java:365] Creating JAXBContext with classes to be bound [class com.campusmgmt.soa.foundation.messagedefinition.AddTransferCourses,class com.campusmgmt.soa.foundation.messagedefinition.AddTransferCoursesResponse,class com.campusmgmt.soa.foundation.GetAuthorizationToken,class com.campusmgmt.soa.foundation.GetAuthorizationTokenResponse,class edu.gcu.InsertInstitutionRequest,class edu.gcu.InsertInstitutionResponse]
 2013-07-29 16:46:02,759 INFO [main] o.s.j.d.DriverManagerDataSource [DriverManagerDataSource.java:153] Loaded JDBC driver: net.sourceforge.jtds.jdbc.Driver
 2013-07-29 16:46:02,796 INFO [main] o.s.o.h.HibernateTransactionManager [HibernateTransactionManager.java:416] Using DataSource [org.springframework.jdbc.datasource.DriverManagerDataSource@61aa1db8] of Hibernate SessionFactory for HibernateTransactionManager
 2013-07-29 16:46:03,053 INFO [main] o.s.t.c.t.TransactionalTestExecutionListener [TransactionalTestExecutionListener.java:279] Began transaction (1): transaction manager [org.springframework.orm.hibernate3.HibernateTransactionManager@746ac18c]; rollback [true]
 2013-07-29 16:46:03,128 INFO [main] o.s.t.c.t.TransactionalTestExecutionListener [TransactionalTestExecutionListener.java:299] Rolled back transaction after test execution for test context [TestContext@20724356 testClass = StudentServiceTest, testInstance = com.ss.evaluation.service.StudentServiceTest@2da2d3be, testMethod = testGetStudentByCrmId@StudentServiceTest, testException = [null], mergedContextConfiguration = [MergedContextConfiguration@1cfb765a testClass = StudentServiceTest, locations = '{classpath:applicationContext.xml, classpath:applicationContext-test.xml}', classes = '{}', contextInitializerClasses = '[]', activeProfiles = '{}', contextLoader = 'org.springframework.test.context.support.DelegatingSmartContextLoader']]
 2013-07-29 16:46:03,296 INFO [main] o.s.t.c.t.TransactionalTestExecutionListener [TransactionalTestExecutionListener.java:279] Began transaction (2): transaction manager [org.springframework.orm.hibernate3.HibernateTransactionManager@746ac18c]; rollback [true]
 2013-07-29 16:46:03,386 INFO [main] o.s.t.c.t.TransactionalTestExecutionListener [TransactionalTestExecutionListener.java:299] Rolled back transaction after test execution for test context [TestContext@20724356 testClass = StudentServiceTest, testInstance = com.ss.evaluation.service.StudentServiceTest@46d766f5, testMethod = testSearchStudent@StudentServiceTest, testException = [null], mergedContextConfiguration = [MergedContextConfiguration@1cfb765a testClass = StudentServiceTest, locations = '{classpath:applicationContext.xml, classpath:applicationContext-test.xml}', classes = '{}', contextInitializerClasses = '[]', activeProfiles = '{}', contextLoader = 'org.springframework.test.context.support.DelegatingSmartContextLoader']]
 2013-07-29 16:46:03,540 INFO [main] o.s.t.c.t.TransactionalTestExecutionListener [TransactionalTestExecutionListener.java:279] Began transaction (3): transaction manager [org.springframework.orm.hibernate3.HibernateTransactionManager@746ac18c]; rollback [true]
 2013-07-29 16:46:03,616 INFO [main] o.s.t.c.t.TransactionalTestExecutionListener [TransactionalTestExecutionListener.java:299] Rolled back transaction after test execution for test context [TestContext@20724356 testClass = StudentServiceTest, testInstance = com.ss.evaluation.service.StudentServiceTest@67a88328, testMethod = testGetStudentProgramInformation@StudentServiceTest, testException = [null], mergedContextConfiguration = [MergedContextConfiguration@1cfb765a testClass = StudentServiceTest, locations = '{classpath:applicationContext.xml, classpath:applicationContext-test.xml}', classes = '{}', contextInitializerClasses = '[]', activeProfiles = '{}', contextLoader = 'org.springframework.test.context.support.DelegatingSmartContextLoader']]
 2013-07-29 16:46:03,806 INFO [main] o.s.t.c.t.TransactionalTestExecutionListener [TransactionalTestExecutionListener.java:279] Began transaction (4): transaction manager [org.springframework.orm.hibernate3.HibernateTransactionManager@746ac18c]; rollback [true]
 2013-07-29 16:46:03,887 INFO [main] o.s.t.c.t.TransactionalTestExecutionListener [TransactionalTestExecutionListener.java:299] Rolled back transaction after test execution for test context [TestContext@20724356 testClass = StudentServiceTest, testInstance = com.ss.evaluation.service.StudentServiceTest@4f8f104, testMethod = testGetStudentById@StudentServiceTest, testException = [null], mergedContextConfiguration = [MergedContextConfiguration@1cfb765a testClass = StudentServiceTest, locations = '{classpath:applicationContext.xml, classpath:applicationContext-test.xml}', classes = '{}', contextInitializerClasses = '[]', activeProfiles = '{}', contextLoader = 'org.springframework.test.context.support.DelegatingSmartContextLoader']]
 2013-07-29 16:46:04,045 INFO [main] o.s.t.c.t.TransactionalTestExecutionListener [TransactionalTestExecutionListener.java:279] Began transaction (5): transaction manager [org.springframework.orm.hibernate3.HibernateTransactionManager@746ac18c]; rollback [true]
 2013-07-29 16:46:04,125 INFO [main] o.s.t.c.t.TransactionalTestExecutionListener [TransactionalTestExecutionListener.java:299] Rolled back transaction after test execution for test context [TestContext@20724356 testClass = StudentServiceTest, testInstance = com.ss.evaluation.service.StudentServiceTest@73974028, testMethod = testCreateStudentRecord@StudentServiceTest, testException = [null], mergedContextConfiguration = [MergedContextConfiguration@1cfb765a testClass = StudentServiceTest, locations = '{classpath:applicationContext.xml, classpath:applicationContext-test.xml}', classes = '{}', contextInitializerClasses = '[]', activeProfiles = '{}', contextLoader = 'org.springframework.test.context.support.DelegatingSmartContextLoader']]
 2013-07-29 16:46:04,291 INFO [main] o.s.t.c.t.TransactionalTestExecutionListener [TransactionalTestExecutionListener.java:279] Began transaction (1): transaction manager [org.springframework.orm.hibernate3.HibernateTransactionManager@746ac18c]; rollback [true]
 2013-07-29 16:46:04,640 INFO [main] o.s.t.c.t.TransactionalTestExecutionListener [TransactionalTestExecutionListener.java:299] Rolled back transaction after test execution for test context [TestContext@5ef4b65d testClass = InstitutionMgmtDAOTest, testInstance = com.ss.institution.dao.InstitutionMgmtDAOTest@13f0c45f, testMethod = testAddInstitution@InstitutionMgmtDAOTest, testException = [null], mergedContextConfiguration = [MergedContextConfiguration@23ec4333 testClass = InstitutionMgmtDAOTest, locations = '{classpath:applicationContext.xml, classpath:applicationContext-test.xml}', classes = '{}', contextInitializerClasses = '[]', activeProfiles = '{}', contextLoader = 'org.springframework.test.context.support.DelegatingSmartContextLoader']]
 2013-07-29 16:46:04,801 INFO [main] o.s.t.c.t.TransactionalTestExecutionListener [TransactionalTestExecutionListener.java:279] Began transaction (2): transaction manager [org.springframework.orm.hibernate3.HibernateTransactionManager@746ac18c]; rollback [true]
 2013-07-29 16:46:05,045 INFO [main] o.s.t.c.t.TransactionalTestExecutionListener [TransactionalTestExecutionListener.java:299] Rolled back transaction after test execution for test context [TestContext@5ef4b65d testClass = InstitutionMgmtDAOTest, testInstance = com.ss.institution.dao.InstitutionMgmtDAOTest@674f1c67, testMethod = testAddInstitution2@InstitutionMgmtDAOTest, testException = [null], mergedContextConfiguration = [MergedContextConfiguration@23ec4333 testClass = InstitutionMgmtDAOTest, locations = '{classpath:applicationContext.xml, classpath:applicationContext-test.xml}', classes = '{}', contextInitializerClasses = '[]', activeProfiles = '{}', contextLoader = 'org.springframework.test.context.support.DelegatingSmartContextLoader']]
 2013-07-29 16:46:05,213 INFO [main] o.s.t.c.t.TransactionalTestExecutionListener [TransactionalTestExecutionListener.java:279] Began transaction (1): transaction manager [org.springframework.orm.hibernate3.HibernateTransactionManager@746ac18c]; rollback [true]
 2013-07-29 16:46:05,523 INFO [main] o.s.t.c.t.TransactionalTestExecutionListener [TransactionalTestExecutionListener.java:299] Rolled back transaction after test execution for test context [TestContext@1af1bd6 testClass = UserDAOTest, testInstance = com.ss.user.dao.UserDAOTest@f4c7f77, testMethod = testFindUserByUserName@UserDAOTest, testException = [null], mergedContextConfiguration = [MergedContextConfiguration@67446579 testClass = UserDAOTest, locations = '{classpath:applicationContext.xml, classpath:applicationContext-test.xml}', classes = '{}', contextInitializerClasses = '[]', activeProfiles = '{}', contextLoader = 'org.springframework.test.context.support.DelegatingSmartContextLoader']]
 2013-07-29 16:46:05,692 INFO [main] o.s.t.c.t.TransactionalTestExecutionListener [TransactionalTestExecutionListener.java:279] Began transaction (2): transaction manager [org.springframework.orm.hibernate3.HibernateTransactionManager@746ac18c]; rollback [true]
 2013-07-29 16:46:05,970 INFO [main] o.s.t.c.t.TransactionalTestExecutionListener [TransactionalTestExecutionListener.java:299] Rolled back transaction after test execution for test context [TestContext@1af1bd6 testClass = UserDAOTest, testInstance = com.ss.user.dao.UserDAOTest@5388ebd2, testMethod = testFindUserByUserNameCaseSensitive@UserDAOTest, testException = [null], mergedContextConfiguration = [MergedContextConfiguration@67446579 testClass = UserDAOTest, locations = '{classpath:applicationContext.xml, classpath:applicationContext-test.xml}', classes = '{}', contextInitializerClasses = '[]', activeProfiles = '{}', contextLoader = 'org.springframework.test.context.support.DelegatingSmartContextLoader']]
 2013-07-29 16:46:06,142 INFO [main] o.s.t.c.t.TransactionalTestExecutionListener [TransactionalTestExecutionListener.java:279] Began transaction (3): transaction manager [org.springframework.orm.hibernate3.HibernateTransactionManager@746ac18c]; rollback [true]
 2013-07-29 16:46:06,439 INFO [main] o.s.t.c.t.TransactionalTestExecutionListener [TransactionalTestExecutionListener.java:299] Rolled back transaction after test execution for test context [TestContext@1af1bd6 testClass = UserDAOTest, testInstance = com.ss.user.dao.UserDAOTest@69b3d448, testMethod = testAddUser@UserDAOTest, testException = [null], mergedContextConfiguration = [MergedContextConfiguration@67446579 testClass = UserDAOTest, locations = '{classpath:applicationContext.xml, classpath:applicationContext-test.xml}', classes = '{}', contextInitializerClasses = '[]', activeProfiles = '{}', contextLoader = 'org.springframework.test.context.support.DelegatingSmartContextLoader']]
 2013-07-29 16:46:06,610 INFO [main] o.s.t.c.t.TransactionalTestExecutionListener [TransactionalTestExecutionListener.java:279] Began transaction (4): transaction manager [org.springframework.orm.hibernate3.HibernateTransactionManager@746ac18c]; rollback [true]
 2013-07-29 16:46:06,995 INFO [main] o.s.t.c.t.TransactionalTestExecutionListener [TransactionalTestExecutionListener.java:299] Rolled back transaction after test execution for test context [TestContext@1af1bd6 testClass = UserDAOTest, testInstance = com.ss.user.dao.UserDAOTest@3942ef25, testMethod = testUpdateUser@UserDAOTest, testException = [null], mergedContextConfiguration = [MergedContextConfiguration@67446579 testClass = UserDAOTest, locations = '{classpath:applicationContext.xml, classpath:applicationContext-test.xml}', classes = '{}', contextInitializerClasses = '[]', activeProfiles = '{}', contextLoader = 'org.springframework.test.context.support.DelegatingSmartContextLoader']]
 2013-07-29 16:46:07,175 INFO [main] o.s.t.c.t.TransactionalTestExecutionListener [TransactionalTestExecutionListener.java:279] Began transaction (5): transaction manager [org.springframework.orm.hibernate3.HibernateTransactionManager@746ac18c]; rollback [true]
 2013-07-29 16:46:07,358 INFO [main] o.s.t.c.t.TransactionalTestExecutionListener [TransactionalTestExecutionListener.java:299] Rolled back transaction after test execution for test context [TestContext@1af1bd6 testClass = UserDAOTest, testInstance = com.ss.user.dao.UserDAOTest@35071f57, testMethod = testFindAllRoles@UserDAOTest, testException = [null], mergedContextConfiguration = [MergedContextConfiguration@67446579 testClass = UserDAOTest, locations = '{classpath:applicationContext.xml, classpath:applicationContext-test.xml}', classes = '{}', contextInitializerClasses = '[]', activeProfiles = '{}', contextLoader = 'org.springframework.test.context.support.DelegatingSmartContextLoader']]
 2013-07-29 16:46:07,519 INFO [main] o.s.t.c.t.TransactionalTestExecutionListener [TransactionalTestExecutionListener.java:279] Began transaction (6): transaction manager [org.springframework.orm.hibernate3.HibernateTransactionManager@746ac18c]; rollback [true]
 2013-07-29 16:46:08,190 INFO [main] o.s.t.c.t.TransactionalTestExecutionListener [TransactionalTestExecutionListener.java:299] Rolled back transaction after test execution for test context [TestContext@1af1bd6 testClass = UserDAOTest, testInstance = com.ss.user.dao.UserDAOTest@53eacdc4, testMethod = testAddUserRoleAndFindRolesByUsername@UserDAOTest, testException = [null], mergedContextConfiguration = [MergedContextConfiguration@67446579 testClass = UserDAOTest, locations = '{classpath:applicationContext.xml, classpath:applicationContext-test.xml}', classes = '{}', contextInitializerClasses = '[]', activeProfiles = '{}', contextLoader = 'org.springframework.test.context.support.DelegatingSmartContextLoader']]
 2013-07-29 16:46:08,347 INFO [main] o.s.t.c.t.TransactionalTestExecutionListener [TransactionalTestExecutionListener.java:279] Began transaction (7): transaction manager [org.springframework.orm.hibernate3.HibernateTransactionManager@746ac18c]; rollback [true]
 2013-07-29 16:46:08,426 INFO [main] o.s.t.c.t.TransactionalTestExecutionListener [TransactionalTestExecutionListener.java:299] Rolled back transaction after test execution for test context [TestContext@1af1bd6 testClass = UserDAOTest, testInstance = com.ss.user.dao.UserDAOTest@7f8bea70, testMethod = testGetUserRoleList@UserDAOTest, testException = [null], mergedContextConfiguration = [MergedContextConfiguration@67446579 testClass = UserDAOTest, locations = '{classpath:applicationContext.xml, classpath:applicationContext-test.xml}', classes = '{}', contextInitializerClasses = '[]', activeProfiles = '{}', contextLoader = 'org.springframework.test.context.support.DelegatingSmartContextLoader']]
 2013-07-29 16:46:08,612 INFO [main] o.s.t.c.t.TransactionalTestExecutionListener [TransactionalTestExecutionListener.java:279] Began transaction (8): transaction manager [org.springframework.orm.hibernate3.HibernateTransactionManager@746ac18c]; rollback [true]
 2013-07-29 16:46:09,297 INFO [main] o.s.t.c.t.TransactionalTestExecutionListener [TransactionalTestExecutionListener.java:299] Rolled back transaction after test execution for test context [TestContext@1af1bd6 testClass = UserDAOTest, testInstance = com.ss.user.dao.UserDAOTest@3a6af2fb, testMethod = testGetRoleNameForUser@UserDAOTest, testException = [null], mergedContextConfiguration = [MergedContextConfiguration@67446579 testClass = UserDAOTest, locations = '{classpath:applicationContext.xml, classpath:applicationContext-test.xml}', classes = '{}', contextInitializerClasses = '[]', activeProfiles = '{}', contextLoader = 'org.springframework.test.context.support.DelegatingSmartContextLoader']]
 2013-07-29 16:46:09,454 INFO [main] o.s.t.c.t.TransactionalTestExecutionListener [TransactionalTestExecutionListener.java:279] Began transaction (9): transaction manager [org.springframework.orm.hibernate3.HibernateTransactionManager@746ac18c]; rollback [true]
 2013-07-29 16:46:09,605 INFO [main] o.s.t.c.t.TransactionalTestExecutionListener [TransactionalTestExecutionListener.java:299] Rolled back transaction after test execution for test context [TestContext@1af1bd6 testClass = UserDAOTest, testInstance = com.ss.user.dao.UserDAOTest@4a5d4a62, testMethod = testFindRoleByRoleTitle@UserDAOTest, testException = [null], mergedContextConfiguration = [MergedContextConfiguration@67446579 testClass = UserDAOTest, locations = '{classpath:applicationContext.xml, classpath:applicationContext-test.xml}', classes = '{}', contextInitializerClasses = '[]', activeProfiles = '{}', contextLoader = 'org.springframework.test.context.support.DelegatingSmartContextLoader']]
 2013-07-29 16:46:09,761 INFO [main] o.s.t.c.t.TransactionalTestExecutionListener [TransactionalTestExecutionListener.java:279] Began transaction (10): transaction manager [org.springframework.orm.hibernate3.HibernateTransactionManager@746ac18c]; rollback [true]
 2013-07-29 16:46:10,651 INFO [main] o.s.t.c.t.TransactionalTestExecutionListener [TransactionalTestExecutionListener.java:299] Rolled back transaction after test execution for test context [TestContext@1af1bd6 testClass = UserDAOTest, testInstance = com.ss.user.dao.UserDAOTest@1c64a584, testMethod = testUpdateUserRole@UserDAOTest, testException = [null], mergedContextConfiguration = [MergedContextConfiguration@67446579 testClass = UserDAOTest, locations = '{classpath:applicationContext.xml, classpath:applicationContext-test.xml}', classes = '{}', contextInitializerClasses = '[]', activeProfiles = '{}', contextLoader = 'org.springframework.test.context.support.DelegatingSmartContextLoader']]
 2013-07-29 16:46:10,660 INFO [Thread-2] o.s.c.s.GenericApplicationContext [AbstractApplicationContext.java:1042] Closing org.springframework.context.support.GenericApplicationContext@112c3327: startup date [Mon Jul 29 16:46:00 MST 2013]; root of context hierarchy
 2013-07-29 16:46:10,661 INFO [Thread-2] o.s.b.f.s.DefaultListableBeanFactory [DefaultSingletonBeanRegistry.java:444] Destroying singletons in org.springframework.beans.factory.support.DefaultListableBeanFactory@7f702c48: defining beans [org.springframework.context.config.internalBeanConfigurerAspect,org.springframework.context.annotation.internalConfigurationAnnotationProcessor,org.springframework.context.annotation.internalAutowiredAnnotationProcessor,org.springframework.context.annotation.internalRequiredAnnotationProcessor,org.springframework.context.annotation.internalCommonAnnotationProcessor,org.springframework.context.annotation.internalPersistenceAnnotationProcessor,flexJsonView,userParser,courseController,courseMgmtDaoImpl,courseMirrorMgmtDAOImpl,courseMgmtServiceImpl,adminController,evaluationController,ieManagerController,qualityController,studentLevelEvaluatorController,studentDAO,studentEvaluationDaoImpl,transcriptCommentDAOImpl,transcriptMgmtDAOImpl,transferCourseMgmtDAOImpl,studentSearchClient,evaluationJobServiceImpl,evaluationServiceImpl,studentService,transcriptCommentServiceImpl,transcriptServiceImpl,transferCourseServiceImpl,institutionController,accreditingBodyInstituteDaoImpl,articulationAgreementDaoImpl,institutionMgmtDaoImpl,institutionMirrorMgmtDaoImpl,institutionTermTypeDaoImpl,institutionTranscriptKeyDaoImpl,accreditingBodyInstituteServiceImpl,articulationAgreementServiceImpl,institutionServiceImpl,institutionTermTypeServiceImpl,institutionTranscriptKeyServiceImpl,institutionMessageProcessor,transcriptCreditsMessageProcessor,transferCourseMessageProcessor,jmsMessageSenderService,loginController,userController,userDAO,roleService,userService,GCUCourseLoadBatch,campusVueServiceClient,campusVueDAO,environmentVariablesConfiguration,configurationEncryptor,propertyConfigurer,connectionString,cvueUserName,cvuePassword,authWSDLURL,registerWSDLURL,timeOutDelay,breakServiceWSDL,enrollmentServiceWSDL,crmServiceEndpoint,showHudsonBuildNumber,showProjectVersion,showSVNRevision,showBuildDate,sessionFactory,auditInterceptor,org.springframework.transaction.config.internalTransactionAspect,transactionManager,dataSource,campusVueDao,org.springframework.web.servlet.handler.SimpleMappingExceptionResolver#0,authenticationHandler,multipartResolver,restTemplate,messageFactory,webServiceTemplate,clientLoggingInterceptor,jaxb2Marshaller,defaultDataSource,jmsTemplate,jmsMQConnectionFactory,org.springframework.context.annotation.ConfigurationClassPostProcessor.importAwareProcessor]; root of factory hierarchy
 2013-07-29 16:46:10,667 DEBUG [Thread-2] o.a.h.i.c.PoolingClientConnectionManager [PoolingClientConnectionManager.java:284] Connection manager is shutting down
 2013-07-29 16:46:10,668 DEBUG [Thread-2] o.a.h.i.c.PoolingClientConnectionManager [PoolingClientConnectionManager.java:290] Connection manager shut down
 2013-07-29 16:46:10,671 INFO [Thread-2] o.s.o.h.a.AnnotationSessionFactoryBean [AbstractSessionFactoryBean.java:223] Closing Hibernate SessionFactory
 2013-07-29 16:46:10,671 INFO [Thread-2] o.h.i.SessionFactoryImpl [SessionFactoryImpl.java:925] closing
 2013-07-29 16:58:04,988 INFO [main] o.s.b.f.x.XmlBeanDefinitionReader [XmlBeanDefinitionReader.java:315] Loading XML bean definitions from class path resource [applicationContext.xml]
 2013-07-29 16:58:05,500 INFO [main] o.s.b.f.x.XmlBeanDefinitionReader [XmlBeanDefinitionReader.java:315] Loading XML bean definitions from class path resource [applicationContext-test.xml]
 2013-07-29 16:58:05,527 INFO [main] o.s.c.s.GenericApplicationContext [AbstractApplicationContext.java:510] Refreshing org.springframework.context.support.GenericApplicationContext@28787c16: startup date [Mon Jul 29 16:58:05 MST 2013]; root of context hierarchy
 2013-07-29 16:58:05,819 INFO [main] o.j.s.p.EncryptablePropertyPlaceholderConfigurer [PropertiesLoaderSupport.java:172] Loading properties file from class path resource [application.properties]
 2013-07-29 16:58:05,820 INFO [main] o.j.s.p.EncryptablePropertyPlaceholderConfigurer [PropertiesLoaderSupport.java:172] Loading properties file from URL [file:${properties.filepath}]
 2013-07-29 16:58:05,820 WARN [main] o.j.s.p.EncryptablePropertyPlaceholderConfigurer [PropertiesLoaderSupport.java:181] Could not load properties from URL [file:${properties.filepath}]: ${properties.filepath} (No such file or directory)
 2013-07-29 16:58:05,855 INFO [main] o.s.b.f.s.DefaultListableBeanFactory [DefaultListableBeanFactory.java:596] Pre-instantiating singletons in org.springframework.beans.factory.support.DefaultListableBeanFactory@679801c: defining beans [org.springframework.context.config.internalBeanConfigurerAspect,org.springframework.context.annotation.internalConfigurationAnnotationProcessor,org.springframework.context.annotation.internalAutowiredAnnotationProcessor,org.springframework.context.annotation.internalRequiredAnnotationProcessor,org.springframework.context.annotation.internalCommonAnnotationProcessor,org.springframework.context.annotation.internalPersistenceAnnotationProcessor,flexJsonView,userParser,courseController,courseMgmtDaoImpl,courseMirrorMgmtDAOImpl,courseMgmtServiceImpl,adminController,evaluationController,ieManagerController,qualityController,studentLevelEvaluatorController,studentDAO,studentEvaluationDaoImpl,transcriptCommentDAOImpl,transcriptMgmtDAOImpl,transferCourseMgmtDAOImpl,studentSearchClient,evaluationJobServiceImpl,evaluationServiceImpl,studentService,transcriptCommentServiceImpl,transcriptServiceImpl,transferCourseServiceImpl,institutionController,accreditingBodyInstituteDaoImpl,articulationAgreementDaoImpl,institutionMgmtDaoImpl,institutionMirrorMgmtDaoImpl,institutionTermTypeDaoImpl,institutionTranscriptKeyDaoImpl,accreditingBodyInstituteServiceImpl,articulationAgreementServiceImpl,institutionServiceImpl,institutionTermTypeServiceImpl,institutionTranscriptKeyServiceImpl,institutionMessageProcessor,transcriptCreditsMessageProcessor,transferCourseMessageProcessor,jmsMessageSenderService,loginController,userController,userDAO,roleService,userService,GCUCourseLoadBatch,campusVueServiceClient,campusVueDAO,environmentVariablesConfiguration,configurationEncryptor,propertyConfigurer,connectionString,cvueUserName,cvuePassword,authWSDLURL,registerWSDLURL,timeOutDelay,breakServiceWSDL,enrollmentServiceWSDL,crmServiceEndpoint,showHudsonBuildNumber,showProjectVersion,showSVNRevision,showBuildDate,sessionFactory,auditInterceptor,org.springframework.transaction.config.internalTransactionAspect,transactionManager,dataSource,campusVueDao,org.springframework.web.servlet.handler.SimpleMappingExceptionResolver#0,authenticationHandler,multipartResolver,restTemplate,messageFactory,webServiceTemplate,clientLoggingInterceptor,jaxb2Marshaller,defaultDataSource,jmsTemplate,jmsMQConnectionFactory,org.springframework.context.annotation.ConfigurationClassPostProcessor.importAwareProcessor]; root of factory hierarchy
 2013-07-29 16:58:05,938 INFO [main] o.s.j.d.DriverManagerDataSource [DriverManagerDataSource.java:153] Loaded JDBC driver: net.sourceforge.jtds.jdbc.Driver
 2013-07-29 16:58:06,016 INFO [main] o.h.a.c.Version [Version.java:37] Hibernate Commons Annotations 3.2.0.Final
 2013-07-29 16:58:06,019 INFO [main] o.h.c.Environment [Environment.java:593] Hibernate 3.6.0.Final
 2013-07-29 16:58:06,021 INFO [main] o.h.c.Environment [Environment.java:626] hibernate.properties not found
 2013-07-29 16:58:06,023 INFO [main] o.h.c.Environment [Environment.java:804] Bytecode provider name : javassist
 2013-07-29 16:58:06,025 INFO [main] o.h.c.Environment [Environment.java:685] using JDK 1.4 java.sql.Timestamp handling
 2013-07-29 16:58:06,190 INFO [main] o.h.c.AnnotationBinder [AnnotationBinder.java:532] Binding entity from annotated class: com.ss.course.value.CourseCategoryMapping
 2013-07-29 16:58:06,212 INFO [main] o.h.c.a.EntityBinder [EntityBinder.java:519] Bind entity com.ss.course.value.CourseCategoryMapping on table ss_tbl_transfer_course_gcu_coursecategory_mapping
 2013-07-29 16:58:06,255 INFO [main] o.h.c.AnnotationBinder [AnnotationBinder.java:532] Binding entity from annotated class: com.ss.course.value.CourseMapping
 2013-07-29 16:58:06,256 INFO [main] o.h.c.a.EntityBinder [EntityBinder.java:519] Bind entity com.ss.course.value.CourseMapping on table ss_tbl_transfer_course_gcucourse_mapping
 2013-07-29 16:58:06,260 INFO [main] o.h.c.AnnotationBinder [AnnotationBinder.java:532] Binding entity from annotated class: com.ss.course.value.CourseMappingDetail
 2013-07-29 16:58:06,261 INFO [main] o.h.c.a.EntityBinder [EntityBinder.java:519] Bind entity com.ss.course.value.CourseMappingDetail on table ss_tbl_transfer_course_gcucourse_mapping_detail
 2013-07-29 16:58:06,264 INFO [main] o.h.c.AnnotationBinder [AnnotationBinder.java:532] Binding entity from annotated class: com.ss.course.value.CourseTranscript
 2013-07-29 16:58:06,264 INFO [main] o.h.c.a.EntityBinder [EntityBinder.java:519] Bind entity com.ss.course.value.CourseTranscript on table ss_tbl_transfer_course_transcript
 2013-07-29 16:58:06,266 INFO [main] o.h.c.AnnotationBinder [AnnotationBinder.java:532] Binding entity from annotated class: com.ss.course.value.GCUCourse
 2013-07-29 16:58:06,266 INFO [main] o.h.c.a.EntityBinder [EntityBinder.java:519] Bind entity com.ss.course.value.GCUCourse on table ss_tbl_gcu_course_master
 2013-07-29 16:58:06,268 INFO [main] o.h.c.AnnotationBinder [AnnotationBinder.java:532] Binding entity from annotated class: com.ss.course.value.GCUCourseCategory
 2013-07-29 16:58:06,269 INFO [main] o.h.c.a.EntityBinder [EntityBinder.java:519] Bind entity com.ss.course.value.GCUCourseCategory on table ss_tbl_gcu_course_category_master
 2013-07-29 16:58:06,270 INFO [main] o.h.c.AnnotationBinder [AnnotationBinder.java:532] Binding entity from annotated class: com.ss.course.value.GCUDegree
 2013-07-29 16:58:06,270 INFO [main] o.h.c.a.EntityBinder [EntityBinder.java:519] Bind entity com.ss.course.value.GCUDegree on table ss_tbl_gcu_degree_master
 2013-07-29 16:58:06,271 INFO [main] o.h.c.AnnotationBinder [AnnotationBinder.java:532] Binding entity from annotated class: com.ss.course.value.MilitarySubject
 2013-07-29 16:58:06,272 INFO [main] o.h.c.a.EntityBinder [EntityBinder.java:519] Bind entity com.ss.course.value.MilitarySubject on table ss_tbl_military_subject
 2013-07-29 16:58:06,274 INFO [main] o.h.c.AnnotationBinder [AnnotationBinder.java:532] Binding entity from annotated class: com.ss.course.value.TransferCourse
 2013-07-29 16:58:06,275 INFO [main] o.h.c.a.EntityBinder [EntityBinder.java:519] Bind entity com.ss.course.value.TransferCourse on table ss_tbl_transfer_course
 2013-07-29 16:58:06,284 INFO [main] o.h.c.AnnotationBinder [AnnotationBinder.java:532] Binding entity from annotated class: com.ss.course.value.TransferCourseMirror
 2013-07-29 16:58:06,284 INFO [main] o.h.c.a.EntityBinder [EntityBinder.java:519] Bind entity com.ss.course.value.TransferCourseMirror on table ss_tbl_transfer_course_mirror
 2013-07-29 16:58:06,287 INFO [main] o.h.c.AnnotationBinder [AnnotationBinder.java:532] Binding entity from annotated class: com.ss.course.value.TransferCourseTitle
 2013-07-29 16:58:06,287 INFO [main] o.h.c.a.EntityBinder [EntityBinder.java:519] Bind entity com.ss.course.value.TransferCourseTitle on table ss_tbl_transfer_course_title_assoc
 2013-07-29 16:58:06,289 INFO [main] o.h.c.AnnotationBinder [AnnotationBinder.java:532] Binding entity from annotated class: com.ss.evaluation.value.College
 2013-07-29 16:58:06,290 INFO [main] o.h.c.a.EntityBinder [EntityBinder.java:519] Bind entity com.ss.evaluation.value.College on table ss_tbl_college_master
 2013-07-29 16:58:06,292 INFO [main] o.h.c.AnnotationBinder [AnnotationBinder.java:532] Binding entity from annotated class: com.ss.evaluation.value.CollegeProgram
 2013-07-29 16:58:06,292 INFO [main] o.h.c.a.EntityBinder [EntityBinder.java:519] Bind entity com.ss.evaluation.value.CollegeProgram on table ss_tbl_college_program
 2013-07-29 16:58:06,295 INFO [main] o.h.c.AnnotationBinder [AnnotationBinder.java:532] Binding entity from annotated class: com.ss.evaluation.value.Country
 2013-07-29 16:58:06,295 INFO [main] o.h.c.a.EntityBinder [EntityBinder.java:519] Bind entity com.ss.evaluation.value.Country on table ss_tbl_country_master
 2013-07-29 16:58:06,296 INFO [main] o.h.c.AnnotationBinder [AnnotationBinder.java:532] Binding entity from annotated class: com.ss.evaluation.value.SleCollege
 2013-07-29 16:58:06,297 INFO [main] o.h.c.a.EntityBinder [EntityBinder.java:519] Bind entity com.ss.evaluation.value.SleCollege on table ss_tbl_sle_college
 2013-07-29 16:58:06,299 INFO [main] o.h.c.AnnotationBinder [AnnotationBinder.java:532] Binding entity from annotated class: com.ss.evaluation.value.Student
 2013-07-29 16:58:06,299 INFO [main] o.h.c.a.EntityBinder [EntityBinder.java:519] Bind entity com.ss.evaluation.value.Student on table ss_tbl_student
 2013-07-29 16:58:06,303 INFO [main] o.h.c.AnnotationBinder [AnnotationBinder.java:532] Binding entity from annotated class: com.ss.evaluation.value.StudentInstitutionDegree
 2013-07-29 16:58:06,304 INFO [main] o.h.c.a.EntityBinder [EntityBinder.java:519] Bind entity com.ss.evaluation.value.StudentInstitutionDegree on table ss_tbl_student_institution_degree
 2013-07-29 16:58:06,307 INFO [main] o.h.c.AnnotationBinder [AnnotationBinder.java:532] Binding entity from annotated class: com.ss.evaluation.value.StudentInstitutionTranscript
 2013-07-29 16:58:06,308 INFO [main] o.h.c.a.EntityBinder [EntityBinder.java:519] Bind entity com.ss.evaluation.value.StudentInstitutionTranscript on table ss_tbl_student_institution_transcript
 2013-07-29 16:58:06,333 INFO [main] o.h.c.AnnotationBinder [AnnotationBinder.java:532] Binding entity from annotated class: com.ss.evaluation.value.StudentProgramEvaluation
 2013-07-29 16:58:06,333 INFO [main] o.h.c.a.EntityBinder [EntityBinder.java:519] Bind entity com.ss.evaluation.value.StudentProgramEvaluation on table ss_tbl_student_program_evaluation
 2013-07-29 16:58:06,337 INFO [main] o.h.c.AnnotationBinder [AnnotationBinder.java:532] Binding entity from annotated class: com.ss.evaluation.value.StudentTranscriptCourse
 2013-07-29 16:58:06,337 INFO [main] o.h.c.a.EntityBinder [EntityBinder.java:519] Bind entity com.ss.evaluation.value.StudentTranscriptCourse on table ss_tbl_student_transcript_course
 2013-07-29 16:58:06,344 INFO [main] o.h.c.AnnotationBinder [AnnotationBinder.java:532] Binding entity from annotated class: com.ss.evaluation.value.TranscriptComments
 2013-07-29 16:58:06,344 INFO [main] o.h.c.a.EntityBinder [EntityBinder.java:519] Bind entity com.ss.evaluation.value.TranscriptComments on table ss_tbl_transcript_comment
 2013-07-29 16:58:06,347 INFO [main] o.h.c.AnnotationBinder [AnnotationBinder.java:532] Binding entity from annotated class: com.ss.evaluation.value.TranscriptCourseSubject
 2013-07-29 16:58:06,347 INFO [main] o.h.c.a.EntityBinder [EntityBinder.java:519] Bind entity com.ss.evaluation.value.TranscriptCourseSubject on table ss_tbl_transcript_course_subject
 2013-07-29 16:58:06,351 INFO [main] o.h.c.AnnotationBinder [AnnotationBinder.java:532] Binding entity from annotated class: com.ss.evaluation.value.TransferCourseGcuCourseCategoryMapping
 2013-07-29 16:58:06,352 INFO [main] o.h.c.a.EntityBinder [EntityBinder.java:519] Bind entity com.ss.evaluation.value.TransferCourseGcuCourseCategoryMapping on table ss_tbl_transfer_course_gcu_coursecategory_mapping
 2013-07-29 16:58:06,355 INFO [main] o.h.c.AnnotationBinder [AnnotationBinder.java:532] Binding entity from annotated class: com.ss.evaluation.value.TransferCourseGcuCourseMapping
 2013-07-29 16:58:06,356 INFO [main] o.h.c.a.EntityBinder [EntityBinder.java:519] Bind entity com.ss.evaluation.value.TransferCourseGcuCourseMapping on table ss_tbl_transfer_course_gcucourse_mapping
 2013-07-29 16:58:06,359 INFO [main] o.h.c.AnnotationBinder [AnnotationBinder.java:532] Binding entity from annotated class: com.ss.institution.value.AccreditingBody
 2013-07-29 16:58:06,360 INFO [main] o.h.c.a.EntityBinder [EntityBinder.java:519] Bind entity com.ss.institution.value.AccreditingBody on table ss_tbl_accrediting_body
 2013-07-29 16:58:06,362 INFO [main] o.h.c.AnnotationBinder [AnnotationBinder.java:532] Binding entity from annotated class: com.ss.institution.value.AccreditingBodyInstitute
 2013-07-29 16:58:06,362 INFO [main] o.h.c.a.EntityBinder [EntityBinder.java:519] Bind entity com.ss.institution.value.AccreditingBodyInstitute on table ss_tbl_accreditingbody_institute_assoc
 2013-07-29 16:58:06,365 INFO [main] o.h.c.AnnotationBinder [AnnotationBinder.java:532] Binding entity from annotated class: com.ss.institution.value.ArticulationAgreement
 2013-07-29 16:58:06,365 INFO [main] o.h.c.a.EntityBinder [EntityBinder.java:519] Bind entity com.ss.institution.value.ArticulationAgreement on table ss_tbl_articulation_agreement
 2013-07-29 16:58:06,368 INFO [main] o.h.c.AnnotationBinder [AnnotationBinder.java:532] Binding entity from annotated class: com.ss.institution.value.ArticulationAgreementDetails
 2013-07-29 16:58:06,368 INFO [main] o.h.c.a.EntityBinder [EntityBinder.java:519] Bind entity com.ss.institution.value.ArticulationAgreementDetails on table ss_tbl_articulation_agreement_details
 2013-07-29 16:58:06,370 INFO [main] o.h.c.AnnotationBinder [AnnotationBinder.java:532] Binding entity from annotated class: com.ss.institution.value.GcuCourseLevel
 2013-07-29 16:58:06,370 INFO [main] o.h.c.a.EntityBinder [EntityBinder.java:519] Bind entity com.ss.institution.value.GcuCourseLevel on table ss_tbl_gcu_course_level
 2013-07-29 16:58:06,372 INFO [main] o.h.c.AnnotationBinder [AnnotationBinder.java:532] Binding entity from annotated class: com.ss.institution.value.Institution
 2013-07-29 16:58:06,372 INFO [main] o.h.c.a.EntityBinder [EntityBinder.java:519] Bind entity com.ss.institution.value.Institution on table ss_tbl_institution
 2013-07-29 16:58:06,378 INFO [main] o.h.c.AnnotationBinder [AnnotationBinder.java:532] Binding entity from annotated class: com.ss.institution.value.InstitutionAddress
 2013-07-29 16:58:06,379 INFO [main] o.h.c.a.EntityBinder [EntityBinder.java:519] Bind entity com.ss.institution.value.InstitutionAddress on table ss_tbl_institution_address
 2013-07-29 16:58:06,382 INFO [main] o.h.c.AnnotationBinder [AnnotationBinder.java:532] Binding entity from annotated class: com.ss.institution.value.InstitutionDegree
 2013-07-29 16:58:06,383 INFO [main] o.h.c.a.EntityBinder [EntityBinder.java:519] Bind entity com.ss.institution.value.InstitutionDegree on table ss_tbl_institution_degree
 2013-07-29 16:58:06,385 INFO [main] o.h.c.AnnotationBinder [AnnotationBinder.java:532] Binding entity from annotated class: com.ss.institution.value.InstitutionMirror
 2013-07-29 16:58:06,385 INFO [main] o.h.c.a.EntityBinder [EntityBinder.java:519] Bind entity com.ss.institution.value.InstitutionMirror on table ss_tbl_institution_mirror
 2013-07-29 16:58:06,387 INFO [main] o.h.c.AnnotationBinder [AnnotationBinder.java:532] Binding entity from annotated class: com.ss.institution.value.InstitutionTermType
 2013-07-29 16:58:06,388 INFO [main] o.h.c.a.EntityBinder [EntityBinder.java:519] Bind entity com.ss.institution.value.InstitutionTermType on table ss_tbl_institute_termtype_assoc
 2013-07-29 16:58:06,390 INFO [main] o.h.c.AnnotationBinder [AnnotationBinder.java:532] Binding entity from annotated class: com.ss.institution.value.InstitutionTranscript
 2013-07-29 16:58:06,390 INFO [main] o.h.c.a.EntityBinder [EntityBinder.java:519] Bind entity com.ss.institution.value.InstitutionTranscript on table ss_tbl_institution_transcript
 2013-07-29 16:58:06,391 INFO [main] o.h.c.AnnotationBinder [AnnotationBinder.java:532] Binding entity from annotated class: com.ss.institution.value.InstitutionTranscriptKey
 2013-07-29 16:58:06,392 INFO [main] o.h.c.a.EntityBinder [EntityBinder.java:519] Bind entity com.ss.institution.value.InstitutionTranscriptKey on table ss_tbl_institution_transcriptkey
 2013-07-29 16:58:06,395 INFO [main] o.h.c.AnnotationBinder [AnnotationBinder.java:532] Binding entity from annotated class: com.ss.institution.value.InstitutionTranscriptKeyDetails
 2013-07-29 16:58:06,396 INFO [main] o.h.c.a.EntityBinder [EntityBinder.java:519] Bind entity com.ss.institution.value.InstitutionTranscriptKeyDetails on table ss_tbl_institute_transcriptkey_details
 2013-07-29 16:58:06,399 INFO [main] o.h.c.AnnotationBinder [AnnotationBinder.java:532] Binding entity from annotated class: com.ss.institution.value.InstitutionTranscriptKeyGrade
 2013-07-29 16:58:06,399 INFO [main] o.h.c.a.EntityBinder [EntityBinder.java:519] Bind entity com.ss.institution.value.InstitutionTranscriptKeyGrade on table ss_tbl_institute_transcriptkey_grade
 2013-07-29 16:58:06,402 INFO [main] o.h.c.AnnotationBinder [AnnotationBinder.java:532] Binding entity from annotated class: com.ss.institution.value.InstitutionType
 2013-07-29 16:58:06,402 INFO [main] o.h.c.a.EntityBinder [EntityBinder.java:519] Bind entity com.ss.institution.value.InstitutionType on table ss_tbl_institution_type
 2013-07-29 16:58:06,404 INFO [main] o.h.c.AnnotationBinder [AnnotationBinder.java:532] Binding entity from annotated class: com.ss.institution.value.TermType
 2013-07-29 16:58:06,404 INFO [main] o.h.c.a.EntityBinder [EntityBinder.java:519] Bind entity com.ss.institution.value.TermType on table ss_tbl_termtype_master
 2013-07-29 16:58:06,406 INFO [main] o.h.c.AnnotationBinder [AnnotationBinder.java:532] Binding entity from annotated class: com.ss.institution.value.TransferCourseInstitutionTranscriptKeyGradeAssoc
 2013-07-29 16:58:06,406 INFO [main] o.h.c.a.EntityBinder [EntityBinder.java:519] Bind entity com.ss.institution.value.TransferCourseInstitutionTranscriptKeyGradeAssoc on table ss_tbl_transfercourse_institute_transcriptkey_grade_assoc
 2013-07-29 16:58:06,410 INFO [main] o.h.c.AnnotationBinder [AnnotationBinder.java:532] Binding entity from annotated class: com.ss.user.value.Role
 2013-07-29 16:58:06,410 INFO [main] o.h.c.a.EntityBinder [EntityBinder.java:519] Bind entity com.ss.user.value.Role on table ss_tbl_role_master
 2013-07-29 16:58:06,413 INFO [main] o.h.c.AnnotationBinder [AnnotationBinder.java:532] Binding entity from annotated class: com.ss.user.value.User
 2013-07-29 16:58:06,413 INFO [main] o.h.c.a.EntityBinder [EntityBinder.java:519] Bind entity com.ss.user.value.User on table ss_tbl_user
 2013-07-29 16:58:06,418 INFO [main] o.h.c.AnnotationBinder [AnnotationBinder.java:532] Binding entity from annotated class: com.ss.user.value.UserRole
 2013-07-29 16:58:06,418 INFO [main] o.h.c.a.EntityBinder [EntityBinder.java:519] Bind entity com.ss.user.value.UserRole on table ss_tbl_user_role_assoc
 2013-07-29 16:58:06,431 INFO [main] o.h.c.a.CollectionBinder [CollectionBinder.java:745] Mapping collection: com.ss.evaluation.value.StudentInstitutionTranscript.studentInstitutionDegreeSet -> ss_tbl_student_institution_degree
 2013-07-29 16:58:06,432 INFO [main] o.h.c.a.CollectionBinder [CollectionBinder.java:745] Mapping collection: com.ss.institution.value.ArticulationAgreement.articulationAgreementDetailsList -> ss_tbl_articulation_agreement_details
 2013-07-29 16:58:06,433 INFO [main] o.h.c.a.CollectionBinder [CollectionBinder.java:745] Mapping collection: com.ss.institution.value.InstitutionTranscriptKey.institutionTranscriptKeyDetailsList -> ss_tbl_institute_transcriptkey_details
 2013-07-29 16:58:06,433 INFO [main] o.h.c.a.CollectionBinder [CollectionBinder.java:745] Mapping collection: com.ss.institution.value.InstitutionTranscriptKey.institutionTranscriptKeyGradeList -> ss_tbl_institute_transcriptkey_grade
 2013-07-29 16:58:06,436 INFO [main] o.h.c.Configuration [Configuration.java:1646] Hibernate Validator not found: ignoring
 2013-07-29 16:58:06,438 INFO [main] o.s.o.h.a.AnnotationSessionFactoryBean [LocalSessionFactoryBean.java:780] Building new Hibernate SessionFactory
 2013-07-29 16:58:06,441 INFO [main] o.h.c.s.HibernateSearchEventListenerRegister [HibernateSearchEventListenerRegister.java:75] Unable to find org.hibernate.search.event.FullTextIndexEventListener on the classpath. Hibernate Search is not enabled.
 2013-07-29 16:58:06,461 INFO [main] o.h.c.ConnectionProviderFactory [ConnectionProviderFactory.java:173] Initializing connection provider: org.springframework.orm.hibernate3.LocalDataSourceConnectionProvider
 2013-07-29 16:58:06,633 INFO [main] o.h.c.SettingsFactory [SettingsFactory.java:117] Database ->
       name : Microsoft SQL Server
    version : 10.50.1720
      major : 10
      minor : 50
 2013-07-29 16:58:06,633 INFO [main] o.h.c.SettingsFactory [SettingsFactory.java:123] Driver ->
       name : jTDS Type 4 JDBC Driver for MS SQL Server and Sybase
    version : 1.2.2
      major : 1
      minor : 2
 2013-07-29 16:58:06,646 INFO [main] o.h.d.Dialect [Dialect.java:108] Using dialect: org.hibernate.dialect.SQLServerDialect
 2013-07-29 16:58:06,654 INFO [main] o.h.e.j.JdbcSupportLoader [JdbcSupportLoader.java:79] Disabling contextual LOB creation as JDBC driver reported JDBC version [3] less than 4
 2013-07-29 16:58:06,657 INFO [main] o.h.t.TransactionFactoryFactory [TransactionFactoryFactory.java:62] Transaction strategy: org.springframework.orm.hibernate3.SpringTransactionFactory
 2013-07-29 16:58:06,658 INFO [main] o.h.t.TransactionManagerLookupFactory [TransactionManagerLookupFactory.java:80] No TransactionManagerLookup configured (in JTA environment, use of read-write or transactional second-level cache is not recommended)
 2013-07-29 16:58:06,659 INFO [main] o.h.c.SettingsFactory [SettingsFactory.java:179] Automatic flush during beforeCompletion(): disabled
 2013-07-29 16:58:06,659 INFO [main] o.h.c.SettingsFactory [SettingsFactory.java:183] Automatic session close at end of transaction: disabled
 2013-07-29 16:58:06,660 INFO [main] o.h.c.SettingsFactory [SettingsFactory.java:198] Scrollable result sets: enabled
 2013-07-29 16:58:06,661 INFO [main] o.h.c.SettingsFactory [SettingsFactory.java:206] JDBC3 getGeneratedKeys(): enabled
 2013-07-29 16:58:06,661 INFO [main] o.h.c.SettingsFactory [SettingsFactory.java:214] Connection release mode: auto
 2013-07-29 16:58:06,662 INFO [main] o.h.c.SettingsFactory [SettingsFactory.java:241] Default batch fetch size: 1
 2013-07-29 16:58:06,662 INFO [main] o.h.c.SettingsFactory [SettingsFactory.java:245] Generate SQL with comments: disabled
 2013-07-29 16:58:06,663 INFO [main] o.h.c.SettingsFactory [SettingsFactory.java:249] Order SQL updates by primary key: disabled
 2013-07-29 16:58:06,663 INFO [main] o.h.c.SettingsFactory [SettingsFactory.java:253] Order SQL inserts for batching: disabled
 2013-07-29 16:58:06,663 INFO [main] o.h.c.SettingsFactory [SettingsFactory.java:431] Query translator: org.hibernate.hql.ast.ASTQueryTranslatorFactory
 2013-07-29 16:58:06,665 INFO [main] o.h.h.a.ASTQueryTranslatorFactory [ASTQueryTranslatorFactory.java:47] Using ASTQueryTranslatorFactory
 2013-07-29 16:58:06,666 INFO [main] o.h.c.SettingsFactory [SettingsFactory.java:261] Query language substitutions: {}
 2013-07-29 16:58:06,666 INFO [main] o.h.c.SettingsFactory [SettingsFactory.java:266] JPA-QL strict compliance: disabled
 2013-07-29 16:58:06,667 INFO [main] o.h.c.SettingsFactory [SettingsFactory.java:271] Second-level cache: enabled
 2013-07-29 16:58:06,667 INFO [main] o.h.c.SettingsFactory [SettingsFactory.java:275] Query cache: disabled
 2013-07-29 16:58:06,668 INFO [main] o.h.c.SettingsFactory [SettingsFactory.java:406] Cache region factory : org.hibernate.cache.impl.NoCachingRegionFactory
 2013-07-29 16:58:06,669 INFO [main] o.h.c.SettingsFactory [SettingsFactory.java:285] Optimize cache for minimal puts: disabled
 2013-07-29 16:58:06,669 INFO [main] o.h.c.SettingsFactory [SettingsFactory.java:294] Structured second-level cache entries: disabled
 2013-07-29 16:58:06,672 INFO [main] o.h.c.SettingsFactory [SettingsFactory.java:323] Statistics: disabled
 2013-07-29 16:58:06,673 INFO [main] o.h.c.SettingsFactory [SettingsFactory.java:327] Deleted entity synthetic identifier rollback: disabled
 2013-07-29 16:58:06,673 INFO [main] o.h.c.SettingsFactory [SettingsFactory.java:343] Default entity-mode: pojo
 2013-07-29 16:58:06,673 INFO [main] o.h.c.SettingsFactory [SettingsFactory.java:347] Named query checking : enabled
 2013-07-29 16:58:06,673 INFO [main] o.h.c.SettingsFactory [SettingsFactory.java:351] Check Nullability in Core (should be disabled when Bean Validation is on): enabled
 2013-07-29 16:58:06,685 INFO [main] o.h.i.SessionFactoryImpl [SessionFactoryImpl.java:200] building session factory
 2013-07-29 16:58:07,088 INFO [main] o.h.i.SessionFactoryObjectFactory [SessionFactoryObjectFactory.java:105] Not binding factory to JNDI, no JNDI name configured
 2013-07-29 16:58:07,880 INFO [main] o.s.w.s.s.SaajSoapMessageFactory [SaajSoapMessageFactory.java:135] Creating SAAJ 1.3 MessageFactory with SOAP 1.1 Protocol
 2013-07-29 16:58:07,902 INFO [main] o.s.o.j.Jaxb2Marshaller [Jaxb2Marshaller.java:365] Creating JAXBContext with classes to be bound [class com.campusmgmt.soa.foundation.messagedefinition.AddTransferCourses,class com.campusmgmt.soa.foundation.messagedefinition.AddTransferCoursesResponse,class com.campusmgmt.soa.foundation.messagedefinition.AddTransferCredits,class com.campusmgmt.soa.foundation.messagedefinition.AddTransferCreditsResponse,class com.campusmgmt.soa.foundation.GetAuthorizationToken,class com.campusmgmt.soa.foundation.GetAuthorizationTokenResponse,class edu.gcu.InsertInstitutionRequest,class edu.gcu.InsertInstitutionResponse]
 2013-07-29 16:58:08,081 INFO [main] o.s.j.d.DriverManagerDataSource [DriverManagerDataSource.java:153] Loaded JDBC driver: net.sourceforge.jtds.jdbc.Driver
 2013-07-29 16:58:08,112 INFO [main] o.s.o.h.HibernateTransactionManager [HibernateTransactionManager.java:416] Using DataSource [org.springframework.jdbc.datasource.DriverManagerDataSource@74c9a375] of Hibernate SessionFactory for HibernateTransactionManager
 2013-07-29 16:58:08,369 INFO [main] o.s.t.c.t.TransactionalTestExecutionListener [TransactionalTestExecutionListener.java:279] Began transaction (1): transaction manager [org.springframework.orm.hibernate3.HibernateTransactionManager@1d008ff]; rollback [true]
 2013-07-29 16:58:08,462 INFO [main] o.s.t.c.t.TransactionalTestExecutionListener [TransactionalTestExecutionListener.java:299] Rolled back transaction after test execution for test context [TestContext@60616364 testClass = StudentServiceTest, testInstance = com.ss.evaluation.service.StudentServiceTest@19c46bab, testMethod = testGetStudentByCrmId@StudentServiceTest, testException = [null], mergedContextConfiguration = [MergedContextConfiguration@2e78b4c4 testClass = StudentServiceTest, locations = '{classpath:applicationContext.xml, classpath:applicationContext-test.xml}', classes = '{}', contextInitializerClasses = '[]', activeProfiles = '{}', contextLoader = 'org.springframework.test.context.support.DelegatingSmartContextLoader']]
 2013-07-29 16:58:08,632 INFO [main] o.s.t.c.t.TransactionalTestExecutionListener [TransactionalTestExecutionListener.java:279] Began transaction (2): transaction manager [org.springframework.orm.hibernate3.HibernateTransactionManager@1d008ff]; rollback [true]
 2013-07-29 16:58:08,711 INFO [main] o.s.t.c.t.TransactionalTestExecutionListener [TransactionalTestExecutionListener.java:299] Rolled back transaction after test execution for test context [TestContext@60616364 testClass = StudentServiceTest, testInstance = com.ss.evaluation.service.StudentServiceTest@4fe7f80, testMethod = testSearchStudent@StudentServiceTest, testException = [null], mergedContextConfiguration = [MergedContextConfiguration@2e78b4c4 testClass = StudentServiceTest, locations = '{classpath:applicationContext.xml, classpath:applicationContext-test.xml}', classes = '{}', contextInitializerClasses = '[]', activeProfiles = '{}', contextLoader = 'org.springframework.test.context.support.DelegatingSmartContextLoader']]
 2013-07-29 16:58:08,878 INFO [main] o.s.t.c.t.TransactionalTestExecutionListener [TransactionalTestExecutionListener.java:279] Began transaction (3): transaction manager [org.springframework.orm.hibernate3.HibernateTransactionManager@1d008ff]; rollback [true]
 2013-07-29 16:58:08,962 INFO [main] o.s.t.c.t.TransactionalTestExecutionListener [TransactionalTestExecutionListener.java:299] Rolled back transaction after test execution for test context [TestContext@60616364 testClass = StudentServiceTest, testInstance = com.ss.evaluation.service.StudentServiceTest@6064af0f, testMethod = testGetStudentProgramInformation@StudentServiceTest, testException = [null], mergedContextConfiguration = [MergedContextConfiguration@2e78b4c4 testClass = StudentServiceTest, locations = '{classpath:applicationContext.xml, classpath:applicationContext-test.xml}', classes = '{}', contextInitializerClasses = '[]', activeProfiles = '{}', contextLoader = 'org.springframework.test.context.support.DelegatingSmartContextLoader']]
 2013-07-29 16:58:09,119 INFO [main] o.s.t.c.t.TransactionalTestExecutionListener [TransactionalTestExecutionListener.java:279] Began transaction (4): transaction manager [org.springframework.orm.hibernate3.HibernateTransactionManager@1d008ff]; rollback [true]
 2013-07-29 16:58:09,203 INFO [main] o.s.t.c.t.TransactionalTestExecutionListener [TransactionalTestExecutionListener.java:299] Rolled back transaction after test execution for test context [TestContext@60616364 testClass = StudentServiceTest, testInstance = com.ss.evaluation.service.StudentServiceTest@5f30b97d, testMethod = testGetStudentById@StudentServiceTest, testException = [null], mergedContextConfiguration = [MergedContextConfiguration@2e78b4c4 testClass = StudentServiceTest, locations = '{classpath:applicationContext.xml, classpath:applicationContext-test.xml}', classes = '{}', contextInitializerClasses = '[]', activeProfiles = '{}', contextLoader = 'org.springframework.test.context.support.DelegatingSmartContextLoader']]
 2013-07-29 16:58:09,362 INFO [main] o.s.t.c.t.TransactionalTestExecutionListener [TransactionalTestExecutionListener.java:279] Began transaction (5): transaction manager [org.springframework.orm.hibernate3.HibernateTransactionManager@1d008ff]; rollback [true]
 2013-07-29 16:58:09,467 INFO [main] o.s.t.c.t.TransactionalTestExecutionListener [TransactionalTestExecutionListener.java:299] Rolled back transaction after test execution for test context [TestContext@60616364 testClass = StudentServiceTest, testInstance = com.ss.evaluation.service.StudentServiceTest@77e1ee5d, testMethod = testCreateStudentRecord@StudentServiceTest, testException = [null], mergedContextConfiguration = [MergedContextConfiguration@2e78b4c4 testClass = StudentServiceTest, locations = '{classpath:applicationContext.xml, classpath:applicationContext-test.xml}', classes = '{}', contextInitializerClasses = '[]', activeProfiles = '{}', contextLoader = 'org.springframework.test.context.support.DelegatingSmartContextLoader']]
 2013-07-29 16:58:09,620 INFO [main] o.s.t.c.t.TransactionalTestExecutionListener [TransactionalTestExecutionListener.java:279] Began transaction (1): transaction manager [org.springframework.orm.hibernate3.HibernateTransactionManager@1d008ff]; rollback [true]
 2013-07-29 16:58:09,972 INFO [main] o.s.t.c.t.TransactionalTestExecutionListener [TransactionalTestExecutionListener.java:299] Rolled back transaction after test execution for test context [TestContext@22fde0d5 testClass = InstitutionMgmtDAOTest, testInstance = com.ss.institution.dao.InstitutionMgmtDAOTest@49b3d1e5, testMethod = testAddInstitution@InstitutionMgmtDAOTest, testException = [null], mergedContextConfiguration = [MergedContextConfiguration@3c993730 testClass = InstitutionMgmtDAOTest, locations = '{classpath:applicationContext.xml, classpath:applicationContext-test.xml}', classes = '{}', contextInitializerClasses = '[]', activeProfiles = '{}', contextLoader = 'org.springframework.test.context.support.DelegatingSmartContextLoader']]
 2013-07-29 16:58:10,143 INFO [main] o.s.t.c.t.TransactionalTestExecutionListener [TransactionalTestExecutionListener.java:279] Began transaction (2): transaction manager [org.springframework.orm.hibernate3.HibernateTransactionManager@1d008ff]; rollback [true]
 2013-07-29 16:58:10,384 INFO [main] o.s.t.c.t.TransactionalTestExecutionListener [TransactionalTestExecutionListener.java:299] Rolled back transaction after test execution for test context [TestContext@22fde0d5 testClass = InstitutionMgmtDAOTest, testInstance = com.ss.institution.dao.InstitutionMgmtDAOTest@876800e, testMethod = testAddInstitution2@InstitutionMgmtDAOTest, testException = [null], mergedContextConfiguration = [MergedContextConfiguration@3c993730 testClass = InstitutionMgmtDAOTest, locations = '{classpath:applicationContext.xml, classpath:applicationContext-test.xml}', classes = '{}', contextInitializerClasses = '[]', activeProfiles = '{}', contextLoader = 'org.springframework.test.context.support.DelegatingSmartContextLoader']]
 2013-07-29 16:58:10,557 INFO [main] o.s.t.c.t.TransactionalTestExecutionListener [TransactionalTestExecutionListener.java:279] Began transaction (1): transaction manager [org.springframework.orm.hibernate3.HibernateTransactionManager@1d008ff]; rollback [true]
 2013-07-29 16:58:10,891 INFO [main] o.s.t.c.t.TransactionalTestExecutionListener [TransactionalTestExecutionListener.java:299] Rolled back transaction after test execution for test context [TestContext@766e119d testClass = UserDAOTest, testInstance = com.ss.user.dao.UserDAOTest@34469729, testMethod = testFindUserByUserName@UserDAOTest, testException = [null], mergedContextConfiguration = [MergedContextConfiguration@66e1f8f testClass = UserDAOTest, locations = '{classpath:applicationContext.xml, classpath:applicationContext-test.xml}', classes = '{}', contextInitializerClasses = '[]', activeProfiles = '{}', contextLoader = 'org.springframework.test.context.support.DelegatingSmartContextLoader']]
 2013-07-29 16:58:11,063 INFO [main] o.s.t.c.t.TransactionalTestExecutionListener [TransactionalTestExecutionListener.java:279] Began transaction (2): transaction manager [org.springframework.orm.hibernate3.HibernateTransactionManager@1d008ff]; rollback [true]
 2013-07-29 16:58:11,355 INFO [main] o.s.t.c.t.TransactionalTestExecutionListener [TransactionalTestExecutionListener.java:299] Rolled back transaction after test execution for test context [TestContext@766e119d testClass = UserDAOTest, testInstance = com.ss.user.dao.UserDAOTest@69b8b810, testMethod = testFindUserByUserNameCaseSensitive@UserDAOTest, testException = [null], mergedContextConfiguration = [MergedContextConfiguration@66e1f8f testClass = UserDAOTest, locations = '{classpath:applicationContext.xml, classpath:applicationContext-test.xml}', classes = '{}', contextInitializerClasses = '[]', activeProfiles = '{}', contextLoader = 'org.springframework.test.context.support.DelegatingSmartContextLoader']]
 2013-07-29 16:58:11,519 INFO [main] o.s.t.c.t.TransactionalTestExecutionListener [TransactionalTestExecutionListener.java:279] Began transaction (3): transaction manager [org.springframework.orm.hibernate3.HibernateTransactionManager@1d008ff]; rollback [true]
 2013-07-29 16:58:11,959 INFO [main] o.s.t.c.t.TransactionalTestExecutionListener [TransactionalTestExecutionListener.java:299] Rolled back transaction after test execution for test context [TestContext@766e119d testClass = UserDAOTest, testInstance = com.ss.user.dao.UserDAOTest@31d47845, testMethod = testAddUser@UserDAOTest, testException = [null], mergedContextConfiguration = [MergedContextConfiguration@66e1f8f testClass = UserDAOTest, locations = '{classpath:applicationContext.xml, classpath:applicationContext-test.xml}', classes = '{}', contextInitializerClasses = '[]', activeProfiles = '{}', contextLoader = 'org.springframework.test.context.support.DelegatingSmartContextLoader']]
 2013-07-29 16:58:12,262 INFO [main] o.s.t.c.t.TransactionalTestExecutionListener [TransactionalTestExecutionListener.java:279] Began transaction (4): transaction manager [org.springframework.orm.hibernate3.HibernateTransactionManager@1d008ff]; rollback [true]
 2013-07-29 16:58:12,937 INFO [main] o.s.t.c.t.TransactionalTestExecutionListener [TransactionalTestExecutionListener.java:299] Rolled back transaction after test execution for test context [TestContext@766e119d testClass = UserDAOTest, testInstance = com.ss.user.dao.UserDAOTest@1d1fceed, testMethod = testUpdateUser@UserDAOTest, testException = [null], mergedContextConfiguration = [MergedContextConfiguration@66e1f8f testClass = UserDAOTest, locations = '{classpath:applicationContext.xml, classpath:applicationContext-test.xml}', classes = '{}', contextInitializerClasses = '[]', activeProfiles = '{}', contextLoader = 'org.springframework.test.context.support.DelegatingSmartContextLoader']]
 2013-07-29 16:58:13,196 INFO [main] o.s.t.c.t.TransactionalTestExecutionListener [TransactionalTestExecutionListener.java:279] Began transaction (5): transaction manager [org.springframework.orm.hibernate3.HibernateTransactionManager@1d008ff]; rollback [true]
 2013-07-29 16:58:13,451 INFO [main] o.s.t.c.t.TransactionalTestExecutionListener [TransactionalTestExecutionListener.java:299] Rolled back transaction after test execution for test context [TestContext@766e119d testClass = UserDAOTest, testInstance = com.ss.user.dao.UserDAOTest@49431028, testMethod = testFindAllRoles@UserDAOTest, testException = [null], mergedContextConfiguration = [MergedContextConfiguration@66e1f8f testClass = UserDAOTest, locations = '{classpath:applicationContext.xml, classpath:applicationContext-test.xml}', classes = '{}', contextInitializerClasses = '[]', activeProfiles = '{}', contextLoader = 'org.springframework.test.context.support.DelegatingSmartContextLoader']]
 2013-07-29 16:58:13,656 INFO [main] o.s.t.c.t.TransactionalTestExecutionListener [TransactionalTestExecutionListener.java:279] Began transaction (6): transaction manager [org.springframework.orm.hibernate3.HibernateTransactionManager@1d008ff]; rollback [true]
 2013-07-29 16:58:14,276 INFO [main] o.s.t.c.t.TransactionalTestExecutionListener [TransactionalTestExecutionListener.java:299] Rolled back transaction after test execution for test context [TestContext@766e119d testClass = UserDAOTest, testInstance = com.ss.user.dao.UserDAOTest@70dd8904, testMethod = testAddUserRoleAndFindRolesByUsername@UserDAOTest, testException = [null], mergedContextConfiguration = [MergedContextConfiguration@66e1f8f testClass = UserDAOTest, locations = '{classpath:applicationContext.xml, classpath:applicationContext-test.xml}', classes = '{}', contextInitializerClasses = '[]', activeProfiles = '{}', contextLoader = 'org.springframework.test.context.support.DelegatingSmartContextLoader']]
 2013-07-29 16:58:14,442 INFO [main] o.s.t.c.t.TransactionalTestExecutionListener [TransactionalTestExecutionListener.java:279] Began transaction (7): transaction manager [org.springframework.orm.hibernate3.HibernateTransactionManager@1d008ff]; rollback [true]
 2013-07-29 16:58:14,522 INFO [main] o.s.t.c.t.TransactionalTestExecutionListener [TransactionalTestExecutionListener.java:299] Rolled back transaction after test execution for test context [TestContext@766e119d testClass = UserDAOTest, testInstance = com.ss.user.dao.UserDAOTest@49c97c3e, testMethod = testGetUserRoleList@UserDAOTest, testException = [null], mergedContextConfiguration = [MergedContextConfiguration@66e1f8f testClass = UserDAOTest, locations = '{classpath:applicationContext.xml, classpath:applicationContext-test.xml}', classes = '{}', contextInitializerClasses = '[]', activeProfiles = '{}', contextLoader = 'org.springframework.test.context.support.DelegatingSmartContextLoader']]
 2013-07-29 16:58:14,685 INFO [main] o.s.t.c.t.TransactionalTestExecutionListener [TransactionalTestExecutionListener.java:279] Began transaction (8): transaction manager [org.springframework.orm.hibernate3.HibernateTransactionManager@1d008ff]; rollback [true]
 2013-07-29 16:58:15,367 INFO [main] o.s.t.c.t.TransactionalTestExecutionListener [TransactionalTestExecutionListener.java:299] Rolled back transaction after test execution for test context [TestContext@766e119d testClass = UserDAOTest, testInstance = com.ss.user.dao.UserDAOTest@238df2e4, testMethod = testGetRoleNameForUser@UserDAOTest, testException = [null], mergedContextConfiguration = [MergedContextConfiguration@66e1f8f testClass = UserDAOTest, locations = '{classpath:applicationContext.xml, classpath:applicationContext-test.xml}', classes = '{}', contextInitializerClasses = '[]', activeProfiles = '{}', contextLoader = 'org.springframework.test.context.support.DelegatingSmartContextLoader']]
 2013-07-29 16:58:15,527 INFO [main] o.s.t.c.t.TransactionalTestExecutionListener [TransactionalTestExecutionListener.java:279] Began transaction (9): transaction manager [org.springframework.orm.hibernate3.HibernateTransactionManager@1d008ff]; rollback [true]
 2013-07-29 16:58:15,687 INFO [main] o.s.t.c.t.TransactionalTestExecutionListener [TransactionalTestExecutionListener.java:299] Rolled back transaction after test execution for test context [TestContext@766e119d testClass = UserDAOTest, testInstance = com.ss.user.dao.UserDAOTest@20c92575, testMethod = testFindRoleByRoleTitle@UserDAOTest, testException = [null], mergedContextConfiguration = [MergedContextConfiguration@66e1f8f testClass = UserDAOTest, locations = '{classpath:applicationContext.xml, classpath:applicationContext-test.xml}', classes = '{}', contextInitializerClasses = '[]', activeProfiles = '{}', contextLoader = 'org.springframework.test.context.support.DelegatingSmartContextLoader']]
 2013-07-29 16:58:15,853 INFO [main] o.s.t.c.t.TransactionalTestExecutionListener [TransactionalTestExecutionListener.java:279] Began transaction (10): transaction manager [org.springframework.orm.hibernate3.HibernateTransactionManager@1d008ff]; rollback [true]
 2013-07-29 16:58:16,704 INFO [main] o.s.t.c.t.TransactionalTestExecutionListener [TransactionalTestExecutionListener.java:299] Rolled back transaction after test execution for test context [TestContext@766e119d testClass = UserDAOTest, testInstance = com.ss.user.dao.UserDAOTest@7d8aecf1, testMethod = testUpdateUserRole@UserDAOTest, testException = [null], mergedContextConfiguration = [MergedContextConfiguration@66e1f8f testClass = UserDAOTest, locations = '{classpath:applicationContext.xml, classpath:applicationContext-test.xml}', classes = '{}', contextInitializerClasses = '[]', activeProfiles = '{}', contextLoader = 'org.springframework.test.context.support.DelegatingSmartContextLoader']]
 2013-07-29 16:58:16,712 INFO [Thread-2] o.s.c.s.GenericApplicationContext [AbstractApplicationContext.java:1042] Closing org.springframework.context.support.GenericApplicationContext@28787c16: startup date [Mon Jul 29 16:58:05 MST 2013]; root of context hierarchy
 2013-07-29 16:58:16,713 INFO [Thread-2] o.s.b.f.s.DefaultListableBeanFactory [DefaultSingletonBeanRegistry.java:444] Destroying singletons in org.springframework.beans.factory.support.DefaultListableBeanFactory@679801c: defining beans [org.springframework.context.config.internalBeanConfigurerAspect,org.springframework.context.annotation.internalConfigurationAnnotationProcessor,org.springframework.context.annotation.internalAutowiredAnnotationProcessor,org.springframework.context.annotation.internalRequiredAnnotationProcessor,org.springframework.context.annotation.internalCommonAnnotationProcessor,org.springframework.context.annotation.internalPersistenceAnnotationProcessor,flexJsonView,userParser,courseController,courseMgmtDaoImpl,courseMirrorMgmtDAOImpl,courseMgmtServiceImpl,adminController,evaluationController,ieManagerController,qualityController,studentLevelEvaluatorController,studentDAO,studentEvaluationDaoImpl,transcriptCommentDAOImpl,transcriptMgmtDAOImpl,transferCourseMgmtDAOImpl,studentSearchClient,evaluationJobServiceImpl,evaluationServiceImpl,studentService,transcriptCommentServiceImpl,transcriptServiceImpl,transferCourseServiceImpl,institutionController,accreditingBodyInstituteDaoImpl,articulationAgreementDaoImpl,institutionMgmtDaoImpl,institutionMirrorMgmtDaoImpl,institutionTermTypeDaoImpl,institutionTranscriptKeyDaoImpl,accreditingBodyInstituteServiceImpl,articulationAgreementServiceImpl,institutionServiceImpl,institutionTermTypeServiceImpl,institutionTranscriptKeyServiceImpl,institutionMessageProcessor,transcriptCreditsMessageProcessor,transferCourseMessageProcessor,jmsMessageSenderService,loginController,userController,userDAO,roleService,userService,GCUCourseLoadBatch,campusVueServiceClient,campusVueDAO,environmentVariablesConfiguration,configurationEncryptor,propertyConfigurer,connectionString,cvueUserName,cvuePassword,authWSDLURL,registerWSDLURL,timeOutDelay,breakServiceWSDL,enrollmentServiceWSDL,crmServiceEndpoint,showHudsonBuildNumber,showProjectVersion,showSVNRevision,showBuildDate,sessionFactory,auditInterceptor,org.springframework.transaction.config.internalTransactionAspect,transactionManager,dataSource,campusVueDao,org.springframework.web.servlet.handler.SimpleMappingExceptionResolver#0,authenticationHandler,multipartResolver,restTemplate,messageFactory,webServiceTemplate,clientLoggingInterceptor,jaxb2Marshaller,defaultDataSource,jmsTemplate,jmsMQConnectionFactory,org.springframework.context.annotation.ConfigurationClassPostProcessor.importAwareProcessor]; root of factory hierarchy
 2013-07-29 16:58:16,719 DEBUG [Thread-2] o.a.h.i.c.PoolingClientConnectionManager [PoolingClientConnectionManager.java:284] Connection manager is shutting down
 2013-07-29 16:58:16,720 DEBUG [Thread-2] o.a.h.i.c.PoolingClientConnectionManager [PoolingClientConnectionManager.java:290] Connection manager shut down
 2013-07-29 16:58:16,722 INFO [Thread-2] o.s.o.h.a.AnnotationSessionFactoryBean [AbstractSessionFactoryBean.java:223] Closing Hibernate SessionFactory
 2013-07-29 16:58:16,722 INFO [Thread-2] o.h.i.SessionFactoryImpl [SessionFactoryImpl.java:925] closing
