 2013-08-06 08:14:48,194 INFO [main] o.s.b.f.x.XmlBeanDefinitionReader [XmlBeanDefinitionReader.java:315] Loading XML bean definitions from class path resource [applicationContext.xml]
 2013-08-06 08:14:48,761 INFO [main] o.s.b.f.x.XmlBeanDefinitionReader [XmlBeanDefinitionReader.java:315] Loading XML bean definitions from class path resource [applicationContext-test.xml]
 2013-08-06 08:14:48,781 INFO [main] o.s.c.s.GenericApplicationContext [AbstractApplicationContext.java:510] Refreshing org.springframework.context.support.GenericApplicationContext@2b12e7f7: startup date [Tue Aug 06 08:14:48 MST 2013]; root of context hierarchy
 2013-08-06 08:14:49,095 INFO [main] o.j.s.p.EncryptablePropertyPlaceholderConfigurer [PropertiesLoaderSupport.java:172] Loading properties file from class path resource [application.properties]
 2013-08-06 08:14:49,096 INFO [main] o.j.s.p.EncryptablePropertyPlaceholderConfigurer [PropertiesLoaderSupport.java:172] Loading properties file from URL [file:${properties.filepath}]
 2013-08-06 08:14:49,096 WARN [main] o.j.s.p.EncryptablePropertyPlaceholderConfigurer [PropertiesLoaderSupport.java:181] Could not load properties from URL [file:${properties.filepath}]: ${properties.filepath} (No such file or directory)
 2013-08-06 08:14:49,142 INFO [main] o.s.b.f.s.DefaultListableBeanFactory [DefaultListableBeanFactory.java:596] Pre-instantiating singletons in org.springframework.beans.factory.support.DefaultListableBeanFactory@14d964af: defining beans [org.springframework.context.config.internalBeanConfigurerAspect,org.springframework.context.annotation.internalConfigurationAnnotationProcessor,org.springframework.context.annotation.internalAutowiredAnnotationProcessor,org.springframework.context.annotation.internalRequiredAnnotationProcessor,org.springframework.context.annotation.internalCommonAnnotationProcessor,org.springframework.context.annotation.internalPersistenceAnnotationProcessor,flexJsonView,userParser,courseController,courseMgmtDaoImpl,courseMirrorMgmtDAOImpl,courseMgmtServiceImpl,adminController,evaluationController,ieManagerController,qualityController,studentLevelEvaluatorController,studentDAO,studentEvaluationDaoImpl,transcriptCommentDAOImpl,transcriptMgmtDAOImpl,transferCourseMgmtDAOImpl,studentSearchClient,evaluationJobServiceImpl,evaluationServiceImpl,studentService,transcriptCommentServiceImpl,transcriptServiceImpl,transferCourseServiceImpl,institutionController,accreditingBodyInstituteDaoImpl,articulationAgreementDaoImpl,institutionMgmtDaoImpl,institutionMirrorMgmtDaoImpl,institutionTermTypeDaoImpl,institutionTranscriptKeyDaoImpl,accreditingBodyInstituteServiceImpl,articulationAgreementServiceImpl,institutionServiceImpl,institutionTermTypeServiceImpl,institutionTranscriptKeyServiceImpl,institutionMessageProcessor,transcriptCreditsMessageProcessor,transferCourseMessageProcessor,jmsMessageSenderService,loginController,userController,userDAO,roleService,userService,GCUCourseLoadBatch,auditLogWriter,cvueServiceAuditDAO,campusVueServiceClient,campusVueDAO,environmentVariablesConfiguration,configurationEncryptor,propertyConfigurer,connectionString,cvueUserName,cvuePassword,authWSDLURL,registerWSDLURL,timeOutDelay,breakServiceWSDL,enrollmentServiceWSDL,crmServiceEndpoint,showHudsonBuildNumber,showProjectVersion,showSVNRevision,showBuildDate,sessionFactory,auditInterceptor,org.springframework.transaction.config.internalTransactionAspect,transactionManager,cvueDataSource,org.springframework.web.servlet.handler.SimpleMappingExceptionResolver#0,authenticationHandler,multipartResolver,restTemplate,messageFactory,webServiceTemplate,clientLoggingInterceptor,jaxb2Marshaller,teaDataSource,jmsTemplate,jmsMQConnectionFactory,org.springframework.context.annotation.ConfigurationClassPostProcessor.importAwareProcessor]; root of factory hierarchy
 2013-08-06 08:14:49,236 INFO [main] o.s.j.d.DriverManagerDataSource [DriverManagerDataSource.java:153] Loaded JDBC driver: net.sourceforge.jtds.jdbc.Driver
 2013-08-06 08:14:49,357 INFO [main] o.h.a.c.Version [Version.java:37] Hibernate Commons Annotations 3.2.0.Final
 2013-08-06 08:14:49,363 INFO [main] o.h.c.Environment [Environment.java:593] Hibernate 3.6.0.Final
 2013-08-06 08:14:49,366 INFO [main] o.h.c.Environment [Environment.java:626] hibernate.properties not found
 2013-08-06 08:14:49,369 INFO [main] o.h.c.Environment [Environment.java:804] Bytecode provider name : javassist
 2013-08-06 08:14:49,372 INFO [main] o.h.c.Environment [Environment.java:685] using JDK 1.4 java.sql.Timestamp handling
 2013-08-06 08:14:49,574 INFO [main] o.h.c.AnnotationBinder [AnnotationBinder.java:532] Binding entity from annotated class: com.ss.course.value.CourseCategoryMapping
 2013-08-06 08:14:49,597 INFO [main] o.h.c.a.EntityBinder [EntityBinder.java:519] Bind entity com.ss.course.value.CourseCategoryMapping on table ss_tbl_transfer_course_gcu_coursecategory_mapping
 2013-08-06 08:14:49,648 INFO [main] o.h.c.AnnotationBinder [AnnotationBinder.java:532] Binding entity from annotated class: com.ss.course.value.CourseMapping
 2013-08-06 08:14:49,648 INFO [main] o.h.c.a.EntityBinder [EntityBinder.java:519] Bind entity com.ss.course.value.CourseMapping on table ss_tbl_transfer_course_gcucourse_mapping
 2013-08-06 08:14:49,652 INFO [main] o.h.c.AnnotationBinder [AnnotationBinder.java:532] Binding entity from annotated class: com.ss.course.value.CourseMappingDetail
 2013-08-06 08:14:49,653 INFO [main] o.h.c.a.EntityBinder [EntityBinder.java:519] Bind entity com.ss.course.value.CourseMappingDetail on table ss_tbl_transfer_course_gcucourse_mapping_detail
 2013-08-06 08:14:49,656 INFO [main] o.h.c.AnnotationBinder [AnnotationBinder.java:532] Binding entity from annotated class: com.ss.course.value.CourseTranscript
 2013-08-06 08:14:49,656 INFO [main] o.h.c.a.EntityBinder [EntityBinder.java:519] Bind entity com.ss.course.value.CourseTranscript on table ss_tbl_transfer_course_transcript
 2013-08-06 08:14:49,658 INFO [main] o.h.c.AnnotationBinder [AnnotationBinder.java:532] Binding entity from annotated class: com.ss.course.value.GCUCourse
 2013-08-06 08:14:49,658 INFO [main] o.h.c.a.EntityBinder [EntityBinder.java:519] Bind entity com.ss.course.value.GCUCourse on table ss_tbl_gcu_course_master
 2013-08-06 08:14:49,660 INFO [main] o.h.c.AnnotationBinder [AnnotationBinder.java:532] Binding entity from annotated class: com.ss.course.value.GCUCourseCategory
 2013-08-06 08:14:49,660 INFO [main] o.h.c.a.EntityBinder [EntityBinder.java:519] Bind entity com.ss.course.value.GCUCourseCategory on table ss_tbl_gcu_course_category_master
 2013-08-06 08:14:49,661 INFO [main] o.h.c.AnnotationBinder [AnnotationBinder.java:532] Binding entity from annotated class: com.ss.course.value.GCUDegree
 2013-08-06 08:14:49,662 INFO [main] o.h.c.a.EntityBinder [EntityBinder.java:519] Bind entity com.ss.course.value.GCUDegree on table ss_tbl_gcu_degree_master
 2013-08-06 08:14:49,663 INFO [main] o.h.c.AnnotationBinder [AnnotationBinder.java:532] Binding entity from annotated class: com.ss.course.value.MilitarySubject
 2013-08-06 08:14:49,663 INFO [main] o.h.c.a.EntityBinder [EntityBinder.java:519] Bind entity com.ss.course.value.MilitarySubject on table ss_tbl_military_subject
 2013-08-06 08:14:49,666 INFO [main] o.h.c.AnnotationBinder [AnnotationBinder.java:532] Binding entity from annotated class: com.ss.course.value.TransferCourse
 2013-08-06 08:14:49,666 INFO [main] o.h.c.a.EntityBinder [EntityBinder.java:519] Bind entity com.ss.course.value.TransferCourse on table ss_tbl_transfer_course
 2013-08-06 08:14:49,675 INFO [main] o.h.c.AnnotationBinder [AnnotationBinder.java:532] Binding entity from annotated class: com.ss.course.value.TransferCourseMirror
 2013-08-06 08:14:49,676 INFO [main] o.h.c.a.EntityBinder [EntityBinder.java:519] Bind entity com.ss.course.value.TransferCourseMirror on table ss_tbl_transfer_course_mirror
 2013-08-06 08:14:49,678 INFO [main] o.h.c.AnnotationBinder [AnnotationBinder.java:532] Binding entity from annotated class: com.ss.course.value.TransferCourseTitle
 2013-08-06 08:14:49,679 INFO [main] o.h.c.a.EntityBinder [EntityBinder.java:519] Bind entity com.ss.course.value.TransferCourseTitle on table ss_tbl_transfer_course_title_assoc
 2013-08-06 08:14:49,681 INFO [main] o.h.c.AnnotationBinder [AnnotationBinder.java:532] Binding entity from annotated class: com.ss.evaluation.value.College
 2013-08-06 08:14:49,681 INFO [main] o.h.c.a.EntityBinder [EntityBinder.java:519] Bind entity com.ss.evaluation.value.College on table ss_tbl_college_master
 2013-08-06 08:14:49,684 INFO [main] o.h.c.AnnotationBinder [AnnotationBinder.java:532] Binding entity from annotated class: com.ss.evaluation.value.CollegeProgram
 2013-08-06 08:14:49,685 INFO [main] o.h.c.a.EntityBinder [EntityBinder.java:519] Bind entity com.ss.evaluation.value.CollegeProgram on table ss_tbl_college_program
 2013-08-06 08:14:49,688 INFO [main] o.h.c.AnnotationBinder [AnnotationBinder.java:532] Binding entity from annotated class: com.ss.evaluation.value.Country
 2013-08-06 08:14:49,689 INFO [main] o.h.c.a.EntityBinder [EntityBinder.java:519] Bind entity com.ss.evaluation.value.Country on table ss_tbl_country_master
 2013-08-06 08:14:49,690 INFO [main] o.h.c.AnnotationBinder [AnnotationBinder.java:532] Binding entity from annotated class: com.ss.evaluation.value.SleCollege
 2013-08-06 08:14:49,690 INFO [main] o.h.c.a.EntityBinder [EntityBinder.java:519] Bind entity com.ss.evaluation.value.SleCollege on table ss_tbl_sle_college
 2013-08-06 08:14:49,692 INFO [main] o.h.c.AnnotationBinder [AnnotationBinder.java:532] Binding entity from annotated class: com.ss.evaluation.value.Student
 2013-08-06 08:14:49,693 INFO [main] o.h.c.a.EntityBinder [EntityBinder.java:519] Bind entity com.ss.evaluation.value.Student on table ss_tbl_student
 2013-08-06 08:14:49,697 INFO [main] o.h.c.AnnotationBinder [AnnotationBinder.java:532] Binding entity from annotated class: com.ss.evaluation.value.StudentInstitutionDegree
 2013-08-06 08:14:49,698 INFO [main] o.h.c.a.EntityBinder [EntityBinder.java:519] Bind entity com.ss.evaluation.value.StudentInstitutionDegree on table ss_tbl_student_institution_degree
 2013-08-06 08:14:49,703 INFO [main] o.h.c.AnnotationBinder [AnnotationBinder.java:532] Binding entity from annotated class: com.ss.evaluation.value.StudentInstitutionTranscript
 2013-08-06 08:14:49,703 INFO [main] o.h.c.a.EntityBinder [EntityBinder.java:519] Bind entity com.ss.evaluation.value.StudentInstitutionTranscript on table ss_tbl_student_institution_transcript
 2013-08-06 08:14:49,729 INFO [main] o.h.c.AnnotationBinder [AnnotationBinder.java:532] Binding entity from annotated class: com.ss.evaluation.value.StudentProgramEvaluation
 2013-08-06 08:14:49,730 INFO [main] o.h.c.a.EntityBinder [EntityBinder.java:519] Bind entity com.ss.evaluation.value.StudentProgramEvaluation on table ss_tbl_student_program_evaluation
 2013-08-06 08:14:49,733 INFO [main] o.h.c.AnnotationBinder [AnnotationBinder.java:532] Binding entity from annotated class: com.ss.evaluation.value.StudentTranscriptCourse
 2013-08-06 08:14:49,733 INFO [main] o.h.c.a.EntityBinder [EntityBinder.java:519] Bind entity com.ss.evaluation.value.StudentTranscriptCourse on table ss_tbl_student_transcript_course
 2013-08-06 08:14:49,740 INFO [main] o.h.c.AnnotationBinder [AnnotationBinder.java:532] Binding entity from annotated class: com.ss.evaluation.value.TranscriptComments
 2013-08-06 08:14:49,740 INFO [main] o.h.c.a.EntityBinder [EntityBinder.java:519] Bind entity com.ss.evaluation.value.TranscriptComments on table ss_tbl_transcript_comment
 2013-08-06 08:14:49,742 INFO [main] o.h.c.AnnotationBinder [AnnotationBinder.java:532] Binding entity from annotated class: com.ss.evaluation.value.TranscriptCourseSubject
 2013-08-06 08:14:49,743 INFO [main] o.h.c.a.EntityBinder [EntityBinder.java:519] Bind entity com.ss.evaluation.value.TranscriptCourseSubject on table ss_tbl_transcript_course_subject
 2013-08-06 08:14:49,746 INFO [main] o.h.c.AnnotationBinder [AnnotationBinder.java:532] Binding entity from annotated class: com.ss.evaluation.value.TransferCourseGcuCourseCategoryMapping
 2013-08-06 08:14:49,746 INFO [main] o.h.c.a.EntityBinder [EntityBinder.java:519] Bind entity com.ss.evaluation.value.TransferCourseGcuCourseCategoryMapping on table ss_tbl_transfer_course_gcu_coursecategory_mapping
 2013-08-06 08:14:49,749 INFO [main] o.h.c.AnnotationBinder [AnnotationBinder.java:532] Binding entity from annotated class: com.ss.evaluation.value.TransferCourseGcuCourseMapping
 2013-08-06 08:14:49,749 INFO [main] o.h.c.a.EntityBinder [EntityBinder.java:519] Bind entity com.ss.evaluation.value.TransferCourseGcuCourseMapping on table ss_tbl_transfer_course_gcucourse_mapping
 2013-08-06 08:14:49,752 INFO [main] o.h.c.AnnotationBinder [AnnotationBinder.java:532] Binding entity from annotated class: com.ss.institution.value.AccreditingBody
 2013-08-06 08:14:49,753 INFO [main] o.h.c.a.EntityBinder [EntityBinder.java:519] Bind entity com.ss.institution.value.AccreditingBody on table ss_tbl_accrediting_body
 2013-08-06 08:14:49,755 INFO [main] o.h.c.AnnotationBinder [AnnotationBinder.java:532] Binding entity from annotated class: com.ss.institution.value.AccreditingBodyInstitute
 2013-08-06 08:14:49,756 INFO [main] o.h.c.a.EntityBinder [EntityBinder.java:519] Bind entity com.ss.institution.value.AccreditingBodyInstitute on table ss_tbl_accreditingbody_institute_assoc
 2013-08-06 08:14:49,758 INFO [main] o.h.c.AnnotationBinder [AnnotationBinder.java:532] Binding entity from annotated class: com.ss.institution.value.ArticulationAgreement
 2013-08-06 08:14:49,759 INFO [main] o.h.c.a.EntityBinder [EntityBinder.java:519] Bind entity com.ss.institution.value.ArticulationAgreement on table ss_tbl_articulation_agreement
 2013-08-06 08:14:49,762 INFO [main] o.h.c.AnnotationBinder [AnnotationBinder.java:532] Binding entity from annotated class: com.ss.institution.value.ArticulationAgreementDetails
 2013-08-06 08:14:49,762 INFO [main] o.h.c.a.EntityBinder [EntityBinder.java:519] Bind entity com.ss.institution.value.ArticulationAgreementDetails on table ss_tbl_articulation_agreement_details
 2013-08-06 08:14:49,764 INFO [main] o.h.c.AnnotationBinder [AnnotationBinder.java:532] Binding entity from annotated class: com.ss.institution.value.GcuCourseLevel
 2013-08-06 08:14:49,764 INFO [main] o.h.c.a.EntityBinder [EntityBinder.java:519] Bind entity com.ss.institution.value.GcuCourseLevel on table ss_tbl_gcu_course_level
 2013-08-06 08:14:49,766 INFO [main] o.h.c.AnnotationBinder [AnnotationBinder.java:532] Binding entity from annotated class: com.ss.institution.value.Institution
 2013-08-06 08:14:49,766 INFO [main] o.h.c.a.EntityBinder [EntityBinder.java:519] Bind entity com.ss.institution.value.Institution on table ss_tbl_institution
 2013-08-06 08:14:49,772 INFO [main] o.h.c.AnnotationBinder [AnnotationBinder.java:532] Binding entity from annotated class: com.ss.institution.value.InstitutionAddress
 2013-08-06 08:14:49,773 INFO [main] o.h.c.a.EntityBinder [EntityBinder.java:519] Bind entity com.ss.institution.value.InstitutionAddress on table ss_tbl_institution_address
 2013-08-06 08:14:49,776 INFO [main] o.h.c.AnnotationBinder [AnnotationBinder.java:532] Binding entity from annotated class: com.ss.institution.value.InstitutionDegree
 2013-08-06 08:14:49,777 INFO [main] o.h.c.a.EntityBinder [EntityBinder.java:519] Bind entity com.ss.institution.value.InstitutionDegree on table ss_tbl_institution_degree
 2013-08-06 08:14:49,779 INFO [main] o.h.c.AnnotationBinder [AnnotationBinder.java:532] Binding entity from annotated class: com.ss.institution.value.InstitutionMirror
 2013-08-06 08:14:49,780 INFO [main] o.h.c.a.EntityBinder [EntityBinder.java:519] Bind entity com.ss.institution.value.InstitutionMirror on table ss_tbl_institution_mirror
 2013-08-06 08:14:49,782 INFO [main] o.h.c.AnnotationBinder [AnnotationBinder.java:532] Binding entity from annotated class: com.ss.institution.value.InstitutionTermType
 2013-08-06 08:14:49,782 INFO [main] o.h.c.a.EntityBinder [EntityBinder.java:519] Bind entity com.ss.institution.value.InstitutionTermType on table ss_tbl_institute_termtype_assoc
 2013-08-06 08:14:49,784 INFO [main] o.h.c.AnnotationBinder [AnnotationBinder.java:532] Binding entity from annotated class: com.ss.institution.value.InstitutionTranscript
 2013-08-06 08:14:49,784 INFO [main] o.h.c.a.EntityBinder [EntityBinder.java:519] Bind entity com.ss.institution.value.InstitutionTranscript on table ss_tbl_institution_transcript
 2013-08-06 08:14:49,786 INFO [main] o.h.c.AnnotationBinder [AnnotationBinder.java:532] Binding entity from annotated class: com.ss.institution.value.InstitutionTranscriptKey
 2013-08-06 08:14:49,786 INFO [main] o.h.c.a.EntityBinder [EntityBinder.java:519] Bind entity com.ss.institution.value.InstitutionTranscriptKey on table ss_tbl_institution_transcriptkey
 2013-08-06 08:14:49,789 INFO [main] o.h.c.AnnotationBinder [AnnotationBinder.java:532] Binding entity from annotated class: com.ss.institution.value.InstitutionTranscriptKeyDetails
 2013-08-06 08:14:49,790 INFO [main] o.h.c.a.EntityBinder [EntityBinder.java:519] Bind entity com.ss.institution.value.InstitutionTranscriptKeyDetails on table ss_tbl_institute_transcriptkey_details
 2013-08-06 08:14:49,793 INFO [main] o.h.c.AnnotationBinder [AnnotationBinder.java:532] Binding entity from annotated class: com.ss.institution.value.InstitutionTranscriptKeyGrade
 2013-08-06 08:14:49,794 INFO [main] o.h.c.a.EntityBinder [EntityBinder.java:519] Bind entity com.ss.institution.value.InstitutionTranscriptKeyGrade on table ss_tbl_institute_transcriptkey_grade
 2013-08-06 08:14:49,797 INFO [main] o.h.c.AnnotationBinder [AnnotationBinder.java:532] Binding entity from annotated class: com.ss.institution.value.InstitutionType
 2013-08-06 08:14:49,798 INFO [main] o.h.c.a.EntityBinder [EntityBinder.java:519] Bind entity com.ss.institution.value.InstitutionType on table ss_tbl_institution_type
 2013-08-06 08:14:49,800 INFO [main] o.h.c.AnnotationBinder [AnnotationBinder.java:532] Binding entity from annotated class: com.ss.institution.value.TermType
 2013-08-06 08:14:49,800 INFO [main] o.h.c.a.EntityBinder [EntityBinder.java:519] Bind entity com.ss.institution.value.TermType on table ss_tbl_termtype_master
 2013-08-06 08:14:49,802 INFO [main] o.h.c.AnnotationBinder [AnnotationBinder.java:532] Binding entity from annotated class: com.ss.institution.value.TransferCourseInstitutionTranscriptKeyGradeAssoc
 2013-08-06 08:14:49,802 INFO [main] o.h.c.a.EntityBinder [EntityBinder.java:519] Bind entity com.ss.institution.value.TransferCourseInstitutionTranscriptKeyGradeAssoc on table ss_tbl_transfercourse_institute_transcriptkey_grade_assoc
 2013-08-06 08:14:49,807 INFO [main] o.h.c.AnnotationBinder [AnnotationBinder.java:532] Binding entity from annotated class: com.ss.user.value.Role
 2013-08-06 08:14:49,807 INFO [main] o.h.c.a.EntityBinder [EntityBinder.java:519] Bind entity com.ss.user.value.Role on table ss_tbl_role_master
 2013-08-06 08:14:49,810 INFO [main] o.h.c.AnnotationBinder [AnnotationBinder.java:532] Binding entity from annotated class: com.ss.user.value.User
 2013-08-06 08:14:49,811 INFO [main] o.h.c.a.EntityBinder [EntityBinder.java:519] Bind entity com.ss.user.value.User on table ss_tbl_user
 2013-08-06 08:14:49,818 INFO [main] o.h.c.AnnotationBinder [AnnotationBinder.java:532] Binding entity from annotated class: com.ss.user.value.UserRole
 2013-08-06 08:14:49,819 INFO [main] o.h.c.a.EntityBinder [EntityBinder.java:519] Bind entity com.ss.user.value.UserRole on table ss_tbl_user_role_assoc
 2013-08-06 08:14:49,836 INFO [main] o.h.c.a.CollectionBinder [CollectionBinder.java:745] Mapping collection: com.ss.evaluation.value.StudentInstitutionTranscript.studentInstitutionDegreeSet -> ss_tbl_student_institution_degree
 2013-08-06 08:14:49,837 INFO [main] o.h.c.a.CollectionBinder [CollectionBinder.java:745] Mapping collection: com.ss.institution.value.ArticulationAgreement.articulationAgreementDetailsList -> ss_tbl_articulation_agreement_details
 2013-08-06 08:14:49,837 INFO [main] o.h.c.a.CollectionBinder [CollectionBinder.java:745] Mapping collection: com.ss.institution.value.InstitutionTranscriptKey.institutionTranscriptKeyDetailsList -> ss_tbl_institute_transcriptkey_details
 2013-08-06 08:14:49,837 INFO [main] o.h.c.a.CollectionBinder [CollectionBinder.java:745] Mapping collection: com.ss.institution.value.InstitutionTranscriptKey.institutionTranscriptKeyGradeList -> ss_tbl_institute_transcriptkey_grade
 2013-08-06 08:14:49,843 INFO [main] o.h.c.Configuration [Configuration.java:1646] Hibernate Validator not found: ignoring
 2013-08-06 08:14:49,845 INFO [main] o.s.o.h.a.AnnotationSessionFactoryBean [LocalSessionFactoryBean.java:780] Building new Hibernate SessionFactory
 2013-08-06 08:14:49,848 INFO [main] o.h.c.s.HibernateSearchEventListenerRegister [HibernateSearchEventListenerRegister.java:75] Unable to find org.hibernate.search.event.FullTextIndexEventListener on the classpath. Hibernate Search is not enabled.
 2013-08-06 08:14:49,875 INFO [main] o.h.c.ConnectionProviderFactory [ConnectionProviderFactory.java:173] Initializing connection provider: org.springframework.orm.hibernate3.LocalDataSourceConnectionProvider
 2013-08-06 08:14:50,134 INFO [main] o.h.c.SettingsFactory [SettingsFactory.java:117] Database ->
       name : Microsoft SQL Server
    version : 10.50.1720
      major : 10
      minor : 50
 2013-08-06 08:14:50,134 INFO [main] o.h.c.SettingsFactory [SettingsFactory.java:123] Driver ->
       name : jTDS Type 4 JDBC Driver for MS SQL Server and Sybase
    version : 1.2.2
      major : 1
      minor : 2
 2013-08-06 08:14:50,160 INFO [main] o.h.d.Dialect [Dialect.java:108] Using dialect: org.hibernate.dialect.SQLServerDialect
 2013-08-06 08:14:50,174 INFO [main] o.h.e.j.JdbcSupportLoader [JdbcSupportLoader.java:79] Disabling contextual LOB creation as JDBC driver reported JDBC version [3] less than 4
 2013-08-06 08:14:50,178 INFO [main] o.h.t.TransactionFactoryFactory [TransactionFactoryFactory.java:62] Transaction strategy: org.springframework.orm.hibernate3.SpringTransactionFactory
 2013-08-06 08:14:50,179 INFO [main] o.h.t.TransactionManagerLookupFactory [TransactionManagerLookupFactory.java:80] No TransactionManagerLookup configured (in JTA environment, use of read-write or transactional second-level cache is not recommended)
 2013-08-06 08:14:50,180 INFO [main] o.h.c.SettingsFactory [SettingsFactory.java:179] Automatic flush during beforeCompletion(): disabled
 2013-08-06 08:14:50,180 INFO [main] o.h.c.SettingsFactory [SettingsFactory.java:183] Automatic session close at end of transaction: disabled
 2013-08-06 08:14:50,181 INFO [main] o.h.c.SettingsFactory [SettingsFactory.java:198] Scrollable result sets: enabled
 2013-08-06 08:14:50,181 INFO [main] o.h.c.SettingsFactory [SettingsFactory.java:206] JDBC3 getGeneratedKeys(): enabled
 2013-08-06 08:14:50,182 INFO [main] o.h.c.SettingsFactory [SettingsFactory.java:214] Connection release mode: auto
 2013-08-06 08:14:50,182 INFO [main] o.h.c.SettingsFactory [SettingsFactory.java:241] Default batch fetch size: 1
 2013-08-06 08:14:50,183 INFO [main] o.h.c.SettingsFactory [SettingsFactory.java:245] Generate SQL with comments: disabled
 2013-08-06 08:14:50,183 INFO [main] o.h.c.SettingsFactory [SettingsFactory.java:249] Order SQL updates by primary key: disabled
 2013-08-06 08:14:50,183 INFO [main] o.h.c.SettingsFactory [SettingsFactory.java:253] Order SQL inserts for batching: disabled
 2013-08-06 08:14:50,183 INFO [main] o.h.c.SettingsFactory [SettingsFactory.java:431] Query translator: org.hibernate.hql.ast.ASTQueryTranslatorFactory
 2013-08-06 08:14:50,186 INFO [main] o.h.h.a.ASTQueryTranslatorFactory [ASTQueryTranslatorFactory.java:47] Using ASTQueryTranslatorFactory
 2013-08-06 08:14:50,186 INFO [main] o.h.c.SettingsFactory [SettingsFactory.java:261] Query language substitutions: {}
 2013-08-06 08:14:50,187 INFO [main] o.h.c.SettingsFactory [SettingsFactory.java:266] JPA-QL strict compliance: disabled
 2013-08-06 08:14:50,187 INFO [main] o.h.c.SettingsFactory [SettingsFactory.java:271] Second-level cache: enabled
 2013-08-06 08:14:50,187 INFO [main] o.h.c.SettingsFactory [SettingsFactory.java:275] Query cache: disabled
 2013-08-06 08:14:50,188 INFO [main] o.h.c.SettingsFactory [SettingsFactory.java:406] Cache region factory : org.hibernate.cache.impl.NoCachingRegionFactory
 2013-08-06 08:14:50,189 INFO [main] o.h.c.SettingsFactory [SettingsFactory.java:285] Optimize cache for minimal puts: disabled
 2013-08-06 08:14:50,189 INFO [main] o.h.c.SettingsFactory [SettingsFactory.java:294] Structured second-level cache entries: disabled
 2013-08-06 08:14:50,198 INFO [main] o.h.c.SettingsFactory [SettingsFactory.java:323] Statistics: disabled
 2013-08-06 08:14:50,198 INFO [main] o.h.c.SettingsFactory [SettingsFactory.java:327] Deleted entity synthetic identifier rollback: disabled
 2013-08-06 08:14:50,199 INFO [main] o.h.c.SettingsFactory [SettingsFactory.java:343] Default entity-mode: pojo
 2013-08-06 08:14:50,199 INFO [main] o.h.c.SettingsFactory [SettingsFactory.java:347] Named query checking : enabled
 2013-08-06 08:14:50,199 INFO [main] o.h.c.SettingsFactory [SettingsFactory.java:351] Check Nullability in Core (should be disabled when Bean Validation is on): enabled
 2013-08-06 08:14:50,213 INFO [main] o.h.i.SessionFactoryImpl [SessionFactoryImpl.java:200] building session factory
 2013-08-06 08:14:50,668 INFO [main] o.h.i.SessionFactoryObjectFactory [SessionFactoryObjectFactory.java:105] Not binding factory to JNDI, no JNDI name configured
 2013-08-06 08:14:51,675 INFO [main] o.s.w.s.s.SaajSoapMessageFactory [SaajSoapMessageFactory.java:135] Creating SAAJ 1.3 MessageFactory with SOAP 1.1 Protocol
 2013-08-06 08:14:51,696 INFO [main] o.s.o.j.Jaxb2Marshaller [Jaxb2Marshaller.java:365] Creating JAXBContext with classes to be bound [class com.campusmgmt.soa.foundation.messagedefinition.AddTransferCourses,class com.campusmgmt.soa.foundation.messagedefinition.AddTransferCoursesResponse,class com.campusmgmt.soa.foundation.messagedefinition.AddTransferCredits,class com.campusmgmt.soa.foundation.messagedefinition.AddTransferCreditsResponse,class com.campusmgmt.soa.foundation.GetAuthorizationToken,class com.campusmgmt.soa.foundation.GetAuthorizationTokenResponse,class edu.gcu.InsertInstitutionRequest,class edu.gcu.InsertInstitutionResponse]
 2013-08-06 08:14:51,914 INFO [main] o.s.j.d.DriverManagerDataSource [DriverManagerDataSource.java:153] Loaded JDBC driver: net.sourceforge.jtds.jdbc.Driver
 2013-08-06 08:14:51,968 INFO [main] o.s.o.h.HibernateTransactionManager [HibernateTransactionManager.java:416] Using DataSource [org.springframework.jdbc.datasource.DriverManagerDataSource@b6e14f9] of Hibernate SessionFactory for HibernateTransactionManager
 2013-08-06 08:14:52,330 INFO [main] o.s.t.c.t.TransactionalTestExecutionListener [TransactionalTestExecutionListener.java:279] Began transaction (1): transaction manager [org.springframework.orm.hibernate3.HibernateTransactionManager@1c910477]; rollback [true]
 2013-08-06 08:14:52,479 INFO [main] o.s.t.c.t.TransactionalTestExecutionListener [TransactionalTestExecutionListener.java:299] Rolled back transaction after test execution for test context [TestContext@6422b8ff testClass = StudentServiceTest, testInstance = com.ss.evaluation.service.StudentServiceTest@239fa0b5, testMethod = testGetStudentByCrmId@StudentServiceTest, testException = [null], mergedContextConfiguration = [MergedContextConfiguration@44efdd58 testClass = StudentServiceTest, locations = '{classpath:applicationContext.xml, classpath:applicationContext-test.xml}', classes = '{}', contextInitializerClasses = '[]', activeProfiles = '{}', contextLoader = 'org.springframework.test.context.support.DelegatingSmartContextLoader']]
 2013-08-06 08:14:52,713 INFO [main] o.s.t.c.t.TransactionalTestExecutionListener [TransactionalTestExecutionListener.java:279] Began transaction (2): transaction manager [org.springframework.orm.hibernate3.HibernateTransactionManager@1c910477]; rollback [true]
 2013-08-06 08:14:52,836 INFO [main] o.s.t.c.t.TransactionalTestExecutionListener [TransactionalTestExecutionListener.java:299] Rolled back transaction after test execution for test context [TestContext@6422b8ff testClass = StudentServiceTest, testInstance = com.ss.evaluation.service.StudentServiceTest@1d1fceed, testMethod = testSearchStudent@StudentServiceTest, testException = [null], mergedContextConfiguration = [MergedContextConfiguration@44efdd58 testClass = StudentServiceTest, locations = '{classpath:applicationContext.xml, classpath:applicationContext-test.xml}', classes = '{}', contextInitializerClasses = '[]', activeProfiles = '{}', contextLoader = 'org.springframework.test.context.support.DelegatingSmartContextLoader']]
 2013-08-06 08:14:53,076 INFO [main] o.s.t.c.t.TransactionalTestExecutionListener [TransactionalTestExecutionListener.java:279] Began transaction (3): transaction manager [org.springframework.orm.hibernate3.HibernateTransactionManager@1c910477]; rollback [true]
 2013-08-06 08:14:53,197 INFO [main] o.s.t.c.t.TransactionalTestExecutionListener [TransactionalTestExecutionListener.java:299] Rolled back transaction after test execution for test context [TestContext@6422b8ff testClass = StudentServiceTest, testInstance = com.ss.evaluation.service.StudentServiceTest@6dc63791, testMethod = testGetStudentProgramInformation@StudentServiceTest, testException = [null], mergedContextConfiguration = [MergedContextConfiguration@44efdd58 testClass = StudentServiceTest, locations = '{classpath:applicationContext.xml, classpath:applicationContext-test.xml}', classes = '{}', contextInitializerClasses = '[]', activeProfiles = '{}', contextLoader = 'org.springframework.test.context.support.DelegatingSmartContextLoader']]
 2013-08-06 08:14:53,444 INFO [main] o.s.t.c.t.TransactionalTestExecutionListener [TransactionalTestExecutionListener.java:279] Began transaction (4): transaction manager [org.springframework.orm.hibernate3.HibernateTransactionManager@1c910477]; rollback [true]
 2013-08-06 08:14:53,587 INFO [main] o.s.t.c.t.TransactionalTestExecutionListener [TransactionalTestExecutionListener.java:299] Rolled back transaction after test execution for test context [TestContext@6422b8ff testClass = StudentServiceTest, testInstance = com.ss.evaluation.service.StudentServiceTest@706a48e4, testMethod = testGetStudentById@StudentServiceTest, testException = [null], mergedContextConfiguration = [MergedContextConfiguration@44efdd58 testClass = StudentServiceTest, locations = '{classpath:applicationContext.xml, classpath:applicationContext-test.xml}', classes = '{}', contextInitializerClasses = '[]', activeProfiles = '{}', contextLoader = 'org.springframework.test.context.support.DelegatingSmartContextLoader']]
 2013-08-06 08:14:53,839 INFO [main] o.s.t.c.t.TransactionalTestExecutionListener [TransactionalTestExecutionListener.java:279] Began transaction (5): transaction manager [org.springframework.orm.hibernate3.HibernateTransactionManager@1c910477]; rollback [true]
 2013-08-06 08:14:53,966 INFO [main] o.s.t.c.t.TransactionalTestExecutionListener [TransactionalTestExecutionListener.java:299] Rolled back transaction after test execution for test context [TestContext@6422b8ff testClass = StudentServiceTest, testInstance = com.ss.evaluation.service.StudentServiceTest@51d7aa64, testMethod = testCreateStudentRecord@StudentServiceTest, testException = [null], mergedContextConfiguration = [MergedContextConfiguration@44efdd58 testClass = StudentServiceTest, locations = '{classpath:applicationContext.xml, classpath:applicationContext-test.xml}', classes = '{}', contextInitializerClasses = '[]', activeProfiles = '{}', contextLoader = 'org.springframework.test.context.support.DelegatingSmartContextLoader']]
 2013-08-06 08:14:54,192 INFO [main] o.s.t.c.t.TransactionalTestExecutionListener [TransactionalTestExecutionListener.java:279] Began transaction (1): transaction manager [org.springframework.orm.hibernate3.HibernateTransactionManager@1c910477]; rollback [true]
 2013-08-06 08:14:54,690 INFO [main] o.s.t.c.t.TransactionalTestExecutionListener [TransactionalTestExecutionListener.java:299] Rolled back transaction after test execution for test context [TestContext@3281db25 testClass = InstitutionMgmtDAOTest, testInstance = com.ss.institution.dao.InstitutionMgmtDAOTest@6b5a740a, testMethod = testAddInstitution@InstitutionMgmtDAOTest, testException = [null], mergedContextConfiguration = [MergedContextConfiguration@7f787395 testClass = InstitutionMgmtDAOTest, locations = '{classpath:applicationContext.xml, classpath:applicationContext-test.xml}', classes = '{}', contextInitializerClasses = '[]', activeProfiles = '{}', contextLoader = 'org.springframework.test.context.support.DelegatingSmartContextLoader']]
 2013-08-06 08:14:54,940 INFO [main] o.s.t.c.t.TransactionalTestExecutionListener [TransactionalTestExecutionListener.java:279] Began transaction (2): transaction manager [org.springframework.orm.hibernate3.HibernateTransactionManager@1c910477]; rollback [true]
 2013-08-06 08:14:55,294 INFO [main] o.s.t.c.t.TransactionalTestExecutionListener [TransactionalTestExecutionListener.java:299] Rolled back transaction after test execution for test context [TestContext@3281db25 testClass = InstitutionMgmtDAOTest, testInstance = com.ss.institution.dao.InstitutionMgmtDAOTest@470d1f30, testMethod = testAddInstitution2@InstitutionMgmtDAOTest, testException = [null], mergedContextConfiguration = [MergedContextConfiguration@7f787395 testClass = InstitutionMgmtDAOTest, locations = '{classpath:applicationContext.xml, classpath:applicationContext-test.xml}', classes = '{}', contextInitializerClasses = '[]', activeProfiles = '{}', contextLoader = 'org.springframework.test.context.support.DelegatingSmartContextLoader']]
 2013-08-06 08:14:55,577 INFO [main] o.s.t.c.t.TransactionalTestExecutionListener [TransactionalTestExecutionListener.java:279] Began transaction (1): transaction manager [org.springframework.orm.hibernate3.HibernateTransactionManager@1c910477]; rollback [true]
 2013-08-06 08:15:01,141 INFO [main] o.s.t.c.t.TransactionalTestExecutionListener [TransactionalTestExecutionListener.java:299] Rolled back transaction after test execution for test context [TestContext@69d4c4b7 testClass = UserDAOTest, testInstance = com.ss.user.dao.UserDAOTest@fbf00a9, testMethod = testFindUserByUserName@UserDAOTest, testException = [null], mergedContextConfiguration = [MergedContextConfiguration@44c45f52 testClass = UserDAOTest, locations = '{classpath:applicationContext.xml, classpath:applicationContext-test.xml}', classes = '{}', contextInitializerClasses = '[]', activeProfiles = '{}', contextLoader = 'org.springframework.test.context.support.DelegatingSmartContextLoader']]
 2013-08-06 08:15:01,428 INFO [main] o.s.t.c.t.TransactionalTestExecutionListener [TransactionalTestExecutionListener.java:279] Began transaction (2): transaction manager [org.springframework.orm.hibernate3.HibernateTransactionManager@1c910477]; rollback [true]
 2013-08-06 08:15:01,860 INFO [main] o.s.t.c.t.TransactionalTestExecutionListener [TransactionalTestExecutionListener.java:299] Rolled back transaction after test execution for test context [TestContext@69d4c4b7 testClass = UserDAOTest, testInstance = com.ss.user.dao.UserDAOTest@427196b2, testMethod = testFindUserByUserNameCaseSensitive@UserDAOTest, testException = [null], mergedContextConfiguration = [MergedContextConfiguration@44c45f52 testClass = UserDAOTest, locations = '{classpath:applicationContext.xml, classpath:applicationContext-test.xml}', classes = '{}', contextInitializerClasses = '[]', activeProfiles = '{}', contextLoader = 'org.springframework.test.context.support.DelegatingSmartContextLoader']]
 2013-08-06 08:15:02,136 INFO [main] o.s.t.c.t.TransactionalTestExecutionListener [TransactionalTestExecutionListener.java:279] Began transaction (3): transaction manager [org.springframework.orm.hibernate3.HibernateTransactionManager@1c910477]; rollback [true]
 2013-08-06 08:15:02,623 INFO [main] o.s.t.c.t.TransactionalTestExecutionListener [TransactionalTestExecutionListener.java:299] Rolled back transaction after test execution for test context [TestContext@69d4c4b7 testClass = UserDAOTest, testInstance = com.ss.user.dao.UserDAOTest@3154fc43, testMethod = testAddUser@UserDAOTest, testException = [null], mergedContextConfiguration = [MergedContextConfiguration@44c45f52 testClass = UserDAOTest, locations = '{classpath:applicationContext.xml, classpath:applicationContext-test.xml}', classes = '{}', contextInitializerClasses = '[]', activeProfiles = '{}', contextLoader = 'org.springframework.test.context.support.DelegatingSmartContextLoader']]
 2013-08-06 08:15:02,859 INFO [main] o.s.t.c.t.TransactionalTestExecutionListener [TransactionalTestExecutionListener.java:279] Began transaction (4): transaction manager [org.springframework.orm.hibernate3.HibernateTransactionManager@1c910477]; rollback [true]
 2013-08-06 08:15:03,417 INFO [main] o.s.t.c.t.TransactionalTestExecutionListener [TransactionalTestExecutionListener.java:299] Rolled back transaction after test execution for test context [TestContext@69d4c4b7 testClass = UserDAOTest, testInstance = com.ss.user.dao.UserDAOTest@7f8bea70, testMethod = testUpdateUser@UserDAOTest, testException = [null], mergedContextConfiguration = [MergedContextConfiguration@44c45f52 testClass = UserDAOTest, locations = '{classpath:applicationContext.xml, classpath:applicationContext-test.xml}', classes = '{}', contextInitializerClasses = '[]', activeProfiles = '{}', contextLoader = 'org.springframework.test.context.support.DelegatingSmartContextLoader']]
 2013-08-06 08:15:03,659 INFO [main] o.s.t.c.t.TransactionalTestExecutionListener [TransactionalTestExecutionListener.java:279] Began transaction (5): transaction manager [org.springframework.orm.hibernate3.HibernateTransactionManager@1c910477]; rollback [true]
 2013-08-06 08:15:03,897 INFO [main] o.s.t.c.t.TransactionalTestExecutionListener [TransactionalTestExecutionListener.java:299] Rolled back transaction after test execution for test context [TestContext@69d4c4b7 testClass = UserDAOTest, testInstance = com.ss.user.dao.UserDAOTest@55ddc3ea, testMethod = testFindAllRoles@UserDAOTest, testException = [null], mergedContextConfiguration = [MergedContextConfiguration@44c45f52 testClass = UserDAOTest, locations = '{classpath:applicationContext.xml, classpath:applicationContext-test.xml}', classes = '{}', contextInitializerClasses = '[]', activeProfiles = '{}', contextLoader = 'org.springframework.test.context.support.DelegatingSmartContextLoader']]
 2013-08-06 08:15:04,137 INFO [main] o.s.t.c.t.TransactionalTestExecutionListener [TransactionalTestExecutionListener.java:279] Began transaction (6): transaction manager [org.springframework.orm.hibernate3.HibernateTransactionManager@1c910477]; rollback [true]
 2013-08-06 08:15:05,053 INFO [main] o.s.t.c.t.TransactionalTestExecutionListener [TransactionalTestExecutionListener.java:299] Rolled back transaction after test execution for test context [TestContext@69d4c4b7 testClass = UserDAOTest, testInstance = com.ss.user.dao.UserDAOTest@4d82eca8, testMethod = testAddUserRoleAndFindRolesByUsername@UserDAOTest, testException = [null], mergedContextConfiguration = [MergedContextConfiguration@44c45f52 testClass = UserDAOTest, locations = '{classpath:applicationContext.xml, classpath:applicationContext-test.xml}', classes = '{}', contextInitializerClasses = '[]', activeProfiles = '{}', contextLoader = 'org.springframework.test.context.support.DelegatingSmartContextLoader']]
 2013-08-06 08:15:05,289 INFO [main] o.s.t.c.t.TransactionalTestExecutionListener [TransactionalTestExecutionListener.java:279] Began transaction (7): transaction manager [org.springframework.orm.hibernate3.HibernateTransactionManager@1c910477]; rollback [true]
 2013-08-06 08:15:05,414 INFO [main] o.s.t.c.t.TransactionalTestExecutionListener [TransactionalTestExecutionListener.java:299] Rolled back transaction after test execution for test context [TestContext@69d4c4b7 testClass = UserDAOTest, testInstance = com.ss.user.dao.UserDAOTest@11a4e5c0, testMethod = testGetUserRoleList@UserDAOTest, testException = [null], mergedContextConfiguration = [MergedContextConfiguration@44c45f52 testClass = UserDAOTest, locations = '{classpath:applicationContext.xml, classpath:applicationContext-test.xml}', classes = '{}', contextInitializerClasses = '[]', activeProfiles = '{}', contextLoader = 'org.springframework.test.context.support.DelegatingSmartContextLoader']]
 2013-08-06 08:15:05,683 INFO [main] o.s.t.c.t.TransactionalTestExecutionListener [TransactionalTestExecutionListener.java:279] Began transaction (8): transaction manager [org.springframework.orm.hibernate3.HibernateTransactionManager@1c910477]; rollback [true]
 2013-08-06 08:15:06,715 INFO [main] o.s.t.c.t.TransactionalTestExecutionListener [TransactionalTestExecutionListener.java:299] Rolled back transaction after test execution for test context [TestContext@69d4c4b7 testClass = UserDAOTest, testInstance = com.ss.user.dao.UserDAOTest@77f541ef, testMethod = testGetRoleNameForUser@UserDAOTest, testException = [null], mergedContextConfiguration = [MergedContextConfiguration@44c45f52 testClass = UserDAOTest, locations = '{classpath:applicationContext.xml, classpath:applicationContext-test.xml}', classes = '{}', contextInitializerClasses = '[]', activeProfiles = '{}', contextLoader = 'org.springframework.test.context.support.DelegatingSmartContextLoader']]
 2013-08-06 08:15:06,935 INFO [main] o.s.t.c.t.TransactionalTestExecutionListener [TransactionalTestExecutionListener.java:279] Began transaction (9): transaction manager [org.springframework.orm.hibernate3.HibernateTransactionManager@1c910477]; rollback [true]
 2013-08-06 08:15:07,150 INFO [main] o.s.t.c.t.TransactionalTestExecutionListener [TransactionalTestExecutionListener.java:299] Rolled back transaction after test execution for test context [TestContext@69d4c4b7 testClass = UserDAOTest, testInstance = com.ss.user.dao.UserDAOTest@30084a74, testMethod = testFindRoleByRoleTitle@UserDAOTest, testException = [null], mergedContextConfiguration = [MergedContextConfiguration@44c45f52 testClass = UserDAOTest, locations = '{classpath:applicationContext.xml, classpath:applicationContext-test.xml}', classes = '{}', contextInitializerClasses = '[]', activeProfiles = '{}', contextLoader = 'org.springframework.test.context.support.DelegatingSmartContextLoader']]
 2013-08-06 08:15:07,364 INFO [main] o.s.t.c.t.TransactionalTestExecutionListener [TransactionalTestExecutionListener.java:279] Began transaction (10): transaction manager [org.springframework.orm.hibernate3.HibernateTransactionManager@1c910477]; rollback [true]
 2013-08-06 08:15:08,678 INFO [main] o.s.t.c.t.TransactionalTestExecutionListener [TransactionalTestExecutionListener.java:299] Rolled back transaction after test execution for test context [TestContext@69d4c4b7 testClass = UserDAOTest, testInstance = com.ss.user.dao.UserDAOTest@26cbb7db, testMethod = testUpdateUserRole@UserDAOTest, testException = [null], mergedContextConfiguration = [MergedContextConfiguration@44c45f52 testClass = UserDAOTest, locations = '{classpath:applicationContext.xml, classpath:applicationContext-test.xml}', classes = '{}', contextInitializerClasses = '[]', activeProfiles = '{}', contextLoader = 'org.springframework.test.context.support.DelegatingSmartContextLoader']]
 2013-08-06 08:15:08,687 INFO [Thread-2] o.s.c.s.GenericApplicationContext [AbstractApplicationContext.java:1042] Closing org.springframework.context.support.GenericApplicationContext@2b12e7f7: startup date [Tue Aug 06 08:14:48 MST 2013]; root of context hierarchy
 2013-08-06 08:15:08,692 INFO [Thread-2] o.s.b.f.s.DefaultListableBeanFactory [DefaultSingletonBeanRegistry.java:444] Destroying singletons in org.springframework.beans.factory.support.DefaultListableBeanFactory@14d964af: defining beans [org.springframework.context.config.internalBeanConfigurerAspect,org.springframework.context.annotation.internalConfigurationAnnotationProcessor,org.springframework.context.annotation.internalAutowiredAnnotationProcessor,org.springframework.context.annotation.internalRequiredAnnotationProcessor,org.springframework.context.annotation.internalCommonAnnotationProcessor,org.springframework.context.annotation.internalPersistenceAnnotationProcessor,flexJsonView,userParser,courseController,courseMgmtDaoImpl,courseMirrorMgmtDAOImpl,courseMgmtServiceImpl,adminController,evaluationController,ieManagerController,qualityController,studentLevelEvaluatorController,studentDAO,studentEvaluationDaoImpl,transcriptCommentDAOImpl,transcriptMgmtDAOImpl,transferCourseMgmtDAOImpl,studentSearchClient,evaluationJobServiceImpl,evaluationServiceImpl,studentService,transcriptCommentServiceImpl,transcriptServiceImpl,transferCourseServiceImpl,institutionController,accreditingBodyInstituteDaoImpl,articulationAgreementDaoImpl,institutionMgmtDaoImpl,institutionMirrorMgmtDaoImpl,institutionTermTypeDaoImpl,institutionTranscriptKeyDaoImpl,accreditingBodyInstituteServiceImpl,articulationAgreementServiceImpl,institutionServiceImpl,institutionTermTypeServiceImpl,institutionTranscriptKeyServiceImpl,institutionMessageProcessor,transcriptCreditsMessageProcessor,transferCourseMessageProcessor,jmsMessageSenderService,loginController,userController,userDAO,roleService,userService,GCUCourseLoadBatch,auditLogWriter,cvueServiceAuditDAO,campusVueServiceClient,campusVueDAO,environmentVariablesConfiguration,configurationEncryptor,propertyConfigurer,connectionString,cvueUserName,cvuePassword,authWSDLURL,registerWSDLURL,timeOutDelay,breakServiceWSDL,enrollmentServiceWSDL,crmServiceEndpoint,showHudsonBuildNumber,showProjectVersion,showSVNRevision,showBuildDate,sessionFactory,auditInterceptor,org.springframework.transaction.config.internalTransactionAspect,transactionManager,cvueDataSource,org.springframework.web.servlet.handler.SimpleMappingExceptionResolver#0,authenticationHandler,multipartResolver,restTemplate,messageFactory,webServiceTemplate,clientLoggingInterceptor,jaxb2Marshaller,teaDataSource,jmsTemplate,jmsMQConnectionFactory,org.springframework.context.annotation.ConfigurationClassPostProcessor.importAwareProcessor]; root of factory hierarchy
 2013-08-06 08:15:08,701 DEBUG [Thread-2] o.a.h.i.c.PoolingClientConnectionManager [PoolingClientConnectionManager.java:284] Connection manager is shutting down
 2013-08-06 08:15:08,701 DEBUG [Thread-2] o.a.h.i.c.PoolingClientConnectionManager [PoolingClientConnectionManager.java:290] Connection manager shut down
 2013-08-06 08:15:08,704 INFO [Thread-2] o.s.o.h.a.AnnotationSessionFactoryBean [AbstractSessionFactoryBean.java:223] Closing Hibernate SessionFactory
 2013-08-06 08:15:08,704 INFO [Thread-2] o.h.i.SessionFactoryImpl [SessionFactoryImpl.java:925] closing
