 2013-07-12 10:58:23,462 INFO [main] o.s.b.f.x.XmlBeanDefinitionReader [XmlBeanDefinitionReader.java:315] Loading XML bean definitions from class path resource [applicationContext.xml]
 2013-07-12 10:58:24,009 INFO [main] o.s.b.f.x.XmlBeanDefinitionReader [XmlBeanDefinitionReader.java:315] Loading XML bean definitions from class path resource [applicationContext-test.xml]
 2013-07-12 10:58:24,032 INFO [main] o.s.c.s.GenericApplicationContext [AbstractApplicationContext.java:510] Refreshing org.springframework.context.support.GenericApplicationContext@28787c16: startup date [Fri Jul 12 10:58:24 MST 2013]; root of context hierarchy
 2013-07-12 10:58:24,345 INFO [main] o.j.s.p.EncryptablePropertyPlaceholderConfigurer [PropertiesLoaderSupport.java:172] Loading properties file from class path resource [application.properties]
 2013-07-12 10:58:24,346 INFO [main] o.j.s.p.EncryptablePropertyPlaceholderConfigurer [PropertiesLoaderSupport.java:172] Loading properties file from URL [file:${properties.filepath}]
 2013-07-12 10:58:24,346 WARN [main] o.j.s.p.EncryptablePropertyPlaceholderConfigurer [PropertiesLoaderSupport.java:181] Could not load properties from URL [file:${properties.filepath}]: ${properties.filepath} (No such file or directory)
 2013-07-12 10:58:24,381 INFO [main] o.s.b.f.s.DefaultListableBeanFactory [DefaultListableBeanFactory.java:596] Pre-instantiating singletons in org.springframework.beans.factory.support.DefaultListableBeanFactory@77954f89: defining beans [org.springframework.context.config.internalBeanConfigurerAspect,org.springframework.context.annotation.internalConfigurationAnnotationProcessor,org.springframework.context.annotation.internalAutowiredAnnotationProcessor,org.springframework.context.annotation.internalRequiredAnnotationProcessor,org.springframework.context.annotation.internalCommonAnnotationProcessor,org.springframework.context.annotation.internalPersistenceAnnotationProcessor,flexJsonView,userParser,courseController,courseMgmtDaoImpl,courseMirrorMgmtDAOImpl,courseMgmtServiceImpl,adminController,evaluationController,ieManagerController,qualityController,studentLevelEvaluatorController,studentDAO,studentEvaluationDaoImpl,transcriptCommentDAOImpl,transcriptMgmtDAOImpl,transferCourseMgmtDAOImpl,studentSearchClient,evaluationJobServiceImpl,evaluationServiceImpl,studentService,transcriptCommentServiceImpl,transcriptServiceImpl,transferCourseServiceImpl,institutionController,accreditingBodyInstituteDaoImpl,articulationAgreementDaoImpl,institutionMgmtDaoImpl,institutionMirrorMgmtDaoImpl,institutionTermTypeDaoImpl,institutionTranscriptKeyDaoImpl,accreditingBodyInstituteServiceImpl,articulationAgreementServiceImpl,institutionServiceImpl,institutionTermTypeServiceImpl,institutionTranscriptKeyServiceImpl,institutionMessageProcessor,transferCourseMessageProcessor,jmsMessageSenderService,loginController,userController,userDAO,roleService,userService,GCUCourseLoadBatch,campusVueServiceClient,campusVueDAO,environmentVariablesConfiguration,configurationEncryptor,propertyConfigurer,connectionString,cvueUserName,cvuePassword,authWSDLURL,registerWSDLURL,timeOutDelay,breakServiceWSDL,enrollmentServiceWSDL,crmServiceEndpoint,showHudsonBuildNumber,showProjectVersion,showSVNRevision,showBuildDate,sessionFactory,auditInterceptor,org.springframework.transaction.config.internalTransactionAspect,transactionManager,dataSource,campusVueDao,org.springframework.web.servlet.handler.SimpleMappingExceptionResolver#0,authenticationHandler,multipartResolver,restTemplate,messageFactory,webServiceTemplate,clientLoggingInterceptor,jaxb2Marshaller,defaultDataSource,jmsTemplate,jmsMQConnectionFactory,org.springframework.context.annotation.ConfigurationClassPostProcessor.importAwareProcessor]; root of factory hierarchy
 2013-07-12 10:58:24,479 INFO [main] o.s.j.d.DriverManagerDataSource [DriverManagerDataSource.java:153] Loaded JDBC driver: net.sourceforge.jtds.jdbc.Driver
 2013-07-12 10:58:24,596 INFO [main] o.h.a.c.Version [Version.java:37] Hibernate Commons Annotations 3.2.0.Final
 2013-07-12 10:58:24,603 INFO [main] o.h.c.Environment [Environment.java:593] Hibernate 3.6.0.Final
 2013-07-12 10:58:24,604 INFO [main] o.h.c.Environment [Environment.java:626] hibernate.properties not found
 2013-07-12 10:58:24,607 INFO [main] o.h.c.Environment [Environment.java:804] Bytecode provider name : javassist
 2013-07-12 10:58:24,610 INFO [main] o.h.c.Environment [Environment.java:685] using JDK 1.4 java.sql.Timestamp handling
 2013-07-12 10:58:24,811 INFO [main] o.h.c.AnnotationBinder [AnnotationBinder.java:532] Binding entity from annotated class: com.ss.course.value.CourseCategoryMapping
 2013-07-12 10:58:24,835 INFO [main] o.h.c.a.EntityBinder [EntityBinder.java:519] Bind entity com.ss.course.value.CourseCategoryMapping on table ss_tbl_transfer_course_gcu_coursecategory_mapping
 2013-07-12 10:58:24,886 INFO [main] o.h.c.AnnotationBinder [AnnotationBinder.java:532] Binding entity from annotated class: com.ss.course.value.CourseMapping
 2013-07-12 10:58:24,886 INFO [main] o.h.c.a.EntityBinder [EntityBinder.java:519] Bind entity com.ss.course.value.CourseMapping on table ss_tbl_transfer_course_gcucourse_mapping
 2013-07-12 10:58:24,890 INFO [main] o.h.c.AnnotationBinder [AnnotationBinder.java:532] Binding entity from annotated class: com.ss.course.value.CourseMappingDetail
 2013-07-12 10:58:24,891 INFO [main] o.h.c.a.EntityBinder [EntityBinder.java:519] Bind entity com.ss.course.value.CourseMappingDetail on table ss_tbl_transfer_course_gcucourse_mapping_detail
 2013-07-12 10:58:24,894 INFO [main] o.h.c.AnnotationBinder [AnnotationBinder.java:532] Binding entity from annotated class: com.ss.course.value.CourseTranscript
 2013-07-12 10:58:24,895 INFO [main] o.h.c.a.EntityBinder [EntityBinder.java:519] Bind entity com.ss.course.value.CourseTranscript on table ss_tbl_transfer_course_transcript
 2013-07-12 10:58:24,896 INFO [main] o.h.c.AnnotationBinder [AnnotationBinder.java:532] Binding entity from annotated class: com.ss.course.value.GCUCourse
 2013-07-12 10:58:24,897 INFO [main] o.h.c.a.EntityBinder [EntityBinder.java:519] Bind entity com.ss.course.value.GCUCourse on table ss_tbl_gcu_course_master
 2013-07-12 10:58:24,899 INFO [main] o.h.c.AnnotationBinder [AnnotationBinder.java:532] Binding entity from annotated class: com.ss.course.value.GCUCourseCategory
 2013-07-12 10:58:24,899 INFO [main] o.h.c.a.EntityBinder [EntityBinder.java:519] Bind entity com.ss.course.value.GCUCourseCategory on table ss_tbl_gcu_course_category_master
 2013-07-12 10:58:24,900 INFO [main] o.h.c.AnnotationBinder [AnnotationBinder.java:532] Binding entity from annotated class: com.ss.course.value.GCUDegree
 2013-07-12 10:58:24,900 INFO [main] o.h.c.a.EntityBinder [EntityBinder.java:519] Bind entity com.ss.course.value.GCUDegree on table ss_tbl_gcu_degree_master
 2013-07-12 10:58:24,901 INFO [main] o.h.c.AnnotationBinder [AnnotationBinder.java:532] Binding entity from annotated class: com.ss.course.value.MilitarySubject
 2013-07-12 10:58:24,902 INFO [main] o.h.c.a.EntityBinder [EntityBinder.java:519] Bind entity com.ss.course.value.MilitarySubject on table ss_tbl_military_subject
 2013-07-12 10:58:24,904 INFO [main] o.h.c.AnnotationBinder [AnnotationBinder.java:532] Binding entity from annotated class: com.ss.course.value.TransferCourse
 2013-07-12 10:58:24,905 INFO [main] o.h.c.a.EntityBinder [EntityBinder.java:519] Bind entity com.ss.course.value.TransferCourse on table ss_tbl_transfer_course
 2013-07-12 10:58:24,914 INFO [main] o.h.c.AnnotationBinder [AnnotationBinder.java:532] Binding entity from annotated class: com.ss.course.value.TransferCourseMirror
 2013-07-12 10:58:24,914 INFO [main] o.h.c.a.EntityBinder [EntityBinder.java:519] Bind entity com.ss.course.value.TransferCourseMirror on table ss_tbl_transfer_course_mirror
 2013-07-12 10:58:24,918 INFO [main] o.h.c.AnnotationBinder [AnnotationBinder.java:532] Binding entity from annotated class: com.ss.course.value.TransferCourseTitle
 2013-07-12 10:58:24,919 INFO [main] o.h.c.a.EntityBinder [EntityBinder.java:519] Bind entity com.ss.course.value.TransferCourseTitle on table ss_tbl_transfer_course_title_assoc
 2013-07-12 10:58:24,923 INFO [main] o.h.c.AnnotationBinder [AnnotationBinder.java:532] Binding entity from annotated class: com.ss.evaluation.value.Country
 2013-07-12 10:58:24,923 INFO [main] o.h.c.a.EntityBinder [EntityBinder.java:519] Bind entity com.ss.evaluation.value.Country on table ss_tbl_country_master
 2013-07-12 10:58:24,925 INFO [main] o.h.c.AnnotationBinder [AnnotationBinder.java:532] Binding entity from annotated class: com.ss.evaluation.value.Student
 2013-07-12 10:58:24,926 INFO [main] o.h.c.a.EntityBinder [EntityBinder.java:519] Bind entity com.ss.evaluation.value.Student on table ss_tbl_student
 2013-07-12 10:58:24,930 INFO [main] o.h.c.AnnotationBinder [AnnotationBinder.java:532] Binding entity from annotated class: com.ss.evaluation.value.StudentInstitutionDegree
 2013-07-12 10:58:24,931 INFO [main] o.h.c.a.EntityBinder [EntityBinder.java:519] Bind entity com.ss.evaluation.value.StudentInstitutionDegree on table ss_tbl_student_institution_degree
 2013-07-12 10:58:24,940 INFO [main] o.h.c.AnnotationBinder [AnnotationBinder.java:532] Binding entity from annotated class: com.ss.evaluation.value.StudentInstitutionTranscript
 2013-07-12 10:58:24,940 INFO [main] o.h.c.a.EntityBinder [EntityBinder.java:519] Bind entity com.ss.evaluation.value.StudentInstitutionTranscript on table ss_tbl_student_institution_transcript
 2013-07-12 10:58:24,961 INFO [main] o.h.c.AnnotationBinder [AnnotationBinder.java:532] Binding entity from annotated class: com.ss.evaluation.value.StudentProgramEvaluation
 2013-07-12 10:58:24,961 INFO [main] o.h.c.a.EntityBinder [EntityBinder.java:519] Bind entity com.ss.evaluation.value.StudentProgramEvaluation on table ss_tbl_student_program_evaluation
 2013-07-12 10:58:24,968 INFO [main] o.h.c.AnnotationBinder [AnnotationBinder.java:532] Binding entity from annotated class: com.ss.evaluation.value.StudentTranscriptCourse
 2013-07-12 10:58:24,969 INFO [main] o.h.c.a.EntityBinder [EntityBinder.java:519] Bind entity com.ss.evaluation.value.StudentTranscriptCourse on table ss_tbl_student_transcript_course
 2013-07-12 10:58:24,979 INFO [main] o.h.c.AnnotationBinder [AnnotationBinder.java:532] Binding entity from annotated class: com.ss.evaluation.value.TranscriptComments
 2013-07-12 10:58:24,979 INFO [main] o.h.c.a.EntityBinder [EntityBinder.java:519] Bind entity com.ss.evaluation.value.TranscriptComments on table ss_tbl_transcript_comment
 2013-07-12 10:58:24,982 INFO [main] o.h.c.AnnotationBinder [AnnotationBinder.java:532] Binding entity from annotated class: com.ss.evaluation.value.TranscriptCourseSubject
 2013-07-12 10:58:24,983 INFO [main] o.h.c.a.EntityBinder [EntityBinder.java:519] Bind entity com.ss.evaluation.value.TranscriptCourseSubject on table ss_tbl_transcript_course_subject
 2013-07-12 10:58:24,986 INFO [main] o.h.c.AnnotationBinder [AnnotationBinder.java:532] Binding entity from annotated class: com.ss.evaluation.value.TransferCourseGcuCourseCategoryMapping
 2013-07-12 10:58:24,987 INFO [main] o.h.c.a.EntityBinder [EntityBinder.java:519] Bind entity com.ss.evaluation.value.TransferCourseGcuCourseCategoryMapping on table ss_tbl_transfer_course_gcu_coursecategory_mapping
 2013-07-12 10:58:24,991 INFO [main] o.h.c.AnnotationBinder [AnnotationBinder.java:532] Binding entity from annotated class: com.ss.evaluation.value.TransferCourseGcuCourseMapping
 2013-07-12 10:58:24,992 INFO [main] o.h.c.a.EntityBinder [EntityBinder.java:519] Bind entity com.ss.evaluation.value.TransferCourseGcuCourseMapping on table ss_tbl_transfer_course_gcucourse_mapping
 2013-07-12 10:58:24,996 INFO [main] o.h.c.AnnotationBinder [AnnotationBinder.java:532] Binding entity from annotated class: com.ss.institution.value.AccreditingBody
 2013-07-12 10:58:24,997 INFO [main] o.h.c.a.EntityBinder [EntityBinder.java:519] Bind entity com.ss.institution.value.AccreditingBody on table ss_tbl_accrediting_body
 2013-07-12 10:58:24,999 INFO [main] o.h.c.AnnotationBinder [AnnotationBinder.java:532] Binding entity from annotated class: com.ss.institution.value.AccreditingBodyInstitute
 2013-07-12 10:58:25,000 INFO [main] o.h.c.a.EntityBinder [EntityBinder.java:519] Bind entity com.ss.institution.value.AccreditingBodyInstitute on table ss_tbl_accreditingbody_institute_assoc
 2013-07-12 10:58:25,004 INFO [main] o.h.c.AnnotationBinder [AnnotationBinder.java:532] Binding entity from annotated class: com.ss.institution.value.ArticulationAgreement
 2013-07-12 10:58:25,005 INFO [main] o.h.c.a.EntityBinder [EntityBinder.java:519] Bind entity com.ss.institution.value.ArticulationAgreement on table ss_tbl_articulation_agreement
 2013-07-12 10:58:25,009 INFO [main] o.h.c.AnnotationBinder [AnnotationBinder.java:532] Binding entity from annotated class: com.ss.institution.value.ArticulationAgreementDetails
 2013-07-12 10:58:25,009 INFO [main] o.h.c.a.EntityBinder [EntityBinder.java:519] Bind entity com.ss.institution.value.ArticulationAgreementDetails on table ss_tbl_articulation_agreement_details
 2013-07-12 10:58:25,011 INFO [main] o.h.c.AnnotationBinder [AnnotationBinder.java:532] Binding entity from annotated class: com.ss.institution.value.GcuCourseLevel
 2013-07-12 10:58:25,012 INFO [main] o.h.c.a.EntityBinder [EntityBinder.java:519] Bind entity com.ss.institution.value.GcuCourseLevel on table ss_tbl_gcu_course_level
 2013-07-12 10:58:25,013 INFO [main] o.h.c.AnnotationBinder [AnnotationBinder.java:532] Binding entity from annotated class: com.ss.institution.value.Institution
 2013-07-12 10:58:25,014 INFO [main] o.h.c.a.EntityBinder [EntityBinder.java:519] Bind entity com.ss.institution.value.Institution on table ss_tbl_institution
 2013-07-12 10:58:25,020 INFO [main] o.h.c.AnnotationBinder [AnnotationBinder.java:532] Binding entity from annotated class: com.ss.institution.value.InstitutionAddress
 2013-07-12 10:58:25,020 INFO [main] o.h.c.a.EntityBinder [EntityBinder.java:519] Bind entity com.ss.institution.value.InstitutionAddress on table ss_tbl_institution_address
 2013-07-12 10:58:25,024 INFO [main] o.h.c.AnnotationBinder [AnnotationBinder.java:532] Binding entity from annotated class: com.ss.institution.value.InstitutionDegree
 2013-07-12 10:58:25,025 INFO [main] o.h.c.a.EntityBinder [EntityBinder.java:519] Bind entity com.ss.institution.value.InstitutionDegree on table ss_tbl_institution_degree
 2013-07-12 10:58:25,028 INFO [main] o.h.c.AnnotationBinder [AnnotationBinder.java:532] Binding entity from annotated class: com.ss.institution.value.InstitutionMirror
 2013-07-12 10:58:25,028 INFO [main] o.h.c.a.EntityBinder [EntityBinder.java:519] Bind entity com.ss.institution.value.InstitutionMirror on table ss_tbl_institution_mirror
 2013-07-12 10:58:25,031 INFO [main] o.h.c.AnnotationBinder [AnnotationBinder.java:532] Binding entity from annotated class: com.ss.institution.value.InstitutionTermType
 2013-07-12 10:58:25,032 INFO [main] o.h.c.a.EntityBinder [EntityBinder.java:519] Bind entity com.ss.institution.value.InstitutionTermType on table ss_tbl_institute_termtype_assoc
 2013-07-12 10:58:25,035 INFO [main] o.h.c.AnnotationBinder [AnnotationBinder.java:532] Binding entity from annotated class: com.ss.institution.value.InstitutionTranscript
 2013-07-12 10:58:25,036 INFO [main] o.h.c.a.EntityBinder [EntityBinder.java:519] Bind entity com.ss.institution.value.InstitutionTranscript on table ss_tbl_institution_transcript
 2013-07-12 10:58:25,038 INFO [main] o.h.c.AnnotationBinder [AnnotationBinder.java:532] Binding entity from annotated class: com.ss.institution.value.InstitutionTranscriptKey
 2013-07-12 10:58:25,038 INFO [main] o.h.c.a.EntityBinder [EntityBinder.java:519] Bind entity com.ss.institution.value.InstitutionTranscriptKey on table ss_tbl_institution_transcriptkey
 2013-07-12 10:58:25,042 INFO [main] o.h.c.AnnotationBinder [AnnotationBinder.java:532] Binding entity from annotated class: com.ss.institution.value.InstitutionTranscriptKeyDetails
 2013-07-12 10:58:25,042 INFO [main] o.h.c.a.EntityBinder [EntityBinder.java:519] Bind entity com.ss.institution.value.InstitutionTranscriptKeyDetails on table ss_tbl_institute_transcriptkey_details
 2013-07-12 10:58:25,046 INFO [main] o.h.c.AnnotationBinder [AnnotationBinder.java:532] Binding entity from annotated class: com.ss.institution.value.InstitutionTranscriptKeyGrade
 2013-07-12 10:58:25,047 INFO [main] o.h.c.a.EntityBinder [EntityBinder.java:519] Bind entity com.ss.institution.value.InstitutionTranscriptKeyGrade on table ss_tbl_institute_transcriptkey_grade
 2013-07-12 10:58:25,050 INFO [main] o.h.c.AnnotationBinder [AnnotationBinder.java:532] Binding entity from annotated class: com.ss.institution.value.InstitutionType
 2013-07-12 10:58:25,050 INFO [main] o.h.c.a.EntityBinder [EntityBinder.java:519] Bind entity com.ss.institution.value.InstitutionType on table ss_tbl_institution_type
 2013-07-12 10:58:25,052 INFO [main] o.h.c.AnnotationBinder [AnnotationBinder.java:532] Binding entity from annotated class: com.ss.institution.value.TermType
 2013-07-12 10:58:25,053 INFO [main] o.h.c.a.EntityBinder [EntityBinder.java:519] Bind entity com.ss.institution.value.TermType on table ss_tbl_termtype_master
 2013-07-12 10:58:25,055 INFO [main] o.h.c.AnnotationBinder [AnnotationBinder.java:532] Binding entity from annotated class: com.ss.institution.value.TransferCourseInstitutionTranscriptKeyGradeAssoc
 2013-07-12 10:58:25,055 INFO [main] o.h.c.a.EntityBinder [EntityBinder.java:519] Bind entity com.ss.institution.value.TransferCourseInstitutionTranscriptKeyGradeAssoc on table ss_tbl_transfercourse_institute_transcriptkey_grade_assoc
 2013-07-12 10:58:25,059 INFO [main] o.h.c.AnnotationBinder [AnnotationBinder.java:532] Binding entity from annotated class: com.ss.user.value.Role
 2013-07-12 10:58:25,060 INFO [main] o.h.c.a.EntityBinder [EntityBinder.java:519] Bind entity com.ss.user.value.Role on table ss_tbl_role_master
 2013-07-12 10:58:25,064 INFO [main] o.h.c.AnnotationBinder [AnnotationBinder.java:532] Binding entity from annotated class: com.ss.user.value.User
 2013-07-12 10:58:25,065 INFO [main] o.h.c.a.EntityBinder [EntityBinder.java:519] Bind entity com.ss.user.value.User on table ss_tbl_user
 2013-07-12 10:58:25,071 INFO [main] o.h.c.AnnotationBinder [AnnotationBinder.java:532] Binding entity from annotated class: com.ss.user.value.UserRole
 2013-07-12 10:58:25,072 INFO [main] o.h.c.a.EntityBinder [EntityBinder.java:519] Bind entity com.ss.user.value.UserRole on table ss_tbl_user_role_assoc
 2013-07-12 10:58:25,093 INFO [main] o.h.c.a.CollectionBinder [CollectionBinder.java:745] Mapping collection: com.ss.evaluation.value.StudentInstitutionTranscript.studentInstitutionDegreeSet -> ss_tbl_student_institution_degree
 2013-07-12 10:58:25,094 INFO [main] o.h.c.a.CollectionBinder [CollectionBinder.java:745] Mapping collection: com.ss.institution.value.ArticulationAgreement.articulationAgreementDetailsList -> ss_tbl_articulation_agreement_details
 2013-07-12 10:58:25,095 INFO [main] o.h.c.a.CollectionBinder [CollectionBinder.java:745] Mapping collection: com.ss.institution.value.InstitutionTranscriptKey.institutionTranscriptKeyDetailsList -> ss_tbl_institute_transcriptkey_details
 2013-07-12 10:58:25,095 INFO [main] o.h.c.a.CollectionBinder [CollectionBinder.java:745] Mapping collection: com.ss.institution.value.InstitutionTranscriptKey.institutionTranscriptKeyGradeList -> ss_tbl_institute_transcriptkey_grade
 2013-07-12 10:58:25,101 INFO [main] o.h.c.Configuration [Configuration.java:1646] Hibernate Validator not found: ignoring
 2013-07-12 10:58:25,104 INFO [main] o.s.o.h.a.AnnotationSessionFactoryBean [LocalSessionFactoryBean.java:780] Building new Hibernate SessionFactory
 2013-07-12 10:58:25,109 INFO [main] o.h.c.s.HibernateSearchEventListenerRegister [HibernateSearchEventListenerRegister.java:75] Unable to find org.hibernate.search.event.FullTextIndexEventListener on the classpath. Hibernate Search is not enabled.
 2013-07-12 10:58:25,136 INFO [main] o.h.c.ConnectionProviderFactory [ConnectionProviderFactory.java:173] Initializing connection provider: org.springframework.orm.hibernate3.LocalDataSourceConnectionProvider
 2013-07-12 10:58:25,250 INFO [main] o.h.c.SettingsFactory [SettingsFactory.java:117] Database ->
       name : Microsoft SQL Server
    version : 10.50.1720
      major : 10
      minor : 50
 2013-07-12 10:58:25,251 INFO [main] o.h.c.SettingsFactory [SettingsFactory.java:123] Driver ->
       name : jTDS Type 4 JDBC Driver for MS SQL Server and Sybase
    version : 1.2.2
      major : 1
      minor : 2
 2013-07-12 10:58:25,272 INFO [main] o.h.d.Dialect [Dialect.java:108] Using dialect: org.hibernate.dialect.SQLServerDialect
 2013-07-12 10:58:25,284 INFO [main] o.h.e.j.JdbcSupportLoader [JdbcSupportLoader.java:79] Disabling contextual LOB creation as JDBC driver reported JDBC version [3] less than 4
 2013-07-12 10:58:25,291 INFO [main] o.h.t.TransactionFactoryFactory [TransactionFactoryFactory.java:62] Transaction strategy: org.springframework.orm.hibernate3.SpringTransactionFactory
 2013-07-12 10:58:25,293 INFO [main] o.h.t.TransactionManagerLookupFactory [TransactionManagerLookupFactory.java:80] No TransactionManagerLookup configured (in JTA environment, use of read-write or transactional second-level cache is not recommended)
 2013-07-12 10:58:25,293 INFO [main] o.h.c.SettingsFactory [SettingsFactory.java:179] Automatic flush during beforeCompletion(): disabled
 2013-07-12 10:58:25,294 INFO [main] o.h.c.SettingsFactory [SettingsFactory.java:183] Automatic session close at end of transaction: disabled
 2013-07-12 10:58:25,295 INFO [main] o.h.c.SettingsFactory [SettingsFactory.java:198] Scrollable result sets: enabled
 2013-07-12 10:58:25,295 INFO [main] o.h.c.SettingsFactory [SettingsFactory.java:206] JDBC3 getGeneratedKeys(): enabled
 2013-07-12 10:58:25,296 INFO [main] o.h.c.SettingsFactory [SettingsFactory.java:214] Connection release mode: auto
 2013-07-12 10:58:25,297 INFO [main] o.h.c.SettingsFactory [SettingsFactory.java:241] Default batch fetch size: 1
 2013-07-12 10:58:25,297 INFO [main] o.h.c.SettingsFactory [SettingsFactory.java:245] Generate SQL with comments: disabled
 2013-07-12 10:58:25,298 INFO [main] o.h.c.SettingsFactory [SettingsFactory.java:249] Order SQL updates by primary key: disabled
 2013-07-12 10:58:25,298 INFO [main] o.h.c.SettingsFactory [SettingsFactory.java:253] Order SQL inserts for batching: disabled
 2013-07-12 10:58:25,298 INFO [main] o.h.c.SettingsFactory [SettingsFactory.java:431] Query translator: org.hibernate.hql.ast.ASTQueryTranslatorFactory
 2013-07-12 10:58:25,301 INFO [main] o.h.h.a.ASTQueryTranslatorFactory [ASTQueryTranslatorFactory.java:47] Using ASTQueryTranslatorFactory
 2013-07-12 10:58:25,302 INFO [main] o.h.c.SettingsFactory [SettingsFactory.java:261] Query language substitutions: {}
 2013-07-12 10:58:25,302 INFO [main] o.h.c.SettingsFactory [SettingsFactory.java:266] JPA-QL strict compliance: disabled
 2013-07-12 10:58:25,303 INFO [main] o.h.c.SettingsFactory [SettingsFactory.java:271] Second-level cache: enabled
 2013-07-12 10:58:25,303 INFO [main] o.h.c.SettingsFactory [SettingsFactory.java:275] Query cache: disabled
 2013-07-12 10:58:25,304 INFO [main] o.h.c.SettingsFactory [SettingsFactory.java:406] Cache region factory : org.hibernate.cache.impl.NoCachingRegionFactory
 2013-07-12 10:58:25,305 INFO [main] o.h.c.SettingsFactory [SettingsFactory.java:285] Optimize cache for minimal puts: disabled
 2013-07-12 10:58:25,306 INFO [main] o.h.c.SettingsFactory [SettingsFactory.java:294] Structured second-level cache entries: disabled
 2013-07-12 10:58:25,311 INFO [main] o.h.c.SettingsFactory [SettingsFactory.java:323] Statistics: disabled
 2013-07-12 10:58:25,312 INFO [main] o.h.c.SettingsFactory [SettingsFactory.java:327] Deleted entity synthetic identifier rollback: disabled
 2013-07-12 10:58:25,312 INFO [main] o.h.c.SettingsFactory [SettingsFactory.java:343] Default entity-mode: pojo
 2013-07-12 10:58:25,312 INFO [main] o.h.c.SettingsFactory [SettingsFactory.java:347] Named query checking : enabled
 2013-07-12 10:58:25,313 INFO [main] o.h.c.SettingsFactory [SettingsFactory.java:351] Check Nullability in Core (should be disabled when Bean Validation is on): enabled
 2013-07-12 10:58:25,329 INFO [main] o.h.i.SessionFactoryImpl [SessionFactoryImpl.java:200] building session factory
 2013-07-12 10:58:25,782 INFO [main] o.h.i.SessionFactoryObjectFactory [SessionFactoryObjectFactory.java:105] Not binding factory to JNDI, no JNDI name configured
 2013-07-12 10:58:26,772 INFO [main] o.s.w.s.s.SaajSoapMessageFactory [SaajSoapMessageFactory.java:135] Creating SAAJ 1.3 MessageFactory with SOAP 1.1 Protocol
 2013-07-12 10:58:26,794 INFO [main] o.s.o.j.Jaxb2Marshaller [Jaxb2Marshaller.java:365] Creating JAXBContext with classes to be bound [class com.campusmgmt.soa.foundation.messagedefinition.AddTransferCourses,class com.campusmgmt.soa.foundation.messagedefinition.AddTransferCoursesResponse,class com.campusmgmt.soa.foundation.GetAuthorizationToken,class com.campusmgmt.soa.foundation.GetAuthorizationTokenResponse,class edu.gcu.InsertInstitutionRequest,class edu.gcu.InsertInstitutionResponse]
 2013-07-12 10:58:26,995 INFO [main] o.s.j.d.DriverManagerDataSource [DriverManagerDataSource.java:153] Loaded JDBC driver: net.sourceforge.jtds.jdbc.Driver
 2013-07-12 10:58:27,032 INFO [main] o.s.o.h.HibernateTransactionManager [HibernateTransactionManager.java:416] Using DataSource [org.springframework.jdbc.datasource.DriverManagerDataSource@4aa594e1] of Hibernate SessionFactory for HibernateTransactionManager
 2013-07-12 10:58:27,192 INFO [main] o.s.t.c.t.TransactionalTestExecutionListener [TransactionalTestExecutionListener.java:279] Began transaction (1): transaction manager [org.springframework.orm.hibernate3.HibernateTransactionManager@5e2b105d]; rollback [true]
 2013-07-12 10:58:27,223 INFO [main] o.s.t.c.t.TransactionalTestExecutionListener [TransactionalTestExecutionListener.java:299] Rolled back transaction after test execution for test context [TestContext@138532dc testClass = StudentServiceTest, testInstance = com.ss.evaluation.service.StudentServiceTest@dce1387, testMethod = testGetStudentByCrmId@StudentServiceTest, testException = [null], mergedContextConfiguration = [MergedContextConfiguration@54640b25 testClass = StudentServiceTest, locations = '{classpath:applicationContext.xml, classpath:applicationContext-test.xml}', classes = '{}', contextInitializerClasses = '[]', activeProfiles = '{}', contextLoader = 'org.springframework.test.context.support.DelegatingSmartContextLoader']]
 2013-07-12 10:58:27,277 INFO [main] o.s.t.c.t.TransactionalTestExecutionListener [TransactionalTestExecutionListener.java:279] Began transaction (2): transaction manager [org.springframework.orm.hibernate3.HibernateTransactionManager@5e2b105d]; rollback [true]
 2013-07-12 10:58:27,304 INFO [main] o.s.t.c.t.TransactionalTestExecutionListener [TransactionalTestExecutionListener.java:299] Rolled back transaction after test execution for test context [TestContext@138532dc testClass = StudentServiceTest, testInstance = com.ss.evaluation.service.StudentServiceTest@4c4947d3, testMethod = testSearchStudent@StudentServiceTest, testException = [null], mergedContextConfiguration = [MergedContextConfiguration@54640b25 testClass = StudentServiceTest, locations = '{classpath:applicationContext.xml, classpath:applicationContext-test.xml}', classes = '{}', contextInitializerClasses = '[]', activeProfiles = '{}', contextLoader = 'org.springframework.test.context.support.DelegatingSmartContextLoader']]
 2013-07-12 10:58:27,360 INFO [main] o.s.t.c.t.TransactionalTestExecutionListener [TransactionalTestExecutionListener.java:279] Began transaction (3): transaction manager [org.springframework.orm.hibernate3.HibernateTransactionManager@5e2b105d]; rollback [true]
 2013-07-12 10:58:27,387 INFO [main] o.s.t.c.t.TransactionalTestExecutionListener [TransactionalTestExecutionListener.java:299] Rolled back transaction after test execution for test context [TestContext@138532dc testClass = StudentServiceTest, testInstance = com.ss.evaluation.service.StudentServiceTest@5f0a94c5, testMethod = testGetStudentProgramInformation@StudentServiceTest, testException = [null], mergedContextConfiguration = [MergedContextConfiguration@54640b25 testClass = StudentServiceTest, locations = '{classpath:applicationContext.xml, classpath:applicationContext-test.xml}', classes = '{}', contextInitializerClasses = '[]', activeProfiles = '{}', contextLoader = 'org.springframework.test.context.support.DelegatingSmartContextLoader']]
 2013-07-12 10:58:27,443 INFO [main] o.s.t.c.t.TransactionalTestExecutionListener [TransactionalTestExecutionListener.java:279] Began transaction (4): transaction manager [org.springframework.orm.hibernate3.HibernateTransactionManager@5e2b105d]; rollback [true]
 2013-07-12 10:58:27,471 INFO [main] o.s.t.c.t.TransactionalTestExecutionListener [TransactionalTestExecutionListener.java:299] Rolled back transaction after test execution for test context [TestContext@138532dc testClass = StudentServiceTest, testInstance = com.ss.evaluation.service.StudentServiceTest@540fe861, testMethod = testGetStudentById@StudentServiceTest, testException = [null], mergedContextConfiguration = [MergedContextConfiguration@54640b25 testClass = StudentServiceTest, locations = '{classpath:applicationContext.xml, classpath:applicationContext-test.xml}', classes = '{}', contextInitializerClasses = '[]', activeProfiles = '{}', contextLoader = 'org.springframework.test.context.support.DelegatingSmartContextLoader']]
 2013-07-12 10:58:27,527 INFO [main] o.s.t.c.t.TransactionalTestExecutionListener [TransactionalTestExecutionListener.java:279] Began transaction (5): transaction manager [org.springframework.orm.hibernate3.HibernateTransactionManager@5e2b105d]; rollback [true]
 2013-07-12 10:58:27,555 INFO [main] o.s.t.c.t.TransactionalTestExecutionListener [TransactionalTestExecutionListener.java:299] Rolled back transaction after test execution for test context [TestContext@138532dc testClass = StudentServiceTest, testInstance = com.ss.evaluation.service.StudentServiceTest@60616364, testMethod = testCreateStudentRecord@StudentServiceTest, testException = [null], mergedContextConfiguration = [MergedContextConfiguration@54640b25 testClass = StudentServiceTest, locations = '{classpath:applicationContext.xml, classpath:applicationContext-test.xml}', classes = '{}', contextInitializerClasses = '[]', activeProfiles = '{}', contextLoader = 'org.springframework.test.context.support.DelegatingSmartContextLoader']]
 2013-07-12 10:58:27,610 INFO [main] o.s.t.c.t.TransactionalTestExecutionListener [TransactionalTestExecutionListener.java:279] Began transaction (1): transaction manager [org.springframework.orm.hibernate3.HibernateTransactionManager@5e2b105d]; rollback [true]
 2013-07-12 10:58:27,905 INFO [main] o.s.t.c.t.TransactionalTestExecutionListener [TransactionalTestExecutionListener.java:299] Rolled back transaction after test execution for test context [TestContext@7885bf5f testClass = InstitutionMgmtDAOTest, testInstance = com.ss.institution.dao.InstitutionMgmtDAOTest@14d733ca, testMethod = testAddInstitution@InstitutionMgmtDAOTest, testException = [null], mergedContextConfiguration = [MergedContextConfiguration@3c891d76 testClass = InstitutionMgmtDAOTest, locations = '{classpath:applicationContext.xml, classpath:applicationContext-test.xml}', classes = '{}', contextInitializerClasses = '[]', activeProfiles = '{}', contextLoader = 'org.springframework.test.context.support.DelegatingSmartContextLoader']]
 2013-07-12 10:58:27,960 INFO [main] o.s.t.c.t.TransactionalTestExecutionListener [TransactionalTestExecutionListener.java:279] Began transaction (2): transaction manager [org.springframework.orm.hibernate3.HibernateTransactionManager@5e2b105d]; rollback [true]
 2013-07-12 10:58:28,140 INFO [main] o.s.t.c.t.TransactionalTestExecutionListener [TransactionalTestExecutionListener.java:299] Rolled back transaction after test execution for test context [TestContext@7885bf5f testClass = InstitutionMgmtDAOTest, testInstance = com.ss.institution.dao.InstitutionMgmtDAOTest@1e42d5a, testMethod = testAddInstitution2@InstitutionMgmtDAOTest, testException = [null], mergedContextConfiguration = [MergedContextConfiguration@3c891d76 testClass = InstitutionMgmtDAOTest, locations = '{classpath:applicationContext.xml, classpath:applicationContext-test.xml}', classes = '{}', contextInitializerClasses = '[]', activeProfiles = '{}', contextLoader = 'org.springframework.test.context.support.DelegatingSmartContextLoader']]
 2013-07-12 10:58:28,208 INFO [main] o.s.t.c.t.TransactionalTestExecutionListener [TransactionalTestExecutionListener.java:279] Began transaction (1): transaction manager [org.springframework.orm.hibernate3.HibernateTransactionManager@5e2b105d]; rollback [true]
 2013-07-12 10:58:28,313 INFO [main] o.s.t.c.t.TransactionalTestExecutionListener [TransactionalTestExecutionListener.java:299] Rolled back transaction after test execution for test context [TestContext@5334a2a3 testClass = UserDAOTest, testInstance = com.ss.user.dao.UserDAOTest@24a1a602, testMethod = testFindUserByUserName@UserDAOTest, testException = [null], mergedContextConfiguration = [MergedContextConfiguration@7099e017 testClass = UserDAOTest, locations = '{classpath:applicationContext.xml, classpath:applicationContext-test.xml}', classes = '{}', contextInitializerClasses = '[]', activeProfiles = '{}', contextLoader = 'org.springframework.test.context.support.DelegatingSmartContextLoader']]
 2013-07-12 10:58:28,368 INFO [main] o.s.t.c.t.TransactionalTestExecutionListener [TransactionalTestExecutionListener.java:279] Began transaction (2): transaction manager [org.springframework.orm.hibernate3.HibernateTransactionManager@5e2b105d]; rollback [true]
 2013-07-12 10:58:28,467 INFO [main] o.s.t.c.t.TransactionalTestExecutionListener [TransactionalTestExecutionListener.java:299] Rolled back transaction after test execution for test context [TestContext@5334a2a3 testClass = UserDAOTest, testInstance = com.ss.user.dao.UserDAOTest@1c910477, testMethod = testFindUserByUserNameCaseSensitive@UserDAOTest, testException = [null], mergedContextConfiguration = [MergedContextConfiguration@7099e017 testClass = UserDAOTest, locations = '{classpath:applicationContext.xml, classpath:applicationContext-test.xml}', classes = '{}', contextInitializerClasses = '[]', activeProfiles = '{}', contextLoader = 'org.springframework.test.context.support.DelegatingSmartContextLoader']]
 2013-07-12 10:58:28,523 INFO [main] o.s.t.c.t.TransactionalTestExecutionListener [TransactionalTestExecutionListener.java:279] Began transaction (3): transaction manager [org.springframework.orm.hibernate3.HibernateTransactionManager@5e2b105d]; rollback [true]
 2013-07-12 10:58:28,620 INFO [main] o.s.t.c.t.TransactionalTestExecutionListener [TransactionalTestExecutionListener.java:299] Rolled back transaction after test execution for test context [TestContext@5334a2a3 testClass = UserDAOTest, testInstance = com.ss.user.dao.UserDAOTest@6c80d028, testMethod = testAddUser@UserDAOTest, testException = [null], mergedContextConfiguration = [MergedContextConfiguration@7099e017 testClass = UserDAOTest, locations = '{classpath:applicationContext.xml, classpath:applicationContext-test.xml}', classes = '{}', contextInitializerClasses = '[]', activeProfiles = '{}', contextLoader = 'org.springframework.test.context.support.DelegatingSmartContextLoader']]
 2013-07-12 10:58:28,674 INFO [main] o.s.t.c.t.TransactionalTestExecutionListener [TransactionalTestExecutionListener.java:279] Began transaction (4): transaction manager [org.springframework.orm.hibernate3.HibernateTransactionManager@5e2b105d]; rollback [true]
 2013-07-12 10:58:28,807 INFO [main] o.s.t.c.t.TransactionalTestExecutionListener [TransactionalTestExecutionListener.java:299] Rolled back transaction after test execution for test context [TestContext@5334a2a3 testClass = UserDAOTest, testInstance = com.ss.user.dao.UserDAOTest@6dc63791, testMethod = testUpdateUser@UserDAOTest, testException = [null], mergedContextConfiguration = [MergedContextConfiguration@7099e017 testClass = UserDAOTest, locations = '{classpath:applicationContext.xml, classpath:applicationContext-test.xml}', classes = '{}', contextInitializerClasses = '[]', activeProfiles = '{}', contextLoader = 'org.springframework.test.context.support.DelegatingSmartContextLoader']]
 2013-07-12 10:58:28,862 INFO [main] o.s.t.c.t.TransactionalTestExecutionListener [TransactionalTestExecutionListener.java:279] Began transaction (5): transaction manager [org.springframework.orm.hibernate3.HibernateTransactionManager@5e2b105d]; rollback [true]
 2013-07-12 10:58:28,927 INFO [main] o.s.t.c.t.TransactionalTestExecutionListener [TransactionalTestExecutionListener.java:299] Rolled back transaction after test execution for test context [TestContext@5334a2a3 testClass = UserDAOTest, testInstance = com.ss.user.dao.UserDAOTest@49431028, testMethod = testFindAllRoles@UserDAOTest, testException = [null], mergedContextConfiguration = [MergedContextConfiguration@7099e017 testClass = UserDAOTest, locations = '{classpath:applicationContext.xml, classpath:applicationContext-test.xml}', classes = '{}', contextInitializerClasses = '[]', activeProfiles = '{}', contextLoader = 'org.springframework.test.context.support.DelegatingSmartContextLoader']]
 2013-07-12 10:58:28,983 INFO [main] o.s.t.c.t.TransactionalTestExecutionListener [TransactionalTestExecutionListener.java:279] Began transaction (6): transaction manager [org.springframework.orm.hibernate3.HibernateTransactionManager@5e2b105d]; rollback [true]
 2013-07-12 10:58:29,218 INFO [main] o.s.t.c.t.TransactionalTestExecutionListener [TransactionalTestExecutionListener.java:299] Rolled back transaction after test execution for test context [TestContext@5334a2a3 testClass = UserDAOTest, testInstance = com.ss.user.dao.UserDAOTest@4336a26f, testMethod = testAddUserRoleAndFindRolesByUsername@UserDAOTest, testException = [null], mergedContextConfiguration = [MergedContextConfiguration@7099e017 testClass = UserDAOTest, locations = '{classpath:applicationContext.xml, classpath:applicationContext-test.xml}', classes = '{}', contextInitializerClasses = '[]', activeProfiles = '{}', contextLoader = 'org.springframework.test.context.support.DelegatingSmartContextLoader']]
 2013-07-12 10:58:29,272 INFO [main] o.s.t.c.t.TransactionalTestExecutionListener [TransactionalTestExecutionListener.java:279] Began transaction (7): transaction manager [org.springframework.orm.hibernate3.HibernateTransactionManager@5e2b105d]; rollback [true]
 2013-07-12 10:58:29,301 INFO [main] o.s.t.c.t.TransactionalTestExecutionListener [TransactionalTestExecutionListener.java:299] Rolled back transaction after test execution for test context [TestContext@5334a2a3 testClass = UserDAOTest, testInstance = com.ss.user.dao.UserDAOTest@68dd6317, testMethod = testGetUserRoleList@UserDAOTest, testException = [null], mergedContextConfiguration = [MergedContextConfiguration@7099e017 testClass = UserDAOTest, locations = '{classpath:applicationContext.xml, classpath:applicationContext-test.xml}', classes = '{}', contextInitializerClasses = '[]', activeProfiles = '{}', contextLoader = 'org.springframework.test.context.support.DelegatingSmartContextLoader']]
 2013-07-12 10:58:29,359 INFO [main] o.s.t.c.t.TransactionalTestExecutionListener [TransactionalTestExecutionListener.java:279] Began transaction (8): transaction manager [org.springframework.orm.hibernate3.HibernateTransactionManager@5e2b105d]; rollback [true]
 2013-07-12 10:58:29,613 INFO [main] o.s.t.c.t.TransactionalTestExecutionListener [TransactionalTestExecutionListener.java:299] Rolled back transaction after test execution for test context [TestContext@5334a2a3 testClass = UserDAOTest, testInstance = com.ss.user.dao.UserDAOTest@5a24389c, testMethod = testGetRoleNameForUser@UserDAOTest, testException = [null], mergedContextConfiguration = [MergedContextConfiguration@7099e017 testClass = UserDAOTest, locations = '{classpath:applicationContext.xml, classpath:applicationContext-test.xml}', classes = '{}', contextInitializerClasses = '[]', activeProfiles = '{}', contextLoader = 'org.springframework.test.context.support.DelegatingSmartContextLoader']]
 2013-07-12 10:58:29,693 INFO [main] o.s.t.c.t.TransactionalTestExecutionListener [TransactionalTestExecutionListener.java:279] Began transaction (9): transaction manager [org.springframework.orm.hibernate3.HibernateTransactionManager@5e2b105d]; rollback [true]
 2013-07-12 10:58:29,750 INFO [main] o.s.t.c.t.TransactionalTestExecutionListener [TransactionalTestExecutionListener.java:299] Rolled back transaction after test execution for test context [TestContext@5334a2a3 testClass = UserDAOTest, testInstance = com.ss.user.dao.UserDAOTest@631803fb, testMethod = testFindRoleByRoleTitle@UserDAOTest, testException = [null], mergedContextConfiguration = [MergedContextConfiguration@7099e017 testClass = UserDAOTest, locations = '{classpath:applicationContext.xml, classpath:applicationContext-test.xml}', classes = '{}', contextInitializerClasses = '[]', activeProfiles = '{}', contextLoader = 'org.springframework.test.context.support.DelegatingSmartContextLoader']]
 2013-07-12 10:58:29,817 INFO [main] o.s.t.c.t.TransactionalTestExecutionListener [TransactionalTestExecutionListener.java:279] Began transaction (10): transaction manager [org.springframework.orm.hibernate3.HibernateTransactionManager@5e2b105d]; rollback [true]
 2013-07-12 10:58:30,136 INFO [main] o.s.t.c.t.TransactionalTestExecutionListener [TransactionalTestExecutionListener.java:299] Rolled back transaction after test execution for test context [TestContext@5334a2a3 testClass = UserDAOTest, testInstance = com.ss.user.dao.UserDAOTest@693a1324, testMethod = testUpdateUserRole@UserDAOTest, testException = [null], mergedContextConfiguration = [MergedContextConfiguration@7099e017 testClass = UserDAOTest, locations = '{classpath:applicationContext.xml, classpath:applicationContext-test.xml}', classes = '{}', contextInitializerClasses = '[]', activeProfiles = '{}', contextLoader = 'org.springframework.test.context.support.DelegatingSmartContextLoader']]
 2013-07-12 10:58:30,148 INFO [Thread-2] o.s.c.s.GenericApplicationContext [AbstractApplicationContext.java:1042] Closing org.springframework.context.support.GenericApplicationContext@28787c16: startup date [Fri Jul 12 10:58:24 MST 2013]; root of context hierarchy
 2013-07-12 10:58:30,150 INFO [Thread-2] o.s.b.f.s.DefaultListableBeanFactory [DefaultSingletonBeanRegistry.java:444] Destroying singletons in org.springframework.beans.factory.support.DefaultListableBeanFactory@77954f89: defining beans [org.springframework.context.config.internalBeanConfigurerAspect,org.springframework.context.annotation.internalConfigurationAnnotationProcessor,org.springframework.context.annotation.internalAutowiredAnnotationProcessor,org.springframework.context.annotation.internalRequiredAnnotationProcessor,org.springframework.context.annotation.internalCommonAnnotationProcessor,org.springframework.context.annotation.internalPersistenceAnnotationProcessor,flexJsonView,userParser,courseController,courseMgmtDaoImpl,courseMirrorMgmtDAOImpl,courseMgmtServiceImpl,adminController,evaluationController,ieManagerController,qualityController,studentLevelEvaluatorController,studentDAO,studentEvaluationDaoImpl,transcriptCommentDAOImpl,transcriptMgmtDAOImpl,transferCourseMgmtDAOImpl,studentSearchClient,evaluationJobServiceImpl,evaluationServiceImpl,studentService,transcriptCommentServiceImpl,transcriptServiceImpl,transferCourseServiceImpl,institutionController,accreditingBodyInstituteDaoImpl,articulationAgreementDaoImpl,institutionMgmtDaoImpl,institutionMirrorMgmtDaoImpl,institutionTermTypeDaoImpl,institutionTranscriptKeyDaoImpl,accreditingBodyInstituteServiceImpl,articulationAgreementServiceImpl,institutionServiceImpl,institutionTermTypeServiceImpl,institutionTranscriptKeyServiceImpl,institutionMessageProcessor,transferCourseMessageProcessor,jmsMessageSenderService,loginController,userController,userDAO,roleService,userService,GCUCourseLoadBatch,campusVueServiceClient,campusVueDAO,environmentVariablesConfiguration,configurationEncryptor,propertyConfigurer,connectionString,cvueUserName,cvuePassword,authWSDLURL,registerWSDLURL,timeOutDelay,breakServiceWSDL,enrollmentServiceWSDL,crmServiceEndpoint,showHudsonBuildNumber,showProjectVersion,showSVNRevision,showBuildDate,sessionFactory,auditInterceptor,org.springframework.transaction.config.internalTransactionAspect,transactionManager,dataSource,campusVueDao,org.springframework.web.servlet.handler.SimpleMappingExceptionResolver#0,authenticationHandler,multipartResolver,restTemplate,messageFactory,webServiceTemplate,clientLoggingInterceptor,jaxb2Marshaller,defaultDataSource,jmsTemplate,jmsMQConnectionFactory,org.springframework.context.annotation.ConfigurationClassPostProcessor.importAwareProcessor]; root of factory hierarchy
 2013-07-12 10:58:30,159 DEBUG [Thread-2] o.a.h.i.c.PoolingClientConnectionManager [PoolingClientConnectionManager.java:284] Connection manager is shutting down
 2013-07-12 10:58:30,159 DEBUG [Thread-2] o.a.h.i.c.PoolingClientConnectionManager [PoolingClientConnectionManager.java:290] Connection manager shut down
 2013-07-12 10:58:30,163 INFO [Thread-2] o.s.o.h.a.AnnotationSessionFactoryBean [AbstractSessionFactoryBean.java:223] Closing Hibernate SessionFactory
 2013-07-12 10:58:30,163 INFO [Thread-2] o.h.i.SessionFactoryImpl [SessionFactoryImpl.java:925] closing
